number,value,datetime_start,datetime_complete,duration,params_dropout,params_hidden_size,params_learning_rate,params_n_layers,state
0,0.2976242399317441,2026-01-17 12:39:10.605479,2026-01-17 12:39:19.446692,0 days 00:00:08.841213,0.4464704583099741,16,5.6115164153345e-05,3,COMPLETE
1,0.4641669674384729,2026-01-17 12:39:19.462571,2026-01-17 12:39:28.369642,0 days 00:00:08.907071,0.17336180394137352,32,0.00015930522616241006,3,COMPLETE
2,0.3930598553872486,2026-01-17 12:39:28.382325,2026-01-17 12:39:36.609918,0 days 00:00:08.227593,0.2465447373174767,64,4.059611610484306e-05,2,COMPLETE
3,0.553082716679525,2026-01-17 12:39:36.621179,2026-01-17 12:39:46.348071,0 days 00:00:09.726892,0.16820964947491662,128,8.168455894760161e-05,3,COMPLETE
4,0.2548646544709832,2026-01-17 12:39:46.360068,2026-01-17 12:39:55.168125,0 days 00:00:08.808057,0.27606099749584057,16,1.3492834268013232e-05,3,COMPLETE
5,0.23476308334056342,2026-01-17 12:39:55.182298,2026-01-17 12:40:03.531731,0 days 00:00:08.349433,0.3080272084711243,32,1.7541893487450798e-05,2,COMPLETE
6,0.2852403090642064,2026-01-17 12:40:03.546863,2026-01-17 12:40:11.533620,0 days 00:00:07.986757,,16,0.00012399967836846095,1,COMPLETE
7,0.35620495494332033,2026-01-17 12:40:11.545189,2026-01-17 12:40:19.381307,0 days 00:00:07.836118,,96,0.0006978281265126031,1,COMPLETE
8,0.5605544908501651,2026-01-17 12:40:19.392626,2026-01-17 12:40:27.730255,0 days 00:00:08.337629,0.4947547746402069,96,0.00045443839603360173,2,COMPLETE
9,0.2996348592780953,2026-01-17 12:40:27.741149,2026-01-17 12:40:35.927034,0 days 00:00:08.185885,,32,0.0003503398491158688,1,COMPLETE
10,0.22218455952725147,2026-01-17 12:40:35.937387,2026-01-17 12:40:44.152034,0 days 00:00:08.214647,0.36850754592708684,32,1.1014512904527948e-05,2,COMPLETE
11,0.22162256014805032,2026-01-17 12:40:44.165873,2026-01-17 12:40:52.572611,0 days 00:00:08.406738,0.3906255458091984,32,1.0708868272561698e-05,2,COMPLETE
12,0.25008110004497486,2026-01-17 12:40:52.585103,2026-01-17 12:41:00.873752,0 days 00:00:08.288649,0.37886235933603785,32,2.4463433288702815e-05,2,COMPLETE
13,0.2224204945449367,2026-01-17 12:41:00.884958,2026-01-17 12:41:09.193370,0 days 00:00:08.308412,0.38088754289219606,32,1.1141186106662803e-05,2,COMPLETE
14,0.37391352659312993,2026-01-17 12:41:09.203832,2026-01-17 12:41:17.409060,0 days 00:00:08.205228,0.37919507237109834,64,2.7538597967232048e-05,2,COMPLETE
15,0.34614637090787564,2026-01-17 12:41:17.420228,2026-01-17 12:41:25.587048,0 days 00:00:08.166820,,128,2.6605845465529855e-05,1,COMPLETE
16,0.224629789508121,2026-01-17 12:41:25.598918,2026-01-17 12:41:34.022787,0 days 00:00:08.423869,0.3392658596019897,32,1.2328062566476195e-05,2,COMPLETE
17,0.35085282395820777,2026-01-17 12:41:34.033621,2026-01-17 12:41:42.057360,0 days 00:00:08.023739,,32,0.00022270414378132143,1,COMPLETE
18,0.4214121801463246,2026-01-17 12:41:42.069891,2026-01-17 12:41:50.786666,0 days 00:00:08.716775,0.4493246691718298,32,4.984538658320679e-05,3,COMPLETE
19,0.4064534462000806,2026-01-17 12:41:50.798715,2026-01-17 12:41:59.118976,0 days 00:00:08.320261,0.22647280529813094,96,1.87874823264791e-05,2,COMPLETE
20,0.3137177242918913,2026-01-17 12:41:59.130536,2026-01-17 12:42:07.348518,0 days 00:00:08.217982,0.43480569071707414,64,1.0674654872780286e-05,2,COMPLETE
21,0.22181320958892864,2026-01-17 12:42:07.360792,2026-01-17 12:42:15.656099,0 days 00:00:08.295307,0.372404834934724,32,1.0811947030859866e-05,2,COMPLETE
22,0.23946647270736837,2026-01-17 12:42:15.667604,2026-01-17 12:42:24.014345,0 days 00:00:08.346741,0.3389793990165979,32,1.981030429206634e-05,2,COMPLETE
23,0.2792227318404532,2026-01-17 12:42:24.026634,2026-01-17 12:42:32.427463,0 days 00:00:08.400829,0.3990153414671527,32,3.534130933779718e-05,2,COMPLETE
24,0.22042753891155648,2026-01-17 12:42:32.438303,2026-01-17 12:42:40.652748,0 days 00:00:08.214445,0.3207913984386177,32,1.0054095520406994e-05,2,COMPLETE
25,0.3399892062932838,2026-01-17 12:42:40.665758,2026-01-17 12:42:49.533929,0 days 00:00:08.868171,0.29583475453644953,128,1.594632483403424e-05,2,COMPLETE
26,0.3459698850461937,2026-01-17 12:42:49.545700,2026-01-17 12:42:57.577465,0 days 00:00:08.031765,,32,8.570128976983309e-05,1,COMPLETE
27,0.3865888886673281,2026-01-17 12:42:57.588227,2026-01-17 12:43:06.373277,0 days 00:00:08.785050,0.3280789066710515,32,3.1610120186087045e-05,3,COMPLETE
28,0.24269972075929916,2026-01-17 12:43:06.385285,2026-01-17 12:43:14.762775,0 days 00:00:08.377490,0.41293968702980505,32,2.128683392739557e-05,2,COMPLETE
29,0.2928797620029314,2026-01-17 12:43:14.773787,2026-01-17 12:43:23.568739,0 days 00:00:08.794952,0.47335124934283485,16,5.26451532204125e-05,3,COMPLETE
30,0.3874569320920021,2026-01-17 12:43:23.581345,2026-01-17 12:43:31.839166,0 days 00:00:08.257821,0.2597178593275226,96,1.566012080106603e-05,2,COMPLETE
31,0.22044343564630797,2026-01-17 12:43:31.849554,2026-01-17 12:43:40.168926,0 days 00:00:08.319372,0.35718566700495674,32,1.0061898849528774e-05,2,COMPLETE
32,0.22124331214505918,2026-01-17 12:43:40.179905,2026-01-17 12:43:48.421628,0 days 00:00:08.241723,0.34981165044661144,32,1.0500436719149436e-05,2,COMPLETE
33,0.22942514182821747,2026-01-17 12:43:48.432434,2026-01-17 12:43:56.897273,0 days 00:00:08.464839,0.3286345930795012,32,1.4854697869731528e-05,2,COMPLETE
34,0.3114880967555174,2026-01-17 12:43:56.908654,2026-01-17 12:44:05.369987,0 days 00:00:08.461333,0.41515505649165857,64,1.0062779966662865e-05,2,COMPLETE
35,0.42232104364981105,2026-01-17 12:44:05.381309,2026-01-17 12:44:15.119587,0 days 00:00:09.738278,0.35639617443185645,128,1.4343211107447253e-05,3,COMPLETE
36,0.29780169526760486,2026-01-17 12:44:15.132552,2026-01-17 12:44:23.504702,0 days 00:00:08.372150,0.3097273120080341,32,4.1064867581824e-05,2,COMPLETE
37,0.46087904258162327,2026-01-17 12:44:23.516203,2026-01-17 12:44:31.600985,0 days 00:00:08.084782,0.12460261712821155,16,6.458357486192491e-05,2,COMPLETE
38,0.23716457044466074,2026-01-17 12:44:31.612868,2026-01-17 12:44:39.814983,0 days 00:00:08.202115,0.28959209696975163,32,1.8714467267577117e-05,2,COMPLETE
39,0.4778565854663139,2026-01-17 12:44:39.826525,2026-01-17 12:44:48.625776,0 days 00:00:08.799251,0.22885437505718148,32,0.00013220916822802013,3,COMPLETE
40,0.24696982355689284,2026-01-17 12:44:48.636581,2026-01-17 12:44:56.628489,0 days 00:00:07.991908,,16,1.384424272049468e-05,1,COMPLETE
41,0.22060205319450255,2026-01-17 12:44:56.639903,2026-01-17 12:45:04.917285,0 days 00:00:08.277382,0.35620425928780813,32,1.0149099624081798e-05,2,COMPLETE
42,0.2205881063897039,2026-01-17 12:45:04.929397,2026-01-17 12:45:13.397673,0 days 00:00:08.468276,0.3447023317445143,32,1.014196411577172e-05,2,COMPLETE
43,0.226128021505048,2026-01-17 12:45:13.408807,2026-01-17 12:45:21.747638,0 days 00:00:08.338831,0.3510117965121292,32,1.3121825895415107e-05,2,COMPLETE
44,0.468631000750915,2026-01-17 12:45:21.758353,2026-01-17 12:45:30.032664,0 days 00:00:08.274311,0.3152392025176218,32,0.0008524827212533644,2,COMPLETE
45,0.24398740623514859,2026-01-17 12:45:30.043814,2026-01-17 12:45:38.161805,0 days 00:00:08.117991,0.2759669061386944,32,2.1867763897668987e-05,2,COMPLETE
46,0.3938790970274506,2026-01-17 12:45:38.173994,2026-01-17 12:45:46.469013,0 days 00:00:08.295019,0.35460338630395066,96,1.6617226957124254e-05,2,COMPLETE
47,0.31151544122656843,2026-01-17 12:45:46.480078,2026-01-17 12:45:54.769546,0 days 00:00:08.289468,0.32027450155992543,64,1.0059751002814229e-05,2,COMPLETE
48,0.22534677811982035,2026-01-17 12:45:54.781448,2026-01-17 12:46:03.242076,0 days 00:00:08.460628,0.2783925840282404,32,1.2705345923293031e-05,2,COMPLETE
49,0.3334057290547015,2026-01-17 12:46:03.254996,2026-01-17 12:46:11.202933,0 days 00:00:07.947937,,32,0.00028922391550510794,1,COMPLETE
50,0.36544784111134576,2026-01-17 12:46:11.214442,2026-01-17 12:46:20.042358,0 days 00:00:08.827916,0.3551177719523986,128,2.4256761797830214e-05,2,COMPLETE
51,0.2245418907503995,2026-01-17 12:46:20.053363,2026-01-17 12:46:28.307327,0 days 00:00:08.253964,0.39800551134842216,32,1.2285023853884219e-05,2,COMPLETE
52,0.22044113002439844,2026-01-17 12:46:28.318596,2026-01-17 12:46:36.753598,0 days 00:00:08.435002,0.394140815630254,32,1.0062432527504514e-05,2,COMPLETE
53,0.2256359501900418,2026-01-17 12:46:36.764353,2026-01-17 12:46:45.086372,0 days 00:00:08.322019,0.4316109859429884,32,1.2865755167735968e-05,2,COMPLETE
54,0.23314632902397261,2026-01-17 12:46:45.097995,2026-01-17 12:46:53.405900,0 days 00:00:08.307905,0.36654816807553947,32,1.6734359762985363e-05,2,COMPLETE
55,0.2206306717174241,2026-01-17 12:46:53.416377,2026-01-17 12:47:01.634702,0 days 00:00:08.218325,0.33548663812178303,32,1.0164319728056157e-05,2,COMPLETE
56,0.22470462332657834,2026-01-17 12:47:01.645823,2026-01-17 12:47:10.021317,0 days 00:00:08.375494,0.33213758503193397,32,1.2365868799202134e-05,2,COMPLETE
57,0.23653785637801206,2026-01-17 12:47:10.032593,2026-01-17 12:47:18.297367,0 days 00:00:08.264774,0.3915093425783368,32,1.8420881867820637e-05,2,COMPLETE
58,0.4489567500118268,2026-01-17 12:47:18.309194,2026-01-17 12:47:26.603128,0 days 00:00:08.293934,0.2984932149645029,32,0.0005359053200598249,2,COMPLETE
59,0.4419230913482535,2026-01-17 12:47:26.613656,2026-01-17 12:47:34.959812,0 days 00:00:08.346156,0.4136381555699679,96,2.988369793014389e-05,2,COMPLETE
60,0.32999540509656633,2026-01-17 12:47:34.970690,2026-01-17 12:47:43.285149,0 days 00:00:08.314459,0.3688054749677434,64,1.4619106582348089e-05,2,COMPLETE
61,0.22263176229917309,2026-01-17 12:47:43.296165,2026-01-17 12:47:51.575043,0 days 00:00:08.278878,0.34640862428498675,32,1.125084668762509e-05,2,COMPLETE
62,0.22056597415856388,2026-01-17 12:47:51.586584,2026-01-17 12:47:59.790904,0 days 00:00:08.204320,0.37670400692099987,32,1.0130417187132135e-05,2,COMPLETE
63,0.22106138743040682,2026-01-17 12:47:59.802605,2026-01-17 12:48:08.107927,0 days 00:00:08.305322,0.3828340141186271,32,1.0404177662151964e-05,2,COMPLETE
64,0.22407737998449817,2026-01-17 12:48:08.120004,2026-01-17 12:48:16.312844,0 days 00:00:08.192840,0.368705755182134,32,1.2032430994042919e-05,2,COMPLETE
65,0.245963447666284,2026-01-17 12:48:16.324905,2026-01-17 12:48:24.666811,0 days 00:00:08.341906,0.3356226346171082,32,2.273242495246118e-05,2,COMPLETE
66,0.4248605338634448,2026-01-17 12:48:24.678255,2026-01-17 12:48:32.896390,0 days 00:00:08.218135,0.45042144446322596,16,1.6680500598653218e-05,2,COMPLETE
67,0.33227691091847583,2026-01-17 12:48:32.907950,2026-01-17 12:48:41.800148,0 days 00:00:08.892198,0.4048301750101476,128,1.4467153728545551e-05,2,COMPLETE
68,0.2205674314892296,2026-01-17 12:48:41.811565,2026-01-17 12:48:50.099411,0 days 00:00:08.287846,0.3832396312173463,32,1.013201788195187e-05,2,COMPLETE
69,0.3872617692800328,2026-01-17 12:48:50.109564,2026-01-17 12:48:58.477703,0 days 00:00:08.368139,0.42346952740317045,32,0.0001812986884825413,2,COMPLETE
70,0.2849593599720486,2026-01-17 12:48:58.489416,2026-01-17 12:49:06.527957,0 days 00:00:08.038541,,32,1.1658739287894778e-05,1,COMPLETE
71,0.2205202652389495,2026-01-17 12:49:06.539799,2026-01-17 12:49:14.924979,0 days 00:00:08.385180,0.3882614360598611,32,1.0105072637690565e-05,2,COMPLETE
72,0.226241927833951,2026-01-17 12:49:14.935851,2026-01-17 12:49:23.343066,0 days 00:00:08.407215,0.3800319936886011,32,1.3183741912054138e-05,2,COMPLETE
73,0.22046141229413282,2026-01-17 12:49:23.354114,2026-01-17 12:49:31.593765,0 days 00:00:08.239651,0.390449853155085,32,1.0072810078882256e-05,2,COMPLETE
74,0.2388534579335139,2026-01-17 12:49:31.604577,2026-01-17 12:49:39.955175,0 days 00:00:08.350598,0.39496179911045043,32,1.952123167447049e-05,2,COMPLETE
75,0.22354492260389594,2026-01-17 12:49:39.966039,2026-01-17 12:49:48.385100,0 days 00:00:08.419061,0.43690767606142533,32,1.17461438868329e-05,2,COMPLETE
76,0.23042249613198207,2026-01-17 12:49:48.396192,2026-01-17 12:49:56.679215,0 days 00:00:08.283023,0.38620379773498253,32,1.5360727196100173e-05,2,COMPLETE
77,0.36965617429095227,2026-01-17 12:49:56.691125,2026-01-17 12:50:05.227789,0 days 00:00:08.536664,0.4030872364108103,96,1.3472270188744893e-05,2,COMPLETE
78,0.22309877868792627,2026-01-17 12:50:05.239875,2026-01-17 12:50:13.550853,0 days 00:00:08.310978,0.4533088716390337,32,1.150462992473679e-05,2,COMPLETE
79,0.42429893811786135,2026-01-17 12:50:13.562040,2026-01-17 12:50:21.895149,0 days 00:00:08.333109,0.36052262065456386,16,1.6047847805578502e-05,2,COMPLETE
80,0.29627738014980726,2026-01-17 12:50:21.907941,2026-01-17 12:50:30.611330,0 days 00:00:08.703389,0.3759814318032305,64,1.4331850752715453e-05,3,COMPLETE
81,0.2205013380415551,2026-01-17 12:50:30.623191,2026-01-17 12:50:38.978052,0 days 00:00:08.354861,0.32239961448850546,32,1.0093698372780763e-05,2,COMPLETE
82,0.22271502903285295,2026-01-17 12:50:38.988495,2026-01-17 12:50:47.500623,0 days 00:00:08.512128,0.316826212130221,32,1.1294021860152052e-05,2,COMPLETE
83,0.22087959927692616,2026-01-17 12:50:47.512013,2026-01-17 12:50:55.888505,0 days 00:00:08.376492,0.3465350069662672,32,1.0300996341151624e-05,2,COMPLETE
84,0.22708484587129674,2026-01-17 12:50:55.900899,2026-01-17 12:51:04.253058,0 days 00:00:08.352159,0.3241145511968017,32,1.3624577153713089e-05,2,COMPLETE
85,0.2355560316605573,2026-01-17 12:51:04.265567,2026-01-17 12:51:12.561416,0 days 00:00:08.295849,0.41128387306163317,32,1.795396982597683e-05,2,COMPLETE
86,0.2235946249662608,2026-01-17 12:51:12.572388,2026-01-17 12:51:20.950593,0 days 00:00:08.378205,0.30621735685712753,32,1.1767329624390294e-05,2,COMPLETE
87,0.3055945371767037,2026-01-17 12:51:20.961688,2026-01-17 12:51:29.855687,0 days 00:00:08.893999,0.3904641682570452,128,1.1197907456265421e-05,2,COMPLETE
88,0.2205093642436242,2026-01-17 12:51:29.866443,2026-01-17 12:51:38.327020,0 days 00:00:08.460577,0.3627344469274168,32,1.009837020892535e-05,2,COMPLETE
89,0.24108779208820208,2026-01-17 12:51:38.338242,2026-01-17 12:51:46.633540,0 days 00:00:08.295298,0.42130479603221144,32,2.0551839741321652e-05,2,COMPLETE
90,0.3399423130807919,2026-01-17 12:51:46.644670,2026-01-17 12:51:55.063952,0 days 00:00:08.419282,0.17885920692355806,32,6.131249179778487e-05,2,COMPLETE
91,0.22556849054877215,2026-01-17 12:51:55.075136,2026-01-17 12:52:03.585751,0 days 00:00:08.510615,0.34322761013996045,32,1.2825250109470791e-05,2,COMPLETE
92,0.22056640410818285,2026-01-17 12:52:03.597008,2026-01-17 12:52:12.067290,0 days 00:00:08.470282,0.3609433527910797,32,1.0129505180623144e-05,2,COMPLETE
93,0.22036251842778667,2026-01-17 12:52:12.079234,2026-01-17 12:52:20.424378,0 days 00:00:08.345144,0.3637315514247869,32,1.0017784287877426e-05,2,COMPLETE
94,0.2293214526145272,2026-01-17 12:52:20.437411,2026-01-17 12:52:28.826725,0 days 00:00:08.389314,0.36250712280247466,32,1.4802137606716811e-05,2,COMPLETE
95,0.22498911523288123,2026-01-17 12:52:28.838615,2026-01-17 12:52:37.186715,0 days 00:00:08.348100,0.3743624183265065,32,1.2521818121408885e-05,2,COMPLETE
96,0.22258949969100042,2026-01-17 12:52:37.198428,2026-01-17 12:52:45.659270,0 days 00:00:08.460842,0.28932485745180336,32,1.1224636135517807e-05,2,COMPLETE
97,0.3669195768119289,2026-01-17 12:52:45.670252,2026-01-17 12:52:53.922810,0 days 00:00:08.252558,0.3590063249066712,32,9.007723460769461e-05,2,COMPLETE
98,0.3983807665587377,2026-01-17 12:52:53.934800,2026-01-17 12:53:02.300966,0 days 00:00:08.366166,0.3272311919250986,96,1.7320369639051366e-05,2,COMPLETE
99,0.22706252493981863,2026-01-17 12:53:02.311567,2026-01-17 12:53:10.697355,0 days 00:00:08.385788,0.40382005728647363,32,1.3623089345712327e-05,2,COMPLETE
100,0.22052343127766696,2026-01-17 12:53:10.708847,2026-01-17 12:53:19.037852,0 days 00:00:08.329005,0.3704055370181881,32,1.0106713369982265e-05,2,COMPLETE
101,0.22058302898718846,2026-01-17 12:53:19.049147,2026-01-17 12:53:27.407486,0 days 00:00:08.358339,0.3736191218595578,32,1.0139288436874764e-05,2,COMPLETE
102,0.2225027090413253,2026-01-17 12:53:27.418351,2026-01-17 12:53:35.575948,0 days 00:00:08.157597,0.36766680659432127,32,1.1185606909382183e-05,2,COMPLETE
103,0.22511082044743252,2026-01-17 12:53:35.587320,2026-01-17 12:53:43.974901,0 days 00:00:08.387581,0.39398524701961085,32,1.258499427423813e-05,2,COMPLETE
104,0.23057214909942833,2026-01-17 12:53:43.985657,2026-01-17 12:53:52.350081,0 days 00:00:08.364424,0.3536671890557354,32,1.5438680086857144e-05,2,COMPLETE
105,0.3145235790783257,2026-01-17 12:53:52.362212,2026-01-17 12:54:00.501472,0 days 00:00:08.139260,0.38573599750891,64,1.087280149172674e-05,2,COMPLETE
106,0.42046793549775496,2026-01-17 12:54:00.513508,2026-01-17 12:54:08.697961,0 days 00:00:08.184453,0.3391153686406577,16,1.1926018903193812e-05,2,COMPLETE
107,0.22042876442228668,2026-01-17 12:54:08.709290,2026-01-17 12:54:16.920984,0 days 00:00:08.211694,0.36399501364911213,32,1.0054389184679698e-05,2,COMPLETE
108,0.22741335144793792,2026-01-17 12:54:16.931787,2026-01-17 12:54:25.262518,0 days 00:00:08.330731,0.37539554174608714,32,1.3807322613297896e-05,2,COMPLETE
109,0.31474543802951466,2026-01-17 12:54:25.273382,2026-01-17 12:54:34.127339,0 days 00:00:08.853957,0.30471145019581286,128,0.00012159073586155747,2,COMPLETE
110,0.2247121120726419,2026-01-17 12:54:34.140178,2026-01-17 12:54:42.517601,0 days 00:00:08.377423,0.40677766616479316,32,1.2372856237188157e-05,2,COMPLETE
111,0.2218448509390989,2026-01-17 12:54:42.528457,2026-01-17 12:54:51.064202,0 days 00:00:08.535745,0.3629112341214149,32,1.0829216190717925e-05,2,COMPLETE
112,0.2205346686623145,2026-01-17 12:54:51.075523,2026-01-17 12:54:59.397344,0 days 00:00:08.321821,0.3471237468485405,32,1.011183280064804e-05,2,COMPLETE
113,0.2204050265807606,2026-01-17 12:54:59.408642,2026-01-17 12:55:07.686831,0 days 00:00:08.278189,0.33652579023030305,32,1.0040984821611385e-05,2,COMPLETE
114,0.22266699777873034,2026-01-17 12:55:07.697858,2026-01-17 12:55:15.998398,0 days 00:00:08.300540,0.3299007552580632,32,1.1269341125583962e-05,2,COMPLETE
115,0.2267919002272136,2026-01-17 12:55:16.008973,2026-01-17 12:55:24.221524,0 days 00:00:08.212551,0.3465062159029323,32,1.3474882071087226e-05,2,COMPLETE
116,0.23122610168793817,2026-01-17 12:55:24.233522,2026-01-17 12:55:32.503765,0 days 00:00:08.270243,0.31419251845047563,32,1.5765231040502074e-05,2,COMPLETE
117,0.22405962075656674,2026-01-17 12:55:32.514498,2026-01-17 12:55:40.820458,0 days 00:00:08.305960,0.32220937318400117,32,1.2020604471174802e-05,2,COMPLETE
118,0.22220751483342716,2026-01-17 12:55:40.830933,2026-01-17 12:55:49.222712,0 days 00:00:08.391779,0.3363240607344617,32,1.1021273956404301e-05,2,COMPLETE
119,0.22553815210623646,2026-01-17 12:55:49.233651,2026-01-17 12:55:57.637692,0 days 00:00:08.404041,0.35133960203455394,32,1.2808643469571666e-05,2,COMPLETE
120,0.3004374944726755,2026-01-17 12:55:57.649948,2026-01-17 12:56:05.888998,0 days 00:00:08.239050,0.2894216633954282,32,4.1838843137833525e-05,2,COMPLETE
121,0.2204962130083348,2026-01-17 12:56:05.900798,2026-01-17 12:56:14.131901,0 days 00:00:08.231103,0.386145733190645,32,1.0093005968277633e-05,2,COMPLETE
122,0.2203710691479918,2026-01-17 12:56:14.142739,2026-01-17 12:56:22.500866,0 days 00:00:08.358127,0.3880624901512573,32,1.002357420590575e-05,2,COMPLETE
123,0.2233552558036526,2026-01-17 12:56:22.512553,2026-01-17 12:56:30.951583,0 days 00:00:08.439030,0.396543872171736,32,1.1641838386931345e-05,2,COMPLETE
124,0.22038791008503406,2026-01-17 12:56:30.962780,2026-01-17 12:56:39.420154,0 days 00:00:08.457374,0.38493310504885303,32,1.0034000813811533e-05,2,COMPLETE
125,0.22889976106795576,2026-01-17 12:56:39.431217,2026-01-17 12:56:47.784613,0 days 00:00:08.353396,0.42034518037581997,32,1.4590236825733824e-05,2,COMPLETE
126,0.3596332486579722,2026-01-17 12:56:47.795626,2026-01-17 12:56:56.254254,0 days 00:00:08.458628,0.38709040894187224,96,1.2260084861743134e-05,2,COMPLETE
127,0.22226139719428403,2026-01-17 12:56:56.266786,2026-01-17 12:57:04.545321,0 days 00:00:08.278535,0.38295572125913546,32,1.105539671276041e-05,2,COMPLETE
128,0.3113611544073072,2026-01-17 12:57:04.556891,2026-01-17 12:57:12.843101,0 days 00:00:08.286210,0.4298126730921663,64,1.0035986777653405e-05,2,COMPLETE
129,0.2268162621546197,2026-01-17 12:57:12.853694,2026-01-17 12:57:21.144572,0 days 00:00:08.290878,0.40010436630067137,32,1.3489683690459956e-05,2,COMPLETE
130,0.40912443112401725,2026-01-17 12:57:21.155068,2026-01-17 12:57:29.414138,0 days 00:00:08.259070,0.38788583596845194,32,0.0003209534694765199,2,COMPLETE
131,0.2223327907422239,2026-01-17 12:57:29.426438,2026-01-17 12:57:37.878627,0 days 00:00:08.452189,0.36949322968956233,32,1.1094850318044054e-05,2,COMPLETE
132,0.22393071144415005,2026-01-17 12:57:37.889666,2026-01-17 12:57:46.239047,0 days 00:00:08.349381,0.3780802761885953,32,1.1954289199761355e-05,2,COMPLETE
133,0.22033371144289224,2026-01-17 12:57:46.250351,2026-01-17 12:57:54.630964,0 days 00:00:08.380613,0.41008856984293196,32,1.0005992303542214e-05,2,COMPLETE
134,0.4194534089324261,2026-01-17 12:57:54.644486,2026-01-17 12:58:02.969180,0 days 00:00:08.324694,0.4173315426253549,16,1.0883869492401006e-05,2,COMPLETE
135,0.225294084545002,2026-01-17 12:58:02.980510,2026-01-17 12:58:11.458870,0 days 00:00:08.478360,0.3948375590199918,32,1.2684671724437986e-05,2,COMPLETE
136,0.2286839906752746,2026-01-17 12:58:11.469393,2026-01-17 12:58:19.752891,0 days 00:00:08.283498,0.41090369416123235,32,1.4477633214574491e-05,2,COMPLETE
137,0.22045414188207943,2026-01-17 12:58:19.763898,2026-01-17 12:58:28.156626,0 days 00:00:08.392728,0.35781078728349824,32,1.0068060398886683e-05,2,COMPLETE
138,0.31139195666653213,2026-01-17 12:58:28.168119,2026-01-17 12:58:37.041796,0 days 00:00:08.873677,0.35548169635940147,128,1.1798508255748602e-05,2,COMPLETE
139,0.22662482895861003,2026-01-17 12:58:37.055451,2026-01-17 12:58:45.374437,0 days 00:00:08.318986,0.3407759119260111,32,1.3382783191456155e-05,2,COMPLETE
