number,value,datetime_start,datetime_complete,duration,params_random_seed,state
189,0.17240223751216646,2026-01-07 13:41:46.851919,2026-01-07 13:49:04.605294,0 days 00:07:17.753375,31510,COMPLETE
190,0.17569721427679783,2026-01-07 13:49:04.615936,2026-01-07 13:57:10.035145,0 days 00:08:05.419209,34861,COMPLETE
191,0.16990359614687658,2026-01-07 13:52:58.278113,2026-01-07 13:59:51.892312,0 days 00:06:53.614199,33853,COMPLETE
192,0.1703597082689377,2026-01-07 13:57:10.047703,2026-01-07 14:05:29.100476,0 days 00:08:19.052773,29116,COMPLETE
193,0.1718751697196103,2026-01-07 13:59:51.907222,2026-01-07 14:06:47.715369,0 days 00:06:55.808147,28417,COMPLETE
194,0.1748358240478049,2026-01-07 14:05:29.112394,2026-01-07 14:13:50.951869,0 days 00:08:21.839475,29472,COMPLETE
195,0.1763416727552664,2026-01-07 14:06:47.730122,2026-01-07 14:13:44.263807,0 days 00:06:56.533685,26793,COMPLETE
196,0.17533253215600308,2026-01-07 14:13:44.276612,2026-01-07 14:20:41.599427,0 days 00:06:57.322815,29796,COMPLETE
197,0.17964143366847896,2026-01-07 14:13:50.964079,2026-01-07 14:22:16.621946,0 days 00:08:25.657867,33513,COMPLETE
198,0.17379180717943912,2026-01-07 14:20:41.624008,2026-01-07 14:28:06.951232,0 days 00:07:25.327224,32620,COMPLETE
199,0.181906025762614,2026-01-07 14:22:16.661041,2026-01-07 14:31:14.644651,0 days 00:08:57.983610,36079,COMPLETE
200,0.16991111676052997,2026-01-07 14:28:06.964454,2026-01-07 14:35:42.400134,0 days 00:07:35.435680,37546,COMPLETE
201,0.1781849999570158,2026-01-07 14:31:14.657689,2026-01-07 14:40:23.338205,0 days 00:09:08.680516,31165,COMPLETE
202,0.18245083008085994,2026-01-07 14:35:42.412694,2026-01-07 14:43:21.951847,0 days 00:07:39.539153,37617,COMPLETE
203,0.18004576299167843,2026-01-07 14:40:23.355818,2026-01-07 14:49:40.188574,0 days 00:09:16.832756,38608,COMPLETE
204,0.1773018419979943,2026-01-07 14:43:21.963984,2026-01-07 14:51:03.653301,0 days 00:07:41.689317,42453,COMPLETE
205,0.1753936551646352,2026-01-07 14:49:40.203825,2026-01-07 14:58:28.838055,0 days 00:08:48.634230,76631,COMPLETE
206,0.1803770771117154,2026-01-07 14:51:03.667107,2026-01-07 14:58:24.816924,0 days 00:07:21.149817,71347,COMPLETE
207,0.17422465126066142,2026-01-07 14:58:24.828476,2026-01-07 15:05:24.159533,0 days 00:06:59.331057,65614,COMPLETE
208,0.17023517883442477,2026-01-07 14:58:28.851453,2026-01-07 15:06:50.785434,0 days 00:08:21.933981,96137,COMPLETE
209,0.17025831724024948,2026-01-07 15:05:24.171803,2026-01-07 15:12:19.273877,0 days 00:06:55.102074,96754,COMPLETE
210,0.1768119116074609,2026-01-07 15:06:50.802183,2026-01-07 15:15:10.120213,0 days 00:08:19.318030,97064,COMPLETE
211,0.1790250769906292,2026-01-07 15:12:19.284465,2026-01-07 15:19:18.177969,0 days 00:06:58.893504,96526,COMPLETE
212,0.17983886525419582,2026-01-07 15:15:10.135011,2026-01-07 15:23:37.359783,0 days 00:08:27.224772,96236,COMPLETE
213,0.17305691995676267,2026-01-07 15:19:18.191647,2026-01-07 15:26:22.539647,0 days 00:07:04.348000,98233,COMPLETE
214,0.17824625745839365,2026-01-07 15:23:37.370537,2026-01-07 15:31:59.273693,0 days 00:08:21.903156,98914,COMPLETE
215,0.17983151096882286,2026-01-07 15:26:22.552738,2026-01-07 15:33:22.732287,0 days 00:07:00.179549,99769,COMPLETE
216,0.17241176650106807,2026-01-07 15:31:59.287556,2026-01-07 15:40:28.289388,0 days 00:08:29.001832,93087,COMPLETE
217,0.17475425645703266,2026-01-07 15:33:22.744118,2026-01-07 15:40:30.186368,0 days 00:07:07.442250,93234,COMPLETE
218,0.17841940533455503,2026-01-07 15:40:28.300080,2026-01-07 15:49:04.810747,0 days 00:08:36.510667,35180,COMPLETE
219,0.17514322114936295,2026-01-07 15:40:30.198527,2026-01-07 15:47:44.133621,0 days 00:07:13.935094,34697,COMPLETE
220,0.1765598616697585,2026-01-07 15:47:44.144746,2026-01-07 15:54:59.845930,0 days 00:07:15.701184,95499,COMPLETE
221,0.17651215273169377,2026-01-07 15:49:04.822842,2026-01-07 15:57:57.218673,0 days 00:08:52.395831,95473,COMPLETE
222,0.17748236929151645,2026-01-07 15:54:59.857279,2026-01-07 16:03:07.253549,0 days 00:08:07.396270,50965,COMPLETE
223,0.17527714730575136,2026-01-07 15:57:57.232241,2026-01-07 16:07:58.986827,0 days 00:10:01.754586,32069,COMPLETE
224,0.16926321986227008,2026-01-07 16:03:07.264264,2026-01-07 16:11:32.266470,0 days 00:08:25.002206,26536,COMPLETE
225,0.17908982092400336,2026-01-07 16:07:59.001111,2026-01-07 16:17:57.253238,0 days 00:09:58.252127,27011,COMPLETE
226,0.1752635929921342,2026-01-07 16:11:32.277261,2026-01-07 16:19:52.755861,0 days 00:08:20.478600,27081,COMPLETE
227,0.17447069356232395,2026-01-07 16:17:57.266000,2026-01-07 16:27:37.877405,0 days 00:09:40.611405,25138,COMPLETE
228,,2026-01-07 16:19:52.774541,,,30753,RUNNING
229,0.16781719905086984,2026-01-07 16:25:50.407228,2026-01-07 16:33:26.172919,0 days 00:07:35.765691,29695,COMPLETE
230,0.17890804385567494,2026-01-07 16:27:37.889154,2026-01-07 16:36:56.772196,0 days 00:09:18.883042,97614,COMPLETE
231,0.1755142159180445,2026-01-07 16:33:26.188519,2026-01-07 16:41:02.827390,0 days 00:07:36.638871,30711,COMPLETE
232,0.17973736532951637,2026-01-07 16:36:56.784231,2026-01-07 16:46:12.870397,0 days 00:09:16.086166,29612,COMPLETE
233,0.17959072458198705,2026-01-07 16:41:02.840302,2026-01-07 16:48:41.864988,0 days 00:07:39.024686,28363,COMPLETE
234,0.16707606247314932,2026-01-07 16:46:12.883189,2026-01-07 16:55:36.567564,0 days 00:09:23.684375,28657,COMPLETE
235,0.179580144801706,2026-01-07 16:48:41.877871,2026-01-07 16:56:19.056277,0 days 00:07:37.178406,32899,COMPLETE
236,0.19307415598519023,2026-01-07 16:55:36.580134,2026-01-07 17:04:21.152628,0 days 00:08:44.572494,31979,COMPLETE
237,0.1752735766891712,2026-01-07 16:56:19.071490,2026-01-07 17:03:29.975533,0 days 00:07:10.904043,24624,COMPLETE
238,0.18439887160064036,2026-01-07 17:03:29.988602,2026-01-07 17:10:42.422184,0 days 00:07:12.433582,31141,COMPLETE
239,0.1721128609241469,2026-01-07 17:04:21.165223,2026-01-07 17:13:06.873701,0 days 00:08:45.708478,27556,COMPLETE
240,0.16756260376931792,2026-01-07 17:10:42.434816,2026-01-07 17:17:55.443515,0 days 00:07:13.008699,22685,COMPLETE
241,0.17907048376987997,2026-01-07 17:13:06.885023,2026-01-07 17:21:52.770562,0 days 00:08:45.885539,25602,COMPLETE
242,0.18126532711613177,2026-01-07 17:17:55.464321,2026-01-07 17:25:10.857136,0 days 00:07:15.392815,23952,COMPLETE
243,0.18061398550458732,2026-01-07 17:21:52.783514,2026-01-07 17:30:37.499226,0 days 00:08:44.715712,24028,COMPLETE
244,0.18306278866956854,2026-01-07 17:25:10.872438,2026-01-07 17:32:27.199041,0 days 00:07:16.326603,29118,COMPLETE
245,0.1755866345210928,2026-01-07 17:30:37.511297,2026-01-07 17:39:24.987223,0 days 00:08:47.475926,29016,COMPLETE
246,0.1896012642853711,2026-01-07 17:32:27.211948,2026-01-07 17:39:45.588871,0 days 00:07:18.376923,99945,COMPLETE
247,0.18574592399056794,2026-01-07 17:39:24.999914,2026-01-07 17:48:13.210165,0 days 00:08:48.210251,22059,COMPLETE
248,0.17168654815189222,2026-01-07 17:39:45.601212,2026-01-07 17:47:05.703731,0 days 00:07:20.102519,95185,COMPLETE
249,0.1712808969418996,2026-01-07 17:47:05.718543,2026-01-07 17:54:27.584831,0 days 00:07:21.866288,21207,COMPLETE
250,0.17819695246979192,2026-01-07 17:48:13.221542,2026-01-07 17:57:01.596724,0 days 00:08:48.375182,97789,COMPLETE
251,0.18010789023395266,2026-01-07 17:54:27.596862,2026-01-07 18:01:48.194601,0 days 00:07:20.597739,96335,COMPLETE
252,0.1814874292533079,2026-01-07 17:57:01.608982,2026-01-07 18:05:52.067839,0 days 00:08:50.458857,27315,COMPLETE
253,0.1769693896482146,2026-01-07 18:01:48.206422,2026-01-07 18:09:12.583989,0 days 00:07:24.377567,26554,COMPLETE
254,0.18537297465112249,2026-01-07 18:05:52.081139,2026-01-07 18:14:43.353275,0 days 00:08:51.272136,31048,COMPLETE
255,0.17186188970991423,2026-01-07 18:09:12.597424,2026-01-07 18:16:34.090588,0 days 00:07:21.493164,48190,COMPLETE
256,0.1853513175938439,2026-01-07 18:14:43.365530,2026-01-07 18:23:25.324176,0 days 00:08:41.958646,33335,COMPLETE
257,0.17165947925377073,2026-01-07 18:16:34.103241,2026-01-07 18:23:48.503479,0 days 00:07:14.400238,91707,COMPLETE
258,0.17589603594738737,2026-01-07 18:23:25.336963,2026-01-07 18:32:33.058393,0 days 00:09:07.721430,91670,COMPLETE
259,0.17314679472569242,2026-01-07 18:23:48.518776,2026-01-07 18:31:26.814739,0 days 00:07:38.295963,57095,COMPLETE
260,0.18285283288077023,2026-01-07 18:31:26.826830,2026-01-07 18:39:20.770555,0 days 00:07:53.943725,44016,COMPLETE
261,0.17796769001403784,2026-01-07 18:32:33.071471,2026-01-07 18:42:02.639319,0 days 00:09:29.567848,17551,COMPLETE
262,0.1723192662116305,2026-01-07 18:39:20.784780,2026-01-07 18:47:18.438689,0 days 00:07:57.653909,98499,COMPLETE
263,0.17896173963909337,2026-01-07 18:42:02.650673,2026-01-07 18:51:19.871256,0 days 00:09:17.220583,98094,COMPLETE
264,0.1780252648665216,2026-01-07 18:47:18.449868,2026-01-07 18:54:55.776431,0 days 00:07:37.326563,94439,COMPLETE
265,0.17827159391513722,2026-01-07 18:51:19.885468,2026-01-07 19:00:28.206665,0 days 00:09:08.321197,94292,COMPLETE
266,0.18208693057017034,2026-01-07 18:54:55.788619,2026-01-07 19:02:28.759033,0 days 00:07:32.970414,36042,COMPLETE
267,0.17520290953260792,2026-01-07 19:00:28.218845,2026-01-07 19:09:39.408514,0 days 00:09:11.189669,36280,COMPLETE
268,0.17017703733394565,2026-01-07 19:02:28.776484,2026-01-07 19:10:11.812657,0 days 00:07:43.036173,29760,COMPLETE
269,0.1749393843263918,2026-01-07 19:09:39.422130,2026-01-07 19:19:13.134750,0 days 00:09:33.712620,29693,COMPLETE
270,0.17830728936108034,2026-01-07 19:10:11.825077,2026-01-07 19:18:12.601984,0 days 00:08:00.776907,30178,COMPLETE
271,0.17920150376167854,2026-01-07 19:18:12.614966,2026-01-07 19:26:32.752189,0 days 00:08:20.137223,33673,COMPLETE
272,0.1694156089993783,2026-01-07 19:19:13.146876,2026-01-07 19:29:00.187952,0 days 00:09:47.041076,33754,COMPLETE
273,0.17931901341364076,2026-01-07 19:26:32.764953,2026-01-07 19:34:49.093986,0 days 00:08:16.329033,41062,COMPLETE
274,0.17985420425949367,2026-01-07 19:29:00.199455,2026-01-07 19:38:39.725490,0 days 00:09:39.526035,34276,COMPLETE
275,0.16741160997133456,2026-01-07 19:34:49.107028,2026-01-07 19:42:43.245507,0 days 00:07:54.138479,25756,COMPLETE
276,0.17469158349355926,2026-01-07 19:38:39.736292,2026-01-07 19:48:10.997291,0 days 00:09:31.260999,32014,COMPLETE
277,0.17443807588376048,2026-01-07 19:42:43.260326,2026-01-07 19:50:42.785700,0 days 00:07:59.525374,22506,COMPLETE
278,0.17478841410851376,2026-01-07 19:48:11.011064,2026-01-07 19:57:43.504610,0 days 00:09:32.493546,22527,COMPLETE
279,0.17175154072647433,2026-01-07 19:50:42.800223,2026-01-07 19:58:50.043876,0 days 00:08:07.243653,26410,COMPLETE
280,0.1825033903137653,2026-01-07 19:57:43.515553,2026-01-07 20:06:43.979378,0 days 00:09:00.463825,26427,COMPLETE
281,0.1685454788031223,2026-01-07 19:58:50.058273,2026-01-07 20:06:19.909104,0 days 00:07:29.850831,28383,COMPLETE
282,0.17606072458665611,2026-01-07 20:06:19.924586,2026-01-07 20:13:36.922190,0 days 00:07:16.997604,25830,COMPLETE
283,0.1803439062694515,2026-01-07 20:06:43.993044,2026-01-07 20:15:26.820244,0 days 00:08:42.827200,30425,COMPLETE
284,0.18109769831813835,2026-01-07 20:13:36.935741,2026-01-07 20:20:56.514534,0 days 00:07:19.578793,53287,COMPLETE
285,0.17046028654411882,2026-01-07 20:15:26.832766,2026-01-07 20:24:23.811926,0 days 00:08:56.979160,54090,COMPLETE
286,0.17631532673929318,2026-01-07 20:20:56.526666,2026-01-07 20:28:42.846269,0 days 00:07:46.319603,28457,COMPLETE
287,0.1777653709854899,2026-01-07 20:24:23.824651,2026-01-07 20:33:43.415101,0 days 00:09:19.590450,28176,COMPLETE
288,0.16990525067077786,2026-01-07 20:28:43.213261,2026-01-07 20:36:43.732238,0 days 00:08:00.518977,32828,COMPLETE
289,0.1740797216196155,2026-01-07 20:33:43.425194,2026-01-07 20:42:52.527254,0 days 00:09:09.102060,31783,COMPLETE
290,0.17621886112411322,2026-01-07 20:36:43.744974,2026-01-07 20:44:14.729664,0 days 00:07:30.984690,33010,COMPLETE
291,0.17291524948410172,2026-01-07 20:42:52.541221,2026-01-07 20:51:42.683593,0 days 00:08:50.142372,33625,COMPLETE
292,0.1797657343038493,2026-01-07 20:44:14.741337,2026-01-07 20:51:39.474870,0 days 00:07:24.733533,30196,COMPLETE
293,0.1787337441432403,2026-01-07 20:51:39.485688,2026-01-07 20:59:06.175291,0 days 00:07:26.689603,24576,COMPLETE
294,0.1738891254979646,2026-01-07 20:51:42.696743,2026-01-07 21:00:37.495705,0 days 00:08:54.798962,25241,COMPLETE
295,0.17332652976287705,2026-01-07 20:59:06.188202,2026-01-07 21:06:35.288830,0 days 00:07:29.100628,83845,COMPLETE
296,0.1707343347950708,2026-01-07 21:00:37.506623,2026-01-07 21:09:38.225664,0 days 00:09:00.719041,28422,COMPLETE
297,0.18084670695319827,2026-01-07 21:06:35.301012,2026-01-07 21:14:06.492427,0 days 00:07:31.191415,28067,COMPLETE
298,0.1710486333069496,2026-01-07 21:09:38.236277,2026-01-07 21:18:35.769482,0 days 00:08:57.533205,31065,COMPLETE
299,0.18038082988611848,2026-01-07 21:14:06.508445,2026-01-07 21:21:42.251305,0 days 00:07:35.742860,31267,COMPLETE
300,0.18782667876884118,2026-01-07 21:18:35.780850,2026-01-07 21:27:33.208113,0 days 00:08:57.427263,34313,COMPLETE
301,0.17788215300004953,2026-01-07 21:21:42.264456,2026-01-07 21:29:17.829700,0 days 00:07:35.565244,35028,COMPLETE
302,0.17538946878467643,2026-01-07 21:27:33.219539,2026-01-07 21:36:37.732910,0 days 00:09:04.513371,62920,COMPLETE
303,0.17046083773545398,2026-01-07 21:29:17.841126,2026-01-07 21:36:53.264532,0 days 00:07:35.423406,32691,COMPLETE
304,0.18195442905468392,2026-01-07 21:36:37.743918,2026-01-07 21:45:39.835746,0 days 00:09:02.091828,38429,COMPLETE
305,0.1787611109440818,2026-01-07 21:36:53.280118,2026-01-07 21:44:29.322253,0 days 00:07:36.042135,48037,COMPLETE
306,0.173648954695882,2026-01-07 21:44:29.340529,2026-01-07 21:52:12.233348,0 days 00:07:42.892819,37359,COMPLETE
307,0.18383771196590126,2026-01-07 21:45:39.846313,2026-01-07 21:55:16.511744,0 days 00:09:36.665431,20216,COMPLETE
308,,2026-01-07 21:52:12.247619,,,20604,RUNNING
309,0.17998829212120773,2026-01-07 21:55:16.522952,2026-01-07 22:05:32.951251,0 days 00:10:16.428299,79902,COMPLETE
310,0.186384391255485,2026-01-07 21:55:21.197983,2026-01-07 22:03:46.967018,0 days 00:08:25.769035,50432,COMPLETE
311,0.17731925243613395,2026-01-07 22:03:46.982274,2026-01-07 22:12:18.197902,0 days 00:08:31.215628,23515,COMPLETE
312,0.1819907362855751,2026-01-07 22:05:32.962254,2026-01-07 22:16:01.148883,0 days 00:10:28.186629,29247,COMPLETE
313,0.17010731957666356,2026-01-07 22:12:18.210632,2026-01-07 22:21:03.869781,0 days 00:08:45.659149,59457,COMPLETE
314,,2026-01-07 22:16:01.162129,2026-01-07 22:16:56.906093,0 days 00:00:55.743964,28354,FAIL
315,0.17059312840500232,2026-01-07 22:21:03.884789,2026-01-07 22:29:25.069251,0 days 00:08:21.184462,69259,COMPLETE
316,,2026-01-07 22:29:25.081900,,,59278,RUNNING
317,0.17640598445361813,2026-01-07 22:40:31.731562,2026-01-07 22:49:18.674227,0 days 00:08:46.942665,61147,COMPLETE
