number,value,datetime_start,datetime_complete,duration,params_learning_rate,state
0,0.23388277871792743,2025-12-24 15:13:56.877916,2025-12-24 15:14:31.432455,0 days 00:00:34.554539,5.6115164153345e-05,COMPLETE
1,0.16994590131682266,2025-12-24 15:14:31.446888,2025-12-24 15:15:05.642750,0 days 00:00:34.195862,0.0007969454818643932,COMPLETE
2,0.3272593457906814,2025-12-24 15:15:05.655247,2025-12-24 15:15:39.834251,0 days 00:00:34.179004,0.000291063591313307,COMPLETE
3,0.2779746834540294,2025-12-24 15:15:39.846948,2025-12-24 15:16:14.072617,0 days 00:00:34.225669,0.00015751320499779721,COMPLETE
4,0.1864233875301348,2025-12-24 15:16:14.084561,2025-12-24 15:16:48.180281,0 days 00:00:34.095720,2.0513382630874486e-05,COMPLETE
5,0.18641810684240145,2025-12-24 15:16:48.192448,2025-12-24 15:17:22.385250,0 days 00:00:34.192802,2.0511104188433963e-05,COMPLETE
6,0.18062539450442688,2025-12-24 15:17:22.396189,2025-12-24 15:17:56.582787,0 days 00:00:34.186598,1.3066739238053272e-05,COMPLETE
7,0.21448147649036692,2025-12-24 15:17:56.594217,2025-12-24 15:18:30.638207,0 days 00:00:34.043990,0.0005399484409787432,COMPLETE
8,0.27781437285179406,2025-12-24 15:18:30.653934,2025-12-24 15:19:04.822857,0 days 00:00:34.168923,0.00015930522616241006,COMPLETE
9,0.3247836603932764,2025-12-24 15:19:04.833516,2025-12-24 15:19:38.843971,0 days 00:00:34.010455,0.0002607024758370766,COMPLETE
10,0.181905316550428,2025-12-24 15:19:38.857174,2025-12-24 15:20:12.916979,0 days 00:00:34.059805,0.0009098916702684729,COMPLETE
11,0.1792353042165352,2025-12-24 15:20:12.931290,2025-12-24 15:20:47.025233,0 days 00:00:34.093943,1.0153320501058912e-05,COMPLETE
12,0.20298140385029978,2025-12-24 15:20:47.037915,2025-12-24 15:21:21.295157,0 days 00:00:34.257242,4.34488308830119e-05,COMPLETE
13,0.23944052900997198,2025-12-24 15:21:21.307279,2025-12-24 15:21:55.449877,0 days 00:00:34.142598,6.192953404924243e-05,COMPLETE
14,0.172499781569306,2025-12-24 15:21:55.461129,2025-12-24 15:22:29.635083,0 days 00:00:34.173954,0.0009284987809651233,COMPLETE
15,0.1737916408419913,2025-12-24 15:22:29.646696,2025-12-24 15:23:03.943164,0 days 00:00:34.296468,0.0007478848028660182,COMPLETE
16,0.2451926031049046,2025-12-24 15:23:03.954972,2025-12-24 15:23:38.449895,0 days 00:00:34.494923,0.0004310819687632001,COMPLETE
17,0.1830583717015483,2025-12-24 15:23:38.461081,2025-12-24 15:24:12.937768,0 days 00:00:34.476687,0.0009149860602006152,COMPLETE
18,0.2701062639779783,2025-12-24 15:24:12.949541,2025-12-24 15:24:47.157381,0 days 00:00:34.207840,0.000405309371186227,COMPLETE
19,0.2953853436001736,2025-12-24 15:24:47.169299,2025-12-24 15:25:21.493967,0 days 00:00:34.324668,0.0001268908193314921,COMPLETE
20,0.33426666913613523,2025-12-24 15:25:21.504917,2025-12-24 15:25:55.694970,0 days 00:00:34.190053,0.0002733762389478881,COMPLETE
21,0.20861593003857892,2025-12-24 15:25:55.706414,2025-12-24 15:26:29.787441,0 days 00:00:34.081027,0.0006860138735953195,COMPLETE
22,0.20402974790474893,2025-12-24 15:26:29.800058,2025-12-24 15:27:04.001385,0 days 00:00:34.201327,0.0006499325856238946,COMPLETE
23,0.1834811089173093,2025-12-24 15:27:04.016441,2025-12-24 15:27:38.299323,0 days 00:00:34.282882,0.0009810600324593618,COMPLETE
24,0.26798856924779096,2025-12-24 15:27:38.310044,2025-12-24 15:28:12.598392,0 days 00:00:34.288348,0.0004075107145701402,COMPLETE
25,0.21401396745145634,2025-12-24 15:28:12.609426,2025-12-24 15:28:47.021623,0 days 00:00:34.412197,0.0005941769546204537,COMPLETE
26,0.3138317963513295,2025-12-24 15:28:47.032848,2025-12-24 15:29:21.312154,0 days 00:00:34.279306,0.000232441419848307,COMPLETE
27,0.17483666449643037,2025-12-24 15:29:21.328301,2025-12-24 15:29:55.639279,0 days 00:00:34.310978,0.0007336042855424055,COMPLETE
28,0.24070519875590787,2025-12-24 15:29:55.650659,2025-12-24 15:30:29.987585,0 days 00:00:34.336926,0.0004414973500475089,COMPLETE
29,0.2362222008906502,2025-12-24 15:30:30.000021,2025-12-24 15:31:04.804388,0 days 00:00:34.804367,6.403823524497558e-05,COMPLETE
30,0.30628228768069315,2025-12-24 15:31:04.816245,2025-12-24 15:31:39.242859,0 days 00:00:34.426614,0.00033061197476646305,COMPLETE
31,0.17423579969020225,2025-12-24 15:31:39.254859,2025-12-24 15:32:13.872729,0 days 00:00:34.617870,0.0007317312174589067,COMPLETE
32,0.18811917385239188,2025-12-24 15:32:13.886137,2025-12-24 15:32:48.463947,0 days 00:00:34.577810,0.0009882851133072713,COMPLETE
33,0.2240223861515037,2025-12-24 15:32:48.476565,2025-12-24 15:33:22.770444,0 days 00:00:34.293879,0.0005229819203499793,COMPLETE
34,0.17297616982553918,2025-12-24 15:33:22.782936,2025-12-24 15:33:57.374269,0 days 00:00:34.591333,0.0007203442711169716,COMPLETE
35,0.28183432042996553,2025-12-24 15:33:57.386281,2025-12-24 15:34:32.091393,0 days 00:00:34.705112,0.00018588167143342637,COMPLETE
36,0.282528963004338,2025-12-24 15:34:32.102446,2025-12-24 15:35:06.724804,0 days 00:00:34.622358,0.00034983170563822173,COMPLETE
37,0.2663126399438422,2025-12-24 15:35:06.737079,2025-12-24 15:35:41.391898,0 days 00:00:34.654819,9.920562866268202e-05,COMPLETE
38,0.21890998589408908,2025-12-24 15:35:41.404701,2025-12-24 15:36:15.628889,0 days 00:00:34.224188,0.0005368582822384494,COMPLETE
39,0.1745372330947275,2025-12-24 15:36:15.642858,2025-12-24 15:36:50.135073,0 days 00:00:34.492215,0.0007220497208826457,COMPLETE
40,0.1765768542504622,2025-12-24 15:36:50.145919,2025-12-24 15:37:24.480932,0 days 00:00:34.335013,0.0007842793039421787,COMPLETE
41,0.21388431018038673,2025-12-24 15:37:24.496320,2025-12-24 15:37:59.489144,0 days 00:00:34.992824,0.0005494629264993716,COMPLETE
42,0.17458184480413994,2025-12-24 15:37:59.501931,2025-12-24 15:38:34.234163,0 days 00:00:34.732232,0.0008202903055774327,COMPLETE
43,0.1930505171285029,2025-12-24 15:38:34.249163,2025-12-24 15:39:08.989438,0 days 00:00:34.740275,3.0416543930766183e-05,COMPLETE
44,0.22339725450393566,2025-12-24 15:39:09.001305,2025-12-24 15:39:43.613636,0 days 00:00:34.612331,0.00048748381747391645,COMPLETE
45,0.20385935493320848,2025-12-24 15:39:43.625541,2025-12-24 15:40:18.942666,0 days 00:00:35.317125,0.0006297914344373719,COMPLETE
46,0.17584268274866466,2025-12-24 15:40:18.955117,2025-12-24 15:40:54.391647,0 days 00:00:35.436530,0.0007909330735638385,COMPLETE
47,0.29094644949997034,2025-12-24 15:40:54.403962,2025-12-24 15:41:29.273625,0 days 00:00:34.869663,0.00033648813505544417,COMPLETE
48,0.28363768761536895,2025-12-24 15:41:29.285279,2025-12-24 15:42:04.106568,0 days 00:00:34.821289,0.00021478361397234656,COMPLETE
49,0.18057320852896022,2025-12-24 15:42:04.118476,2025-12-24 15:42:38.860072,0 days 00:00:34.741596,0.0009899229185425823,COMPLETE
50,0.19963190522224705,2025-12-24 15:42:38.871640,2025-12-24 15:43:13.736062,0 days 00:00:34.864422,0.0006281901464620313,COMPLETE
51,0.1741009618924127,2025-12-24 15:43:13.747771,2025-12-24 15:43:48.635278,0 days 00:00:34.887507,0.000767660981449428,COMPLETE
52,0.17145944013211986,2025-12-24 15:43:48.652820,2025-12-24 15:44:23.024864,0 days 00:00:34.372044,0.0008520011315065107,COMPLETE
53,0.17301199660439684,2025-12-24 15:44:23.038536,2025-12-24 15:44:57.294064,0 days 00:00:34.255528,0.0008408263492082076,COMPLETE
54,0.16621947298689707,2025-12-24 15:44:57.304472,2025-12-24 15:45:31.577111,0 days 00:00:34.272639,0.0008580328143002166,COMPLETE
55,0.1749568836405228,2025-12-24 15:45:31.597403,2025-12-24 15:46:06.400787,0 days 00:00:34.803384,0.0008869417891821577,COMPLETE
56,0.2229689743967055,2025-12-24 15:46:06.412809,2025-12-24 15:46:41.286665,0 days 00:00:34.873856,0.0004894057592170788,COMPLETE
57,0.18345198339533766,2025-12-24 15:46:41.299608,2025-12-24 15:47:16.098157,0 days 00:00:34.798549,1.693701450586084e-05,COMPLETE
58,0.22699952938640314,2025-12-24 15:47:16.109718,2025-12-24 15:47:50.580250,0 days 00:00:34.470532,0.00060719437962904,COMPLETE
59,0.2655633313757963,2025-12-24 15:47:50.591574,2025-12-24 15:48:24.891380,0 days 00:00:34.299806,0.000391248492367133,COMPLETE
60,0.16941126352531433,2025-12-24 15:48:24.903374,2025-12-24 15:48:59.289786,0 days 00:00:34.386412,0.0008709405769352266,COMPLETE
61,0.1792996247907222,2025-12-24 15:48:59.301503,2025-12-24 15:49:33.734038,0 days 00:00:34.432535,0.0008626917219068315,COMPLETE
62,0.18638415609268472,2025-12-24 15:49:33.745859,2025-12-24 15:50:08.155077,0 days 00:00:34.409218,0.0009979336748784755,COMPLETE
63,0.20100877637400258,2025-12-24 15:50:08.167328,2025-12-24 15:50:42.634954,0 days 00:00:34.467626,0.000643269519907336,COMPLETE
64,0.17767444293983045,2025-12-24 15:50:42.646959,2025-12-24 15:51:16.802225,0 days 00:00:34.155266,0.0008733623214675201,COMPLETE
65,0.2256773607135663,2025-12-24 15:51:16.813085,2025-12-24 15:51:51.090264,0 days 00:00:34.277179,0.0004718633687145005,COMPLETE
66,0.21993881459164175,2025-12-24 15:51:51.101971,2025-12-24 15:52:25.341329,0 days 00:00:34.239358,0.0005707461178294184,COMPLETE
67,0.19646608444362326,2025-12-24 15:52:25.352612,2025-12-24 15:52:59.579437,0 days 00:00:34.226825,0.0006903215411529599,COMPLETE
68,0.17517241764746197,2025-12-24 15:52:59.590424,2025-12-24 15:53:34.213065,0 days 00:00:34.622641,0.0008162236373753692,COMPLETE
69,0.2789552017920454,2025-12-24 15:53:34.224425,2025-12-24 15:54:08.530470,0 days 00:00:34.306045,0.00010766071937007403,COMPLETE
70,0.1732565696390962,2025-12-24 15:54:08.546205,2025-12-24 15:54:43.052769,0 days 00:00:34.506564,0.0008848762156717442,COMPLETE
71,0.1784603376596671,2025-12-24 15:54:43.064242,2025-12-24 15:55:17.558066,0 days 00:00:34.493824,0.0008815854669113087,COMPLETE
72,0.2030556698308926,2025-12-24 15:55:17.571447,2025-12-24 15:55:52.235644,0 days 00:00:34.664197,0.0006907974586007778,COMPLETE
73,0.21772020037965703,2025-12-24 15:55:52.247400,2025-12-24 15:56:26.888713,0 days 00:00:34.641313,0.0005677806301352575,COMPLETE
74,0.17860601302891582,2025-12-24 15:56:26.900653,2025-12-24 15:57:01.343274,0 days 00:00:34.442621,0.0007422677988539964,COMPLETE
75,0.18155768187817334,2025-12-24 15:57:01.355024,2025-12-24 15:57:36.060144,0 days 00:00:34.705120,0.0009138361587936912,COMPLETE
76,0.20519668355439213,2025-12-24 15:57:36.072438,2025-12-24 15:58:10.553082,0 days 00:00:34.480644,0.0006793906745524759,COMPLETE
77,0.2446071585507668,2025-12-24 15:58:10.564248,2025-12-24 15:58:45.005321,0 days 00:00:34.441073,0.0004287394745705621,COMPLETE
78,0.1860525704397643,2025-12-24 15:58:45.019889,2025-12-24 15:59:19.455461,0 days 00:00:34.435572,0.000997746680099249,COMPLETE
79,0.16950488631765429,2025-12-24 15:59:19.466724,2025-12-24 15:59:53.804683,0 days 00:00:34.337959,0.00081812703471722,COMPLETE
80,0.3256610460153222,2025-12-24 15:59:53.816495,2025-12-24 16:00:28.131546,0 days 00:00:34.315051,0.0002894692450931743,COMPLETE
81,0.17390106503573802,2025-12-24 16:00:28.146445,2025-12-24 16:01:02.636429,0 days 00:00:34.489984,0.0008124397486064245,COMPLETE
82,0.17940135557025902,2025-12-24 16:01:02.648389,2025-12-24 16:01:37.397729,0 days 00:00:34.749340,0.0007498715707077417,COMPLETE
83,0.2280645515128982,2025-12-24 16:01:37.409635,2025-12-24 16:02:12.059134,0 days 00:00:34.649499,0.0005151434490993544,COMPLETE
84,0.21903322147410328,2025-12-24 16:02:12.069952,2025-12-24 16:02:46.670627,0 days 00:00:34.600675,0.000604998193649794,COMPLETE
85,0.1734563058913684,2025-12-24 16:02:46.687315,2025-12-24 16:03:21.049091,0 days 00:00:34.361776,0.0008516337630076413,COMPLETE
86,0.21104740212475462,2025-12-24 16:03:21.060366,2025-12-24 16:03:55.345389,0 days 00:00:34.285023,0.0006687660665835179,COMPLETE
87,0.21280805907581513,2025-12-24 16:03:55.357239,2025-12-24 16:04:29.651704,0 days 00:00:34.294465,4.9912340418001594e-05,COMPLETE
88,0.1716733922137987,2025-12-24 16:04:29.662257,2025-12-24 16:05:05.249028,0 days 00:00:35.586771,0.0009310103514914683,COMPLETE
89,0.24293832853221695,2025-12-24 16:05:05.260463,2025-12-24 16:05:39.019052,0 days 00:00:33.758589,7.813573159263943e-05,COMPLETE
90,0.29105583940151875,2025-12-24 16:05:39.030098,2025-12-24 16:06:12.560642,0 days 00:00:33.530544,0.00037701816379378747,COMPLETE
91,0.17620147756001417,2025-12-24 16:06:12.573103,2025-12-24 16:06:46.327145,0 days 00:00:33.754042,0.0008977369273639355,COMPLETE
92,0.17405043264643855,2025-12-24 16:06:46.338119,2025-12-24 16:07:20.012975,0 days 00:00:33.674856,0.0007735118095456221,COMPLETE
93,0.18210911633117527,2025-12-24 16:07:20.025279,2025-12-24 16:07:54.034324,0 days 00:00:34.009045,0.0009215436833833249,COMPLETE
94,0.18087505093355155,2025-12-24 16:07:54.046250,2025-12-24 16:08:27.994544,0 days 00:00:33.948294,0.0007154107930729102,COMPLETE
95,0.17195908522021852,2025-12-24 16:08:28.008260,2025-12-24 16:09:02.012891,0 days 00:00:34.004631,0.0008059549078124208,COMPLETE
96,0.2212195748864558,2025-12-24 16:09:02.025566,2025-12-24 16:09:36.489380,0 days 00:00:34.463814,0.0005702706146400669,COMPLETE
97,0.17318552119033775,2025-12-24 16:09:36.500398,2025-12-24 16:10:10.561279,0 days 00:00:34.060881,0.000816358056837483,COMPLETE
98,0.18070755543587683,2025-12-24 16:10:10.573740,2025-12-24 16:10:44.662072,0 days 00:00:34.088332,0.0009984393909184836,COMPLETE
99,0.23765569429737868,2025-12-24 16:10:44.675457,2025-12-24 16:11:18.671264,0 days 00:00:33.995807,0.0004543321346324293,COMPLETE
100,0.19795072647105172,2025-12-24 16:11:18.683143,2025-12-24 16:11:52.664204,0 days 00:00:33.981061,0.0006512220584327065,COMPLETE
101,0.18363906376126396,2025-12-24 16:11:52.679585,2025-12-24 16:12:26.823092,0 days 00:00:34.143507,0.0008010662743528981,COMPLETE
102,0.17190119415265073,2025-12-24 16:12:26.835619,2025-12-24 16:13:00.913534,0 days 00:00:34.077915,0.0008000673885561832,COMPLETE
103,0.17056706444454187,2025-12-24 16:13:00.925652,2025-12-24 16:13:35.005396,0 days 00:00:34.079744,0.0007358513533562837,COMPLETE
104,0.21775836115041416,2025-12-24 16:13:35.021100,2025-12-24 16:14:09.048688,0 days 00:00:34.027588,0.000529697957925802,COMPLETE
105,0.21170905536867773,2025-12-24 16:14:09.059961,2025-12-24 16:14:43.064680,0 days 00:00:34.004719,0.0006173160085072896,COMPLETE
106,0.1881278882405409,2025-12-24 16:14:43.076545,2025-12-24 16:15:17.109191,0 days 00:00:34.032646,0.000709237216296552,COMPLETE
107,0.17176032693795376,2025-12-24 16:15:17.121212,2025-12-24 16:15:51.307093,0 days 00:00:34.185881,0.0007679371791372188,COMPLETE
108,0.2915169289762861,2025-12-24 16:15:51.318217,2025-12-24 16:16:25.447194,0 days 00:00:34.128977,0.00014301599117758613,COMPLETE
109,0.18306104418971886,2025-12-24 16:16:25.459134,2025-12-24 16:16:59.625118,0 days 00:00:34.165984,0.000941091806103195,COMPLETE
110,0.1966413009622786,2025-12-24 16:16:59.637181,2025-12-24 16:17:33.721632,0 days 00:00:34.084451,3.653123605332825e-05,COMPLETE
111,0.17677887795340622,2025-12-24 16:17:33.734729,2025-12-24 16:18:07.762949,0 days 00:00:34.028220,0.0007330966170001491,COMPLETE
112,0.1770705158322708,2025-12-24 16:18:07.778861,2025-12-24 16:18:41.789357,0 days 00:00:34.010496,0.0008011455953586678,COMPLETE
113,0.19288201047718453,2025-12-24 16:18:41.801802,2025-12-24 16:19:15.992480,0 days 00:00:34.190678,0.0006339485484030934,COMPLETE
114,0.18123429711286396,2025-12-24 16:19:16.004310,2025-12-24 16:19:50.055003,0 days 00:00:34.050693,0.0008930686772728448,COMPLETE
115,0.1667927395045695,2025-12-24 16:19:50.067764,2025-12-24 16:20:24.164463,0 days 00:00:34.096699,0.000754689995408751,COMPLETE
116,0.17939147360935076,2025-12-24 16:20:24.177823,2025-12-24 16:20:58.290657,0 days 00:00:34.112834,1.083220341739465e-05,COMPLETE
117,0.21543142541349117,2025-12-24 16:20:58.302361,2025-12-24 16:21:32.413063,0 days 00:00:34.110702,0.0005804703376455257,COMPLETE
118,0.1764508784898956,2025-12-24 16:21:32.425981,2025-12-24 16:22:06.512756,0 days 00:00:34.086775,0.0007601332882225636,COMPLETE
119,0.20646516251688365,2025-12-24 16:22:06.526768,2025-12-24 16:22:40.696728,0 days 00:00:34.169960,0.0006776681715090129,COMPLETE
120,0.1806788157337729,2025-12-24 16:22:40.708005,2025-12-24 16:23:14.776720,0 days 00:00:34.068715,0.000999048140848063,COMPLETE
121,0.16974213563828347,2025-12-24 16:23:14.787829,2025-12-24 16:23:48.952787,0 days 00:00:34.164958,0.0008344925198657497,COMPLETE
122,0.17173092419906053,2025-12-24 16:23:48.964441,2025-12-24 16:24:23.049689,0 days 00:00:34.085248,0.0008434584964147352,COMPLETE
123,0.17452726283997105,2025-12-24 16:24:23.062150,2025-12-24 16:24:57.296295,0 days 00:00:34.234145,0.0008250104322423751,COMPLETE
124,0.17959472478499802,2025-12-24 16:24:57.307817,2025-12-24 16:25:31.465158,0 days 00:00:34.157341,0.0009148753521435272,COMPLETE
125,0.18386146948123913,2025-12-24 16:25:31.476433,2025-12-24 16:26:05.634067,0 days 00:00:34.157634,0.0007053429240196382,COMPLETE
126,0.17324615802966842,2025-12-24 16:26:05.645118,2025-12-24 16:26:39.798086,0 days 00:00:34.152968,0.0008520359949675346,COMPLETE
127,0.22173629166518277,2025-12-24 16:26:39.808952,2025-12-24 16:27:13.837873,0 days 00:00:34.028921,0.0005122571468165558,COMPLETE
128,0.18406796471489761,2025-12-24 16:27:13.849476,2025-12-24 16:27:48.068371,0 days 00:00:34.218895,0.0007722692011177036,COMPLETE
129,0.19155554216546994,2025-12-24 16:27:48.079031,2025-12-24 16:28:22.287975,0 days 00:00:34.208944,0.0006388587476832947,COMPLETE
130,0.18006772351810427,2025-12-24 16:28:22.299055,2025-12-24 16:28:56.427268,0 days 00:00:34.128213,0.0009049797015986653,COMPLETE
131,0.17844070678331128,2025-12-24 16:28:56.438916,2025-12-24 16:29:30.663558,0 days 00:00:34.224642,0.0007654515481158434,COMPLETE
132,0.19064506531808367,2025-12-24 16:29:30.674603,2025-12-24 16:30:04.721010,0 days 00:00:34.046407,0.0009967075101427697,COMPLETE
133,0.17092052257733023,2025-12-24 16:30:04.732751,2025-12-24 16:30:38.931743,0 days 00:00:34.198992,0.0008437523094596143,COMPLETE
134,0.16741734539543235,2025-12-24 16:30:38.942905,2025-12-24 16:31:13.020843,0 days 00:00:34.077938,0.0008513138605109951,COMPLETE
135,0.1951972076373146,2025-12-24 16:31:13.031681,2025-12-24 16:31:47.076152,0 days 00:00:34.044471,0.0006877561367399774,COMPLETE
136,0.16822651298496588,2025-12-24 16:31:47.088003,2025-12-24 16:32:21.184044,0 days 00:00:34.096041,0.0008556240534381461,COMPLETE
137,0.1763826788390094,2025-12-24 16:32:21.195312,2025-12-24 16:32:55.361989,0 days 00:00:34.166677,0.0008755795648371767,COMPLETE
138,0.21704544908739676,2025-12-24 16:32:55.375629,2025-12-24 16:33:29.488317,0 days 00:00:34.112688,0.0005932516530257571,COMPLETE
139,0.1844955461730093,2025-12-24 16:33:29.500244,2025-12-24 16:34:03.595861,0 days 00:00:34.095617,0.0009256912957662177,COMPLETE
140,0.19814230314988118,2025-12-24 16:34:03.608552,2025-12-24 16:34:37.743428,0 days 00:00:34.134876,0.0007040156757833964,COMPLETE
141,0.17030343989739494,2025-12-24 16:34:37.766087,2025-12-24 16:35:11.843807,0 days 00:00:34.077720,0.0008334697294922655,COMPLETE
142,0.16954379819364104,2025-12-24 16:35:11.855369,2025-12-24 16:35:46.053514,0 days 00:00:34.198145,0.000848954406192402,COMPLETE
143,0.1757081387152241,2025-12-24 16:35:46.065251,2025-12-24 16:36:20.334552,0 days 00:00:34.269301,0.000877060952815537,COMPLETE
144,0.17164507050776884,2025-12-24 16:36:20.345949,2025-12-24 16:36:54.571850,0 days 00:00:34.225901,0.0008336935612359215,COMPLETE
145,0.1834472996237143,2025-12-24 16:36:54.593055,2025-12-24 16:37:28.748659,0 days 00:00:34.155604,0.0009991598218117947,COMPLETE
146,0.20838102133036288,2025-12-24 16:37:28.760319,2025-12-24 16:38:02.995272,0 days 00:00:34.234953,0.000660087766414587,COMPLETE
147,0.17402332503950504,2025-12-24 16:38:03.006876,2025-12-24 16:38:37.284533,0 days 00:00:34.277657,0.0007560435538997748,COMPLETE
148,0.17663108554139878,2025-12-24 16:38:37.295862,2025-12-24 16:39:11.615871,0 days 00:00:34.320009,0.0009276657487365101,COMPLETE
149,0.16642386326128816,2025-12-24 16:39:11.626749,2025-12-24 16:39:45.714361,0 days 00:00:34.087612,0.0008410057033998844,COMPLETE
