number,value,datetime_start,datetime_complete,duration,params_learning_rate,state
0,0.15504522137262702,2025-12-22 13:33:26.434539,2025-12-22 13:33:49.525722,0 days 00:00:23.091183,5.6115164153345e-05,COMPLETE
1,0.3633222661290472,2025-12-22 13:33:49.541463,2025-12-22 13:34:12.504597,0 days 00:00:22.963134,0.0007969454818643932,COMPLETE
2,0.4782796925919573,2025-12-22 13:34:12.518105,2025-12-22 13:34:35.469916,0 days 00:00:22.951811,0.000291063591313307,COMPLETE
3,0.4938620953082851,2025-12-22 13:34:35.483058,2025-12-22 13:34:58.357859,0 days 00:00:22.874801,0.00015751320499779721,COMPLETE
4,0.14581117951179862,2025-12-22 13:34:58.372493,2025-12-22 13:35:21.205283,0 days 00:00:22.832790,2.0513382630874486e-05,COMPLETE
5,0.1458154513188661,2025-12-22 13:35:21.221061,2025-12-22 13:35:44.181358,0 days 00:00:22.960297,2.0511104188433963e-05,COMPLETE
6,0.1461110546657447,2025-12-22 13:35:44.201510,2025-12-22 13:36:07.398024,0 days 00:00:23.196514,1.3066739238053272e-05,COMPLETE
7,0.49142762659050526,2025-12-22 13:36:07.410325,2025-12-22 13:36:30.386068,0 days 00:00:22.975743,0.0005399484409787432,COMPLETE
8,0.4980248051405011,2025-12-22 13:36:30.400740,2025-12-22 13:36:53.386035,0 days 00:00:22.985295,0.00015930522616241006,COMPLETE
9,0.5222157871429038,2025-12-22 13:36:53.398593,2025-12-22 13:37:16.417812,0 days 00:00:23.019219,0.0002607024758370766,COMPLETE
10,0.14486497326315229,2025-12-22 13:37:16.430052,2025-12-22 13:37:39.420337,0 days 00:00:22.990285,4.194601131160366e-05,COMPLETE
11,0.14466945474806436,2025-12-22 13:37:39.434171,2025-12-22 13:38:02.374642,0 days 00:00:22.940471,4.059701622029669e-05,COMPLETE
12,0.14853039737394802,2025-12-22 13:38:02.389106,2025-12-22 13:38:25.407728,0 days 00:00:23.018622,5.0105705344744514e-05,COMPLETE
13,0.15019861433614584,2025-12-22 13:38:25.419579,2025-12-22 13:38:48.294729,0 days 00:00:22.875150,5.264007389899318e-05,COMPLETE
14,0.1454425047828712,2025-12-22 13:38:48.307113,2025-12-22 13:39:11.346322,0 days 00:00:23.039209,2.6905312090644693e-05,COMPLETE
15,0.21258499418418678,2025-12-22 13:39:11.358786,2025-12-22 13:39:34.387008,0 days 00:00:23.028222,8.542532619589438e-05,COMPLETE
16,0.14427040503050348,2025-12-22 13:39:34.402938,2025-12-22 13:39:57.370072,0 days 00:00:22.967134,3.2848077435172947e-05,COMPLETE
17,0.1459558907258672,2025-12-22 13:39:57.383300,2025-12-22 13:40:20.274404,0 days 00:00:22.891104,1.0974941547003082e-05,COMPLETE
18,0.14479555092336924,2025-12-22 13:40:20.287088,2025-12-22 13:40:43.252516,0 days 00:00:22.965428,2.9837612644977995e-05,COMPLETE
19,0.3162776019773167,2025-12-22 13:40:43.271096,2025-12-22 13:41:06.160051,0 days 00:00:22.888955,0.0001130274971447684,COMPLETE
20,0.14602872589308488,2025-12-22 13:41:06.171984,2025-12-22 13:41:29.154641,0 days 00:00:22.982657,1.6694316506607157e-05,COMPLETE
21,0.1447655432484516,2025-12-22 13:41:29.170454,2025-12-22 13:41:52.108335,0 days 00:00:22.937881,3.0087720981319763e-05,COMPLETE
22,0.1442402988178878,2025-12-22 13:41:52.125039,2025-12-22 13:42:15.110173,0 days 00:00:22.985134,3.297835065979037e-05,COMPLETE
23,0.1851374090554729,2025-12-22 13:42:15.124531,2025-12-22 13:42:37.981372,0 days 00:00:22.856841,7.39403065399842e-05,COMPLETE
24,0.143938595429248,2025-12-22 13:42:37.992950,2025-12-22 13:43:00.951523,0 days 00:00:22.958573,3.6112869020178994e-05,COMPLETE
25,0.14476355395708723,2025-12-22 13:43:00.966569,2025-12-22 13:43:23.973570,0 days 00:00:23.007001,3.020877860169283e-05,COMPLETE
26,0.14604578403025228,2025-12-22 13:43:23.985696,2025-12-22 13:43:46.875270,0 days 00:00:22.889574,1.5693793547562653e-05,COMPLETE
27,0.16979430952453659,2025-12-22 13:43:46.887339,2025-12-22 13:44:09.774095,0 days 00:00:22.886756,6.598256471102107e-05,COMPLETE
28,0.3041192339533853,2025-12-22 13:44:09.786208,2025-12-22 13:44:32.713752,0 days 00:00:22.927544,0.00011109208350168166,COMPLETE
29,0.1457561758653768,2025-12-22 13:44:32.725853,2025-12-22 13:44:55.692573,0 days 00:00:22.966720,2.283097610829658e-05,COMPLETE
30,0.14408399168468447,2025-12-22 13:44:55.703834,2025-12-22 13:45:18.624002,0 days 00:00:22.920168,4.0208513770730405e-05,COMPLETE
31,0.1439484901784863,2025-12-22 13:45:18.637049,2025-12-22 13:45:41.558331,0 days 00:00:22.921282,3.741995102006305e-05,COMPLETE
32,0.14362191954855286,2025-12-22 13:45:41.570401,2025-12-22 13:46:04.509448,0 days 00:00:22.939047,3.8681609083875165e-05,COMPLETE
33,0.1558902569112291,2025-12-22 13:46:04.523386,2025-12-22 13:46:27.456284,0 days 00:00:22.932898,5.688379606678082e-05,COMPLETE
34,0.14538648798185205,2025-12-22 13:46:27.469344,2025-12-22 13:46:50.426140,0 days 00:00:22.956796,4.3361758768555474e-05,COMPLETE
35,0.21849378740950023,2025-12-22 13:46:50.440055,2025-12-22 13:47:13.466615,0 days 00:00:23.026560,8.725877922377589e-05,COMPLETE
36,0.14576599338711105,2025-12-22 13:47:13.479905,2025-12-22 13:47:36.426998,0 days 00:00:22.947093,2.2971587998246133e-05,COMPLETE
37,0.25111680738036973,2025-12-22 13:47:36.438355,2025-12-22 13:47:59.491257,0 days 00:00:23.052902,0.0009818226878189125,COMPLETE
38,0.4714221594141898,2025-12-22 13:47:59.502618,2025-12-22 13:48:22.461479,0 days 00:00:22.958861,0.00015089512900106275,COMPLETE
39,0.1459545293043143,2025-12-22 13:48:22.473683,2025-12-22 13:48:45.496099,0 days 00:00:23.022416,1.7424353575872178e-05,COMPLETE
40,0.1706026591463753,2025-12-22 13:48:45.508954,2025-12-22 13:49:08.629453,0 days 00:00:23.120499,6.638654133148543e-05,COMPLETE
41,0.14368381776489142,2025-12-22 13:49:08.641317,2025-12-22 13:49:31.584796,0 days 00:00:22.943479,3.726024319176554e-05,COMPLETE
42,0.14534779750479207,2025-12-22 13:49:31.598602,2025-12-22 13:49:54.802979,0 days 00:00:23.204377,4.372163431987368e-05,COMPLETE
43,0.14361737139782246,2025-12-22 13:49:54.815847,2025-12-22 13:50:18.100733,0 days 00:00:23.284886,3.628626597018331e-05,COMPLETE
44,0.14576969441566368,2025-12-22 13:50:18.121583,2025-12-22 13:50:41.317795,0 days 00:00:23.196212,2.274475061311221e-05,COMPLETE
45,0.1435599610335608,2025-12-22 13:50:41.329687,2025-12-22 13:51:05.024098,0 days 00:00:23.694411,3.711471343197735e-05,COMPLETE
46,0.15621103685349697,2025-12-22 13:51:05.039280,2025-12-22 13:51:28.302768,0 days 00:00:23.263488,5.706729337050411e-05,COMPLETE
47,0.46695176165331004,2025-12-22 13:51:28.316251,2025-12-22 13:51:51.173180,0 days 00:00:22.856929,0.00034159620263479095,COMPLETE
48,0.14604751558403903,2025-12-22 13:51:51.187183,2025-12-22 13:52:13.732467,0 days 00:00:22.545284,1.375904237375976e-05,COMPLETE
49,0.1451123528880489,2025-12-22 13:52:13.743477,2025-12-22 13:52:36.314756,0 days 00:00:22.571279,2.6354747293806716e-05,COMPLETE
50,0.14559032507828307,2025-12-22 13:52:36.325375,2025-12-22 13:52:58.873619,0 days 00:00:22.548244,1.9727886512675077e-05,COMPLETE
51,0.1439257993571004,2025-12-22 13:52:58.885072,2025-12-22 13:53:21.483504,0 days 00:00:22.598432,3.580967108185267e-05,COMPLETE
52,0.1474425403998845,2025-12-22 13:53:21.494966,2025-12-22 13:53:44.106986,0 days 00:00:22.612020,4.9793306608277724e-05,COMPLETE
53,0.14364342942942873,2025-12-22 13:53:44.119047,2025-12-22 13:54:06.680637,0 days 00:00:22.561590,3.838484655806974e-05,COMPLETE
54,0.14580501246105676,2025-12-22 13:54:06.692221,2025-12-22 13:54:29.253368,0 days 00:00:22.561147,4.382282365789646e-05,COMPLETE
55,0.14507820213111738,2025-12-22 13:54:29.272920,2025-12-22 13:54:51.810156,0 days 00:00:22.537236,2.5841037182201845e-05,COMPLETE
56,0.14741980422229628,2025-12-22 13:54:51.821786,2025-12-22 13:55:14.352579,0 days 00:00:22.530793,4.9771417550820236e-05,COMPLETE
57,0.14608717134219681,2025-12-22 13:55:14.366830,2025-12-22 13:55:36.932141,0 days 00:00:22.565311,1.0330780198059988e-05,COMPLETE
58,0.14306697349948666,2025-12-22 13:55:36.942886,2025-12-22 13:55:59.501332,0 days 00:00:22.558446,3.5152535616250196e-05,COMPLETE
59,0.19455679937978715,2025-12-22 13:55:59.514052,2025-12-22 13:56:22.132262,0 days 00:00:22.618210,7.804559161430353e-05,COMPLETE
60,0.16551562612429732,2025-12-22 13:56:22.143870,2025-12-22 13:56:44.718407,0 days 00:00:22.574537,6.368242545202923e-05,COMPLETE
61,0.14375625368095113,2025-12-22 13:56:44.730445,2025-12-22 13:57:07.322976,0 days 00:00:22.592531,3.520293751899286e-05,COMPLETE
62,0.1447439473222879,2025-12-22 13:57:07.334529,2025-12-22 13:57:29.867886,0 days 00:00:22.533357,3.0981406020989474e-05,COMPLETE
63,0.14501785348624624,2025-12-22 13:57:29.881174,2025-12-22 13:57:52.465350,0 days 00:00:22.584176,2.6106903906381755e-05,COMPLETE
64,0.1455753144646166,2025-12-22 13:57:52.477618,2025-12-22 13:58:15.132005,0 days 00:00:22.654387,1.9246910811752325e-05,COMPLETE
65,0.14285310803786666,2025-12-22 13:58:15.143763,2025-12-22 13:58:37.685140,0 days 00:00:22.541377,3.361628677944472e-05,COMPLETE
66,0.14856031140716758,2025-12-22 13:58:37.699315,2025-12-22 13:59:00.312031,0 days 00:00:22.612716,5.0107643600037556e-05,COMPLETE
67,0.14367283339048223,2025-12-22 13:59:00.329207,2025-12-22 13:59:23.014674,0 days 00:00:22.685467,3.9524851411620456e-05,COMPLETE
68,0.14496023091029278,2025-12-22 13:59:23.027198,2025-12-22 13:59:46.225595,0 days 00:00:23.198397,2.8949038728853502e-05,COMPLETE
69,0.14549182960122248,2025-12-22 13:59:46.237882,2025-12-22 14:00:09.342406,0 days 00:00:23.104524,4.3618996961270396e-05,COMPLETE
70,0.2506597071460498,2025-12-22 14:00:09.354743,2025-12-22 14:00:32.199659,0 days 00:00:22.844916,9.744846463273621e-05,COMPLETE
71,0.14356141564077243,2025-12-22 14:00:32.211888,2025-12-22 14:00:55.078397,0 days 00:00:22.866509,3.855198037161533e-05,COMPLETE
72,0.14444547379790934,2025-12-22 14:00:55.094117,2025-12-22 14:01:17.926166,0 days 00:00:22.832049,3.24464500134299e-05,COMPLETE
73,0.14541131628714843,2025-12-22 14:01:17.937990,2025-12-22 14:01:40.785213,0 days 00:00:22.847223,2.4473330860278825e-05,COMPLETE
74,0.15276407970902176,2025-12-22 14:01:40.800787,2025-12-22 14:02:03.692711,0 days 00:00:22.891924,5.512289539137023e-05,COMPLETE
75,0.14361341260267785,2025-12-22 14:02:03.704915,2025-12-22 14:02:26.717732,0 days 00:00:23.012817,3.8836146846039335e-05,COMPLETE
76,0.1626223211074786,2025-12-22 14:02:26.731938,2025-12-22 14:02:49.708495,0 days 00:00:22.976557,6.185996437742742e-05,COMPLETE
77,0.14762152694440187,2025-12-22 14:02:49.720341,2025-12-22 14:03:12.778718,0 days 00:00:23.058377,4.6803583149979245e-05,COMPLETE
78,0.14517560843500385,2025-12-22 14:03:12.791272,2025-12-22 14:03:35.758136,0 days 00:00:22.966864,2.854977455754374e-05,COMPLETE
79,0.14591244883396098,2025-12-22 14:03:35.770211,2025-12-22 14:03:58.876464,0 days 00:00:23.106253,2.2020480440937484e-05,COMPLETE
80,0.14346859519301253,2025-12-22 14:03:58.888697,2025-12-22 14:04:21.795609,0 days 00:00:22.906912,3.9708562049373175e-05,COMPLETE
81,0.14450137311278682,2025-12-22 14:04:21.807425,2025-12-22 14:04:44.789974,0 days 00:00:22.982549,3.238358984580517e-05,COMPLETE
82,0.14362112889274573,2025-12-22 14:04:44.801271,2025-12-22 14:05:07.681373,0 days 00:00:22.880102,3.8660775967287935e-05,COMPLETE
83,0.1429215560743232,2025-12-22 14:05:07.696131,2025-12-22 14:05:30.644716,0 days 00:00:22.948585,3.3739662416512915e-05,COMPLETE
84,0.14381435409615514,2025-12-22 14:05:30.657016,2025-12-22 14:05:53.596484,0 days 00:00:22.939468,3.4562440985992506e-05,COMPLETE
85,0.14503835625004957,2025-12-22 14:05:53.609491,2025-12-22 14:06:16.528560,0 days 00:00:22.919069,2.8840167735978585e-05,COMPLETE
86,0.14593906940923693,2025-12-22 14:06:16.541555,2025-12-22 14:06:39.472595,0 days 00:00:22.931040,4.710278228839736e-05,COMPLETE
87,0.14584270225628831,2025-12-22 14:06:39.485434,2025-12-22 14:07:02.562885,0 days 00:00:23.077451,1.8129693329236958e-05,COMPLETE
88,0.14602516096376006,2025-12-22 14:07:02.577048,2025-12-22 14:07:25.440960,0 days 00:00:22.863912,1.4870282200978887e-05,COMPLETE
89,0.15614821934884449,2025-12-22 14:07:25.453182,2025-12-22 14:07:48.224785,0 days 00:00:22.771603,5.7049788624304696e-05,COMPLETE
90,0.49141432378788286,2025-12-22 14:07:48.238837,2025-12-22 14:08:10.957420,0 days 00:00:22.718583,0.0005560094986576655,COMPLETE
91,0.14456655107840408,2025-12-22 14:08:10.973282,2025-12-22 14:08:33.693476,0 days 00:00:22.720194,4.073548460375853e-05,COMPLETE
92,0.14385273694539782,2025-12-22 14:08:33.708781,2025-12-22 14:08:56.491580,0 days 00:00:22.782799,3.8080686859619014e-05,COMPLETE
93,0.14450617234946525,2025-12-22 14:08:56.503936,2025-12-22 14:09:19.636994,0 days 00:00:23.133058,3.2367143455624824e-05,COMPLETE
94,0.14640919274809758,2025-12-22 14:09:19.649448,2025-12-22 14:09:42.678550,0 days 00:00:23.029102,4.630004904514973e-05,COMPLETE
95,0.14483820633065184,2025-12-22 14:09:42.690470,2025-12-22 14:10:05.442393,0 days 00:00:22.751923,4.167377714240411e-05,COMPLETE
96,0.19179755300084575,2025-12-22 14:10:05.454407,2025-12-22 14:10:28.442444,0 days 00:00:22.988037,7.525905234556634e-05,COMPLETE
97,0.14593138662765817,2025-12-22 14:10:28.454492,2025-12-22 14:10:51.039948,0 days 00:00:22.585456,2.119060369071164e-05,COMPLETE
98,0.14547447421755713,2025-12-22 14:10:51.051030,2025-12-22 14:11:13.742351,0 days 00:00:22.691321,2.441916473094633e-05,COMPLETE
99,0.14389783886686358,2025-12-22 14:11:13.754728,2025-12-22 14:11:36.327626,0 days 00:00:22.572898,3.5716411384431e-05,COMPLETE
100,0.14541579074339653,2025-12-22 14:11:36.339181,2025-12-22 14:11:58.847881,0 days 00:00:22.508700,2.7422002255495035e-05,COMPLETE
101,0.14370456985935345,2025-12-22 14:11:58.859268,2025-12-22 14:12:21.667253,0 days 00:00:22.807985,3.82002630826267e-05,COMPLETE
102,0.15031453313666082,2025-12-22 14:12:21.682098,2025-12-22 14:12:44.097534,0 days 00:00:22.415436,5.277581240995942e-05,COMPLETE
103,0.1447792025581016,2025-12-22 14:12:44.109937,2025-12-22 14:13:06.458994,0 days 00:00:22.349057,3.127559907965757e-05,COMPLETE
104,0.14389928683055764,2025-12-22 14:13:06.471712,2025-12-22 14:13:28.778777,0 days 00:00:22.307065,3.429019723291793e-05,COMPLETE
105,0.14500303908507292,2025-12-22 14:13:28.790985,2025-12-22 14:13:51.221456,0 days 00:00:22.430471,4.104790038134505e-05,COMPLETE
106,0.17433524781008863,2025-12-22 14:13:51.237895,2025-12-22 14:14:13.675983,0 days 00:00:22.438088,6.826435857661704e-05,COMPLETE
107,0.5341614143439946,2025-12-22 14:14:13.687833,2025-12-22 14:14:36.143828,0 days 00:00:22.455995,0.00025155979638231626,COMPLETE
108,0.14661490719898831,2025-12-22 14:14:36.155936,2025-12-22 14:14:58.559133,0 days 00:00:22.403197,4.426355926892809e-05,COMPLETE
109,0.1584508870644885,2025-12-22 14:14:58.571389,2025-12-22 14:15:20.948658,0 days 00:00:22.377269,5.908202629330932e-05,COMPLETE
110,0.1503647970584621,2025-12-22 14:15:20.960137,2025-12-22 14:15:43.362307,0 days 00:00:22.402170,5.18855567880845e-05,COMPLETE
111,0.14362070143831707,2025-12-22 14:15:43.373955,2025-12-22 14:16:05.618826,0 days 00:00:22.244871,3.9649969830605844e-05,COMPLETE
112,0.1435692075443873,2025-12-22 14:16:05.630775,2025-12-22 14:16:27.872340,0 days 00:00:22.241565,3.710468638948986e-05,COMPLETE
113,0.14482797753252108,2025-12-22 14:16:27.885752,2025-12-22 14:16:50.379544,0 days 00:00:22.493792,2.9516943333096384e-05,COMPLETE
114,0.14512899145177435,2025-12-22 14:16:50.391562,2025-12-22 14:17:12.775381,0 days 00:00:22.383819,2.4708238688060712e-05,COMPLETE
115,0.1436369482073128,2025-12-22 14:17:12.787298,2025-12-22 14:17:35.247261,0 days 00:00:22.459963,3.635058709932714e-05,COMPLETE
116,0.1460413143896039,2025-12-22 14:17:35.258894,2025-12-22 14:17:57.587250,0 days 00:00:22.328356,4.750956896201956e-05,COMPLETE
117,0.14324658277411917,2025-12-22 14:17:57.601071,2025-12-22 14:18:19.956143,0 days 00:00:22.355072,3.333625539677963e-05,COMPLETE
118,0.1432539367111553,2025-12-22 14:18:19.967732,2025-12-22 14:18:42.352740,0 days 00:00:22.385008,3.3365953889201686e-05,COMPLETE
119,0.1454185446812575,2025-12-22 14:18:42.366624,2025-12-22 14:19:04.748571,0 days 00:00:22.381947,2.7048951354956587e-05,COMPLETE
120,0.1431079143435645,2025-12-22 14:19:04.760235,2025-12-22 14:19:27.073206,0 days 00:00:22.312971,3.3809380686153697e-05,COMPLETE
121,0.14338478225409196,2025-12-22 14:19:27.085069,2025-12-22 14:19:49.523859,0 days 00:00:22.438790,3.3158351393160355e-05,COMPLETE
122,0.14337165296056623,2025-12-22 14:19:49.535595,2025-12-22 14:20:11.997405,0 days 00:00:22.461810,3.3136705525576616e-05,COMPLETE
123,0.14479156348093453,2025-12-22 14:20:12.009402,2025-12-22 14:20:34.327650,0 days 00:00:22.318248,3.1557134637769225e-05,COMPLETE
124,0.14314447848651948,2025-12-22 14:20:34.341028,2025-12-22 14:20:56.859617,0 days 00:00:22.518589,3.384762553490582e-05,COMPLETE
125,0.14482540663144822,2025-12-22 14:20:56.871994,2025-12-22 14:21:19.376403,0 days 00:00:22.504409,2.964243768593311e-05,COMPLETE
126,0.14574905261766236,2025-12-22 14:21:19.387799,2025-12-22 14:21:41.873173,0 days 00:00:22.485374,2.3786530869058415e-05,COMPLETE
127,0.1437751277148727,2025-12-22 14:21:41.886004,2025-12-22 14:22:04.309435,0 days 00:00:22.423431,3.5277125866676864e-05,COMPLETE
128,0.14541115287996023,2025-12-22 14:22:04.320877,2025-12-22 14:22:26.686590,0 days 00:00:22.365713,2.7026903659835544e-05,COMPLETE
129,0.1432828562894806,2025-12-22 14:22:26.698997,2025-12-22 14:22:48.958155,0 days 00:00:22.259158,3.330785310116131e-05,COMPLETE
130,0.14468511347721905,2025-12-22 14:22:48.970186,2025-12-22 14:23:11.370113,0 days 00:00:22.399927,3.179682105688863e-05,COMPLETE
131,0.14312302138529914,2025-12-22 14:23:11.381832,2025-12-22 14:23:33.874470,0 days 00:00:22.492638,3.388727353376569e-05,COMPLETE
132,0.14314936836310724,2025-12-22 14:23:33.886740,2025-12-22 14:23:57.334592,0 days 00:00:23.447852,3.344405391662408e-05,COMPLETE
133,0.1448515935977909,2025-12-22 14:23:57.348506,2025-12-22 14:24:20.792336,0 days 00:00:23.443830,2.9368138472364255e-05,COMPLETE
134,0.1432512502619373,2025-12-22 14:24:20.804931,2025-12-22 14:24:44.047741,0 days 00:00:23.242810,3.338356794689137e-05,COMPLETE
135,0.14299534391293245,2025-12-22 14:24:44.060273,2025-12-22 14:25:07.400643,0 days 00:00:23.340370,3.376568481206692e-05,COMPLETE
136,0.1459871938709002,2025-12-22 14:25:07.413048,2025-12-22 14:25:30.216975,0 days 00:00:22.803927,1.190633702499103e-05,COMPLETE
137,0.1428500111785821,2025-12-22 14:25:30.229687,2025-12-22 14:25:53.072905,0 days 00:00:22.843218,3.360109893546555e-05,COMPLETE
138,0.1459199037378724,2025-12-22 14:25:53.086753,2025-12-22 14:26:16.029440,0 days 00:00:22.942687,2.1125519011170872e-05,COMPLETE
139,0.14515530207306723,2025-12-22 14:26:16.041897,2025-12-22 14:26:38.959551,0 days 00:00:22.917654,2.590364519523066e-05,COMPLETE
140,0.14287406252120263,2025-12-22 14:26:38.971511,2025-12-22 14:27:01.865498,0 days 00:00:22.893987,3.3637706870477594e-05,COMPLETE
141,0.14307290646993517,2025-12-22 14:27:01.882841,2025-12-22 14:27:24.761549,0 days 00:00:22.878708,3.38341054904443e-05,COMPLETE
142,0.1454629071286604,2025-12-22 14:27:24.774733,2025-12-22 14:27:47.719636,0 days 00:00:22.944903,2.7729365803676285e-05,COMPLETE
143,0.14475397547296476,2025-12-22 14:27:47.731418,2025-12-22 14:28:10.548065,0 days 00:00:22.816647,3.0468583056344552e-05,COMPLETE
144,0.14510394352772346,2025-12-22 14:28:10.559646,2025-12-22 14:28:33.879334,0 days 00:00:23.319688,4.285445714065134e-05,COMPLETE
145,0.1428749327903529,2025-12-22 14:28:33.891124,2025-12-22 14:28:56.647352,0 days 00:00:22.756228,3.363722438947282e-05,COMPLETE
146,0.1457568821131675,2025-12-22 14:28:56.658772,2025-12-22 14:29:19.343767,0 days 00:00:22.684995,2.2996048802733425e-05,COMPLETE
147,0.14380791074297583,2025-12-22 14:29:19.356053,2025-12-22 14:29:41.989539,0 days 00:00:22.633486,3.4469536320979325e-05,COMPLETE
148,0.14534364452660958,2025-12-22 14:29:42.001882,2025-12-22 14:30:04.730081,0 days 00:00:22.728199,2.81556494362373e-05,COMPLETE
149,0.45420625635673084,2025-12-22 14:30:04.741823,2025-12-22 14:30:27.451407,0 days 00:00:22.709584,0.0001463351012230333,COMPLETE
