number,value,datetime_start,datetime_complete,duration,params_dropout,params_hidden_size,params_learning_rate,params_n_layers,state
140,0.22335483672963227,2026-01-03 16:55:03.372447,2026-01-03 16:55:12.854255,0 days 00:00:09.481808,0.3003022834022246,64,0.00024256029968777946,2,COMPLETE
141,0.2237422331659549,2026-01-03 16:55:12.866224,2026-01-03 16:55:22.491000,0 days 00:00:09.624776,0.30378082642658694,64,0.0002483947263926759,2,COMPLETE
142,0.2233912638376392,2026-01-03 16:55:22.502541,2026-01-03 16:55:31.923370,0 days 00:00:09.420829,0.29602945157894295,64,0.00022904983532619807,2,COMPLETE
143,0.2326117279601106,2026-01-03 16:55:31.935236,2026-01-03 16:55:41.496387,0 days 00:00:09.561151,0.269912913546324,64,0.00019467598483070367,2,COMPLETE
144,0.22679383223313362,2026-01-03 16:55:41.507553,2026-01-03 16:55:51.024216,0 days 00:00:09.516663,0.23879691793051405,64,0.00021670968587173922,2,COMPLETE
145,0.22222726986676464,2026-01-03 16:55:51.036607,2026-01-03 16:56:00.385728,0 days 00:00:09.349121,0.27877512327331844,64,0.0002496991941845567,2,COMPLETE
146,0.23251516793877414,2026-01-03 16:56:00.397673,2026-01-03 16:56:09.880595,0 days 00:00:09.482922,0.25246371799720074,64,0.0003216598605319622,2,COMPLETE
147,0.24570666443467107,2026-01-03 16:56:09.892055,2026-01-03 16:56:19.313067,0 days 00:00:09.421012,0.2806469229692642,64,0.0001438852476831006,2,COMPLETE
148,0.2229314100538104,2026-01-03 16:56:19.327420,2026-01-03 16:56:28.719106,0 days 00:00:09.391686,0.26512200988587986,64,0.00023645785696919144,2,COMPLETE
149,0.31051288618588,2026-01-03 16:56:28.731452,2026-01-03 16:56:38.328159,0 days 00:00:09.596707,0.23030583541540245,96,0.00023560201635248427,2,COMPLETE
150,0.29872554725435807,2026-01-03 16:56:38.339506,2026-01-03 16:56:47.677535,0 days 00:00:09.338029,0.2740011406368623,32,0.00017317764818331732,2,COMPLETE
151,0.22455046749545798,2026-01-03 16:56:47.690683,2026-01-03 16:56:57.141295,0 days 00:00:09.450612,0.25536488666915597,64,0.0002553472544657285,2,COMPLETE
152,0.2277724838847677,2026-01-03 16:56:57.153717,2026-01-03 16:57:06.787927,0 days 00:00:09.634210,0.2617478676416831,64,0.0002897120846141572,2,COMPLETE
153,0.22665352530132934,2026-01-03 16:57:06.799765,2026-01-03 16:57:16.138025,0 days 00:00:09.338260,0.28820182101859015,64,0.00020911364923282684,2,COMPLETE
154,0.22344748141215734,2026-01-03 16:57:16.150731,2026-01-03 16:57:25.743124,0 days 00:00:09.592393,0.31491882053260717,64,0.00024638947366181915,2,COMPLETE
155,0.22557775487666112,2026-01-03 16:57:25.754673,2026-01-03 16:57:35.194895,0 days 00:00:09.440222,0.2656341453058997,64,0.00027390844233774066,2,COMPLETE
156,0.22961215308912872,2026-01-03 16:57:35.209171,2026-01-03 16:57:44.541142,0 days 00:00:09.331971,0.2795741519725247,64,0.0003423365185711418,2,COMPLETE
157,0.22408978328885645,2026-01-03 16:57:44.554888,2026-01-03 16:57:54.316763,0 days 00:00:09.761875,0.29375311185742276,64,0.00022456072301777353,2,COMPLETE
158,0.22840514185136154,2026-01-03 16:57:54.327769,2026-01-03 16:58:03.521227,0 days 00:00:09.193458,0.2977909765466599,64,0.00030575048966096594,2,COMPLETE
159,0.23157935113015732,2026-01-03 16:58:03.531878,2026-01-03 16:58:12.856601,0 days 00:00:09.324723,0.3069744464627414,64,0.0002011992611741854,2,COMPLETE
160,0.35630648650375796,2026-01-03 16:58:12.868910,2026-01-03 16:58:22.865173,0 days 00:00:09.996263,0.2713277513040712,128,0.0002594238220124441,2,COMPLETE
161,0.22174519042011534,2026-01-03 16:58:22.876410,2026-01-03 16:58:32.112770,0 days 00:00:09.236360,0.2820322349678516,64,0.00023877466888882177,2,COMPLETE
162,0.22216234117932415,2026-01-03 16:58:32.130412,2026-01-03 16:58:41.573730,0 days 00:00:09.443318,0.2839777289950611,64,0.00023507402050973182,2,COMPLETE
163,0.22332222648689334,2026-01-03 16:58:41.585725,2026-01-03 16:58:50.911213,0 days 00:00:09.325488,0.2755258660225246,64,0.00023085024881973597,2,COMPLETE
164,0.22388937022073563,2026-01-03 16:58:50.925968,2026-01-03 16:59:00.186147,0 days 00:00:09.260179,0.28116305930304863,64,0.00022407562504168268,2,COMPLETE
165,0.22610009409126192,2026-01-03 16:59:00.198492,2026-01-03 16:59:09.663970,0 days 00:00:09.465478,0.264979368773037,64,0.0002786953408796621,2,COMPLETE
166,0.2360948050359996,2026-01-03 16:59:09.675937,2026-01-03 16:59:18.892258,0 days 00:00:09.216321,0.24820504978221125,64,0.00018620688952845975,2,COMPLETE
167,0.22663007481382308,2026-01-03 16:59:18.912842,2026-01-03 16:59:28.192153,0 days 00:00:09.279311,0.28569839978717715,64,0.0002091457006460739,2,COMPLETE
168,0.22749908014353004,2026-01-03 16:59:28.205328,2026-01-03 16:59:37.770132,0 days 00:00:09.564804,0.2765877978299709,64,0.00029785207813433514,2,COMPLETE
169,0.22422117540204387,2026-01-03 16:59:37.782064,2026-01-03 16:59:47.152827,0 days 00:00:09.370763,0.25942199817884604,64,0.00023598262856939936,2,COMPLETE
170,0.22368041914352924,2026-01-03 16:59:47.165476,2026-01-03 16:59:56.612668,0 days 00:00:09.447192,0.28929214239076073,64,0.00026708195609448143,2,COMPLETE
171,0.22189242444278004,2026-01-03 16:59:56.624963,2026-01-03 17:00:05.876326,0 days 00:00:09.251363,0.2727717877245287,64,0.0002479946261749124,2,COMPLETE
172,0.22372701063438596,2026-01-03 17:00:05.890594,2026-01-03 17:00:15.312202,0 days 00:00:09.421608,0.2719317006398873,64,0.0002411037439709555,2,COMPLETE
173,0.23383786811739748,2026-01-03 17:00:15.324777,2026-01-03 17:00:24.831551,0 days 00:00:09.506774,0.46848907129037415,64,0.00021410825401606403,2,COMPLETE
174,0.22482760223852194,2026-01-03 17:00:24.843947,2026-01-03 17:00:34.245460,0 days 00:00:09.401513,0.2816986475038287,64,0.00028004669027425187,2,COMPLETE
175,0.23137037201942473,2026-01-03 17:00:34.257820,2026-01-03 17:00:43.538897,0 days 00:00:09.281077,0.2643626066628275,64,0.00031162745946758705,2,COMPLETE
176,0.23153860500000706,2026-01-03 17:00:43.551014,2026-01-03 17:00:53.193325,0 days 00:00:09.642311,0.29062859133605945,64,0.0001964814064487829,2,COMPLETE
177,0.22498762237119863,2026-01-03 17:00:53.205029,2026-01-03 17:01:02.586040,0 days 00:00:09.381011,0.2713467821478591,64,0.0002721773198289175,2,COMPLETE
178,0.22886338121100824,2026-01-03 17:01:02.598719,2026-01-03 17:01:11.997773,0 days 00:00:09.399054,0.28024667436437556,64,1.821081698578893e-05,2,COMPLETE
179,0.22511267992449555,2026-01-03 17:01:12.013127,2026-01-03 17:01:21.648880,0 days 00:00:09.635753,0.252492988955704,64,0.00023317365536692673,2,COMPLETE
180,0.3104398239152795,2026-01-03 17:01:21.659715,2026-01-03 17:01:31.126989,0 days 00:00:09.467274,0.2943338517324372,96,0.0002577289741272537,2,COMPLETE
181,0.2232544818561425,2026-01-03 17:01:31.139183,2026-01-03 17:01:40.761780,0 days 00:00:09.622597,0.29963434463480665,64,0.00023971159197142236,2,COMPLETE
182,0.22324358568845729,2026-01-03 17:01:40.772982,2026-01-03 17:01:50.021280,0 days 00:00:09.248298,0.28274416413527576,64,0.00022765449867442569,2,COMPLETE
183,0.22238751143595037,2026-01-03 17:01:50.033167,2026-01-03 17:01:59.329822,0 days 00:00:09.296655,0.28742103926343243,64,0.00025787450172249407,2,COMPLETE
184,0.2288045281457255,2026-01-03 17:01:59.342398,2026-01-03 17:02:08.988703,0 days 00:00:09.646305,0.28325021003639084,64,0.0003272447870649705,2,COMPLETE
185,0.28852781133582656,2026-01-03 17:02:09.000926,2026-01-03 17:02:18.438504,0 days 00:00:09.437578,0.3591224555541801,64,0.0009434406218962628,2,COMPLETE
186,0.3387399929936303,2026-01-03 17:02:18.450799,2026-01-03 17:02:27.757660,0 days 00:00:09.306861,0.2862951536030273,32,0.0002957081140841779,2,COMPLETE
187,0.22661818350357918,2026-01-03 17:02:27.769490,2026-01-03 17:02:37.349364,0 days 00:00:09.579874,0.3096555021859316,64,0.00021410220941668444,2,COMPLETE
188,0.2236752408034032,2026-01-03 17:02:37.360502,2026-01-03 17:02:46.807515,0 days 00:00:09.447013,0.26670329559918304,64,0.00026049561991659095,2,COMPLETE
189,0.2253700124889614,2026-01-03 17:02:46.819958,2026-01-03 17:02:56.242452,0 days 00:00:09.422494,0.2936141426820398,64,0.000286761558945246,2,COMPLETE
190,0.23360639738775438,2026-01-03 17:02:56.253890,2026-01-03 17:03:05.569402,0 days 00:00:09.315512,0.27540347137624516,64,0.0001903324307824106,2,COMPLETE
191,0.22200595687183122,2026-01-03 17:03:05.582354,2026-01-03 17:03:14.868101,0 days 00:00:09.285747,0.2884635643871504,64,0.00024235424926914985,2,COMPLETE
192,0.22312327581390684,2026-01-03 17:03:14.882883,2026-01-03 17:03:24.275300,0 days 00:00:09.392417,0.2862913197260982,64,0.0002638393844716293,2,COMPLETE
193,0.22209835385303314,2026-01-03 17:03:24.288892,2026-01-03 17:03:33.874876,0 days 00:00:09.585984,0.28928607993786964,64,0.00025417439920424987,2,COMPLETE
194,0.22220058810681104,2026-01-03 17:03:33.887580,2026-01-03 17:03:43.347447,0 days 00:00:09.459867,0.28840300373010685,64,0.00025426746755460356,2,COMPLETE
195,0.2223363745412675,2026-01-03 17:03:43.359175,2026-01-03 17:03:52.723989,0 days 00:00:09.364814,0.2999213222307439,64,0.0002465499637297507,2,COMPLETE
196,0.22525612857267935,2026-01-03 17:03:52.736440,2026-01-03 17:04:02.214583,0 days 00:00:09.478143,0.291641448634235,64,0.0002153515432713991,2,COMPLETE
197,0.23815797450221024,2026-01-03 17:04:02.227757,2026-01-03 17:04:11.562955,0 days 00:00:09.335198,0.29836668481874373,64,9.750000148943784e-05,2,COMPLETE
198,0.22344064113578724,2026-01-03 17:04:11.574053,2026-01-03 17:04:21.029569,0 days 00:00:09.455516,0.3086995438153581,64,0.0002456687888453427,2,COMPLETE
199,0.3618250424865739,2026-01-03 17:04:21.041577,2026-01-03 17:04:31.091703,0 days 00:00:10.050126,0.273750441356505,128,0.00030350415671186653,2,COMPLETE
