number,value,datetime_start,datetime_complete,duration,params_dropout,params_hidden_size,params_learning_rate,params_n_layers,state
0,0.17443667347669772,2026-02-10 00:57:24.043490,2026-02-10 00:57:33.082667,0 days 00:00:09.039177,0.12323344486727979,32,5.6115164153345e-05,3,COMPLETE
1,0.2554189095144991,2026-02-10 00:57:33.367181,2026-02-10 00:57:41.951826,0 days 00:00:08.584645,0.18493564427131048,96,0.0005399484409787432,2,COMPLETE
2,0.1687372321611529,2026-02-10 00:57:42.209521,2026-02-10 00:57:50.330168,0 days 00:00:08.120647,,64,2.3102018878452926e-05,1,COMPLETE
3,0.16794819709575146,2026-02-10 00:57:50.602146,2026-02-10 00:57:58.905384,0 days 00:00:08.303238,,128,0.00016738085788752134,1,COMPLETE
4,0.16962820969272321,2026-02-10 00:57:59.165933,2026-02-10 00:58:07.853990,0 days 00:00:08.688057,0.12602063719411183,96,2.5081156860452307e-05,2,COMPLETE
5,0.27382528563256164,2026-02-10 00:58:08.124567,2026-02-10 00:58:17.253896,0 days 00:00:09.129329,0.27606099749584057,32,0.000790261954970823,3,COMPLETE
6,0.16657519550531888,2026-02-10 00:58:17.486593,2026-02-10 00:58:25.991664,0 days 00:00:08.505071,0.2246844304357644,64,1.7541893487450798e-05,2,COMPLETE
7,0.2453993922424998,2026-02-10 00:58:26.260756,2026-02-10 00:58:34.631042,0 days 00:00:08.370286,0.4579309401710595,64,0.00010968217207529509,2,COMPLETE
8,0.46609816834267387,2026-02-10 00:58:34.882017,2026-02-10 00:58:44.834065,0 days 00:00:09.952048,0.25547091587579285,128,0.0001569639638866114,3,COMPLETE
9,0.16858838895452993,2026-02-10 00:58:45.111624,2026-02-10 00:58:54.469605,0 days 00:00:09.357981,0.42087879230161584,96,3.488976654890367e-05,3,COMPLETE
10,0.1729727429096895,2026-02-10 00:58:54.686111,2026-02-10 00:59:02.567538,0 days 00:00:07.881427,,64,1.1014512904527948e-05,1,COMPLETE
11,0.23187144655158967,2026-02-10 00:59:02.831014,2026-02-10 00:59:11.256612,0 days 00:00:08.425598,,128,0.0002620752406670898,1,COMPLETE
12,0.2725914893688999,2026-02-10 00:59:11.524421,2026-02-10 00:59:20.582082,0 days 00:00:09.057661,0.35748509464952943,128,0.00028094793001598234,2,COMPLETE
13,0.17310840978883452,2026-02-10 00:59:20.855220,2026-02-10 00:59:29.036407,0 days 00:00:08.181187,,64,1.0770519403798261e-05,1,COMPLETE
14,0.1653765083598233,2026-02-10 00:59:29.321371,2026-02-10 00:59:37.548318,0 days 00:00:08.226947,,128,5.864896929230736e-05,1,COMPLETE
15,0.2198884027714134,2026-02-10 00:59:37.820935,2026-02-10 00:59:46.997594,0 days 00:00:09.176659,0.22877979028304715,128,6.548778800052398e-05,2,COMPLETE
16,0.1721605408741808,2026-02-10 00:59:47.280638,2026-02-10 00:59:55.830782,0 days 00:00:08.550144,0.3568862006611513,64,4.3630382871845353e-05,2,COMPLETE
17,0.17313221153172453,2026-02-10 00:59:56.102845,2026-02-10 01:00:04.111946,0 days 00:00:08.009101,,32,1.8924002222124442e-05,1,COMPLETE
18,0.15182627020816386,2026-02-10 01:00:04.371137,2026-02-10 01:00:12.690383,0 days 00:00:08.319246,,128,8.476798466510078e-05,1,COMPLETE
19,0.15468839916321114,2026-02-10 01:00:12.965286,2026-02-10 01:00:21.227462,0 days 00:00:08.262176,,128,7.520735845066467e-05,1,COMPLETE
20,0.15485657831003696,2026-02-10 01:00:21.507194,2026-02-10 01:00:29.956998,0 days 00:00:08.449804,,128,9.681135444857053e-05,1,COMPLETE
21,0.1522928826765237,2026-02-10 01:00:30.209580,2026-02-10 01:00:38.602156,0 days 00:00:08.392576,,128,8.086349707181126e-05,1,COMPLETE
22,0.1533874663326407,2026-02-10 01:00:38.874412,2026-02-10 01:00:47.223703,0 days 00:00:08.349291,,128,9.241955348390573e-05,1,COMPLETE
23,0.16603240819759796,2026-02-10 01:00:47.478811,2026-02-10 01:00:55.794637,0 days 00:00:08.315826,,128,0.00014043516875993371,1,COMPLETE
24,0.20365894919850855,2026-02-10 01:00:56.101198,2026-02-10 01:01:04.384751,0 days 00:00:08.283553,,128,0.0002281445804799224,1,COMPLETE
25,0.15933252190270272,2026-02-10 01:01:04.658176,2026-02-10 01:01:12.917897,0 days 00:00:08.259721,,128,0.00010848546864379389,1,COMPLETE
26,0.17005620325347026,2026-02-10 01:01:13.203747,2026-02-10 01:01:21.592674,0 days 00:00:08.388927,,128,4.040607180791209e-05,1,COMPLETE
27,0.36183089526528994,2026-02-10 01:01:21.863151,2026-02-10 01:01:30.102225,0 days 00:00:08.239074,,128,0.00042920688452947116,1,COMPLETE
28,0.2693904944073339,2026-02-10 01:01:30.365876,2026-02-10 01:01:40.217352,0 days 00:00:09.851476,0.49343915891322826,128,8.458467984696761e-05,2,COMPLETE
29,0.17107025340255802,2026-02-10 01:01:40.507965,2026-02-10 01:01:49.579463,0 days 00:00:09.071498,,32,4.820589937370411e-05,1,COMPLETE
30,0.21853341532168574,2026-02-10 01:01:49.826850,2026-02-10 01:01:58.337238,0 days 00:00:08.510388,,96,0.00012050269659585102,1,COMPLETE
31,0.15541767913453225,2026-02-10 01:01:58.588066,2026-02-10 01:02:07.734891,0 days 00:00:09.146825,,128,7.406374396774007e-05,1,COMPLETE
32,0.17811467673223608,2026-02-10 01:02:07.988564,2026-02-10 01:02:17.124801,0 days 00:00:09.136237,,128,0.0001928088872328728,1,COMPLETE
33,0.15205322219065923,2026-02-10 01:02:17.357153,2026-02-10 01:02:26.502454,0 days 00:00:09.145301,,128,8.236756604298511e-05,1,COMPLETE
34,0.16979896639594075,2026-02-10 01:02:26.723410,2026-02-10 01:02:35.761668,0 days 00:00:09.038258,,128,3.0867472356706796e-05,1,COMPLETE
35,0.1720111813583248,2026-02-10 01:02:36.138771,2026-02-10 01:02:45.128748,0 days 00:00:08.989977,,32,6.238481938846336e-05,1,COMPLETE
36,0.19201081612310386,2026-02-10 01:02:45.400794,2026-02-10 01:02:54.396327,0 days 00:00:08.995533,,96,0.0003621232459824883,1,COMPLETE
37,0.28178197577764463,2026-02-10 01:02:54.678508,2026-02-10 01:03:04.750272,0 days 00:00:10.071764,0.3324952049973337,128,0.0001322136407592638,2,COMPLETE
38,0.28598137753052905,2026-02-10 01:03:05.191713,2026-02-10 01:03:15.108497,0 days 00:00:09.916784,0.4164844188447767,128,9.584928616942551e-05,2,COMPLETE
39,0.16799051538850227,2026-02-10 01:03:15.377458,2026-02-10 01:03:24.507539,0 days 00:00:09.130081,,128,5.2098854567774226e-05,1,COMPLETE
40,0.2370334059240761,2026-02-10 01:03:24.752301,2026-02-10 01:03:33.664823,0 days 00:00:08.912522,,96,0.0001843486697839561,1,COMPLETE
41,0.1577282653525565,2026-02-10 01:03:33.932011,2026-02-10 01:03:43.181452,0 days 00:00:09.249441,,128,7.05440028004746e-05,1,COMPLETE
42,0.15177762206393827,2026-02-10 01:03:43.454508,2026-02-10 01:03:52.856017,0 days 00:00:09.401509,,128,8.437522483678704e-05,1,COMPLETE
43,0.3669625672666767,2026-02-10 01:03:53.129676,2026-02-10 01:04:04.011386,0 days 00:00:10.881710,0.17540583322921247,128,8.695438905440285e-05,3,COMPLETE
44,0.46741469818467596,2026-02-10 01:04:04.274688,2026-02-10 01:04:13.343918,0 days 00:00:09.069230,,128,0.0008693801653136934,1,COMPLETE
45,0.17169738414500196,2026-02-10 01:04:13.587155,2026-02-10 01:04:22.491277,0 days 00:00:08.904122,,32,2.869675147153326e-05,1,COMPLETE
46,0.16647972213665563,2026-02-10 01:04:22.734084,2026-02-10 01:04:31.912914,0 days 00:00:09.178830,,128,0.0001563513120189799,1,COMPLETE
47,0.2690342465976102,2026-02-10 01:04:32.151881,2026-02-10 01:04:41.568132,0 days 00:00:09.416251,0.30232081328452187,64,0.00011606604725272412,2,COMPLETE
48,0.1682067101290306,2026-02-10 01:04:41.836948,2026-02-10 01:04:51.131658,0 days 00:00:09.294710,,128,5.149423245600158e-05,1,COMPLETE
49,0.17012919036509994,2026-02-10 01:04:51.365829,2026-02-10 01:05:00.627494,0 days 00:00:09.261665,,128,3.897546092160336e-05,1,COMPLETE
