number,value,datetime_start,datetime_complete,duration,params_random_seed,system_attrs_fixed_params,state
0,0.0908282208833616,2026-01-22 02:38:44.670339,2026-01-22 02:38:53.985261,0 days 00:00:09.314922,42,{'random_seed': 42},COMPLETE
1,0.0957885859834122,2026-01-22 02:38:54.284435,2026-01-22 02:39:03.164483,0 days 00:00:08.880048,37455,,COMPLETE
2,0.1237219960265507,2026-01-22 02:39:03.416249,2026-01-22 02:39:12.331594,0 days 00:00:08.915345,95072,,COMPLETE
3,0.2428040194241069,2026-01-22 02:39:12.603225,2026-01-22 02:39:21.562081,0 days 00:00:08.958856,73200,,COMPLETE
4,0.23466364549799523,2026-01-22 02:39:21.873407,2026-01-22 02:39:31.148472,0 days 00:00:09.275065,59866,,COMPLETE
5,0.10944990659681507,2026-01-22 02:39:31.454586,2026-01-22 02:39:40.373249,0 days 00:00:08.918663,15602,,COMPLETE
6,0.19818404377175924,2026-01-22 02:39:40.680344,2026-01-22 02:39:49.576219,0 days 00:00:08.895875,15600,,COMPLETE
7,0.1887066124113339,2026-01-22 02:39:49.913698,2026-01-22 02:39:59.027368,0 days 00:00:09.113670,5809,,COMPLETE
8,0.11736431394847836,2026-01-22 02:39:59.352958,2026-01-22 02:40:08.350131,0 days 00:00:08.997173,86618,,COMPLETE
9,0.15759117891778288,2026-01-22 02:40:08.613711,2026-01-22 02:40:17.445491,0 days 00:00:08.831780,60112,,COMPLETE
10,0.10945153288153907,2026-01-22 02:40:17.713498,2026-01-22 02:40:26.638843,0 days 00:00:08.925345,33435,,COMPLETE
11,0.1711927130559823,2026-01-22 02:40:26.943944,2026-01-22 02:40:36.153028,0 days 00:00:09.209084,40598,,COMPLETE
12,0.11684529936082252,2026-01-22 02:40:36.451826,2026-01-22 02:40:45.344453,0 days 00:00:08.892627,27723,,COMPLETE
13,0.20113134146426387,2026-01-22 02:40:45.663923,2026-01-22 02:40:54.538983,0 days 00:00:08.875060,1900,,COMPLETE
14,0.18695566509323847,2026-01-22 02:40:54.838893,2026-01-22 02:41:03.729493,0 days 00:00:08.890600,46801,,COMPLETE
15,0.2080600660979994,2026-01-22 02:41:03.995628,2026-01-22 02:41:13.211242,0 days 00:00:09.215614,23060,,COMPLETE
16,0.1154368164936384,2026-01-22 02:41:13.527124,2026-01-22 02:41:22.546447,0 days 00:00:09.019323,55246,,COMPLETE
17,0.18992833799344017,2026-01-22 02:41:22.848347,2026-01-22 02:41:31.725754,0 days 00:00:08.877407,73078,,COMPLETE
18,0.09229999518352724,2026-01-22 02:41:31.979814,2026-01-22 02:41:41.167170,0 days 00:00:09.187356,38309,,COMPLETE
19,0.2583874080317579,2026-01-22 02:41:41.438273,2026-01-22 02:41:50.375781,0 days 00:00:08.937508,12556,,COMPLETE
20,0.3152221627277931,2026-01-22 02:41:50.680984,2026-01-22 02:41:59.593927,0 days 00:00:08.912943,71436,,COMPLETE
21,0.09678857957977707,2026-01-22 02:41:59.858149,2026-01-22 02:42:08.776813,0 days 00:00:08.918664,35928,,COMPLETE
22,0.2765357370141281,2026-01-22 02:42:09.118685,2026-01-22 02:42:18.275444,0 days 00:00:09.156759,46235,,COMPLETE
23,0.1985394229997292,2026-01-22 02:42:18.596720,2026-01-22 02:42:27.560173,0 days 00:00:08.963453,28013,,COMPLETE
24,0.33032171286495693,2026-01-22 02:42:27.822760,2026-01-22 02:42:36.919269,0 days 00:00:09.096509,20105,,COMPLETE
25,0.17900416643101988,2026-01-22 02:42:37.227890,2026-01-22 02:42:46.397480,0 days 00:00:09.169590,40613,,COMPLETE
26,0.10597034293105972,2026-01-22 02:42:46.677334,2026-01-22 02:42:55.586597,0 days 00:00:08.909263,51361,,COMPLETE
27,0.19075447123192257,2026-01-22 02:42:55.904162,2026-01-22 02:43:04.950015,0 days 00:00:09.045853,8361,,COMPLETE
28,0.17408900386866238,2026-01-22 02:43:05.262424,2026-01-22 02:43:14.150858,0 days 00:00:08.888434,606,,COMPLETE
29,0.16953600377407116,2026-01-22 02:43:14.416720,2026-01-22 02:43:23.866252,0 days 00:00:09.449532,89392,,COMPLETE
30,0.08737523279831523,2026-01-22 02:43:24.163951,2026-01-22 02:43:33.194970,0 days 00:00:09.031019,65301,,COMPLETE
31,0.17095073827573723,2026-01-22 02:43:33.466829,2026-01-22 02:43:42.358771,0 days 00:00:08.891942,68954,,COMPLETE
32,0.15605690356060492,2026-01-22 02:43:42.675977,2026-01-22 02:43:51.994695,0 days 00:00:09.318718,83510,,COMPLETE
33,0.11175132611664104,2026-01-22 02:43:52.292020,2026-01-22 02:44:01.159947,0 days 00:00:08.867927,64743,,COMPLETE
34,0.09643938658541322,2026-01-22 02:44:01.449624,2026-01-22 02:44:10.280643,0 days 00:00:08.831019,77358,,COMPLETE
35,0.13865633455981285,2026-01-22 02:44:10.517087,2026-01-22 02:44:19.359613,0 days 00:00:08.842526,55529,,COMPLETE
36,0.2753476135311583,2026-01-22 02:44:19.616012,2026-01-22 02:44:28.939520,0 days 00:00:09.323508,64112,,COMPLETE
37,0.10100828683211512,2026-01-22 02:44:29.236971,2026-01-22 02:44:38.280623,0 days 00:00:09.043652,99602,,COMPLETE
38,0.208986588553605,2026-01-22 02:44:38.563918,2026-01-22 02:44:47.453621,0 days 00:00:08.889703,32605,,COMPLETE
39,0.08986970388826697,2026-01-22 02:44:47.758599,2026-01-22 02:44:56.919005,0 days 00:00:09.160406,43226,,COMPLETE
40,0.13887526734931913,2026-01-22 02:44:57.185457,2026-01-22 02:45:06.018408,0 days 00:00:08.832951,79993,,COMPLETE
41,0.16643104288653893,2026-01-22 02:45:06.278042,2026-01-22 02:45:15.145154,0 days 00:00:08.867112,41457,,COMPLETE
42,0.18114732687394042,2026-01-22 02:45:15.395035,2026-01-22 02:45:24.298828,0 days 00:00:08.903793,50462,,COMPLETE
43,0.10182355564454655,2026-01-22 02:45:24.592452,2026-01-22 02:45:33.804957,0 days 00:00:09.212505,36750,,COMPLETE
44,0.2959391234612409,2026-01-22 02:45:34.291726,2026-01-22 02:45:43.111567,0 days 00:00:08.819841,28015,,COMPLETE
45,0.11009346867754263,2026-01-22 02:45:43.394879,2026-01-22 02:45:52.280539,0 days 00:00:08.885660,45682,,COMPLETE
46,0.1306753079994629,2026-01-22 02:45:52.575359,2026-01-22 02:46:01.724783,0 days 00:00:09.149424,20113,,COMPLETE
47,0.15686636388299224,2026-01-22 02:46:02.027316,2026-01-22 02:46:10.896976,0 days 00:00:08.869660,56923,,COMPLETE
48,0.10918645340114728,2026-01-22 02:46:11.181330,2026-01-22 02:46:20.051959,0 days 00:00:08.870629,60957,,COMPLETE
49,0.09023483058982151,2026-01-22 02:46:20.295655,2026-01-22 02:46:29.193168,0 days 00:00:08.897513,14594,,COMPLETE
50,0.1950309629920133,2026-01-22 02:46:29.471825,2026-01-22 02:46:38.517749,0 days 00:00:09.045924,7308,,COMPLETE
51,0.14383449055706413,2026-01-22 02:46:38.834751,2026-01-22 02:46:47.684931,0 days 00:00:08.850180,11482,,COMPLETE
52,0.15858472671995072,2026-01-22 02:46:47.925122,2026-01-22 02:46:56.763763,0 days 00:00:08.838641,15350,,COMPLETE
53,0.13545580312532338,2026-01-22 02:46:57.078296,2026-01-22 02:47:06.263473,0 days 00:00:09.185177,31894,,COMPLETE
54,0.09322649805604798,2026-01-22 02:47:06.533053,2026-01-22 02:47:15.382450,0 days 00:00:08.849397,4452,,COMPLETE
55,0.16959966318862002,2026-01-22 02:47:15.764512,2026-01-22 02:47:24.595549,0 days 00:00:08.831037,4492,,COMPLETE
56,0.22088132093947335,2026-01-22 02:47:24.881357,2026-01-22 02:47:33.649445,0 days 00:00:08.768088,10516,,COMPLETE
57,0.20899027305129558,2026-01-22 02:47:33.887325,2026-01-22 02:47:43.020056,0 days 00:00:09.132731,2893,,COMPLETE
58,0.22843891792632598,2026-01-22 02:47:43.351377,2026-01-22 02:47:52.350089,0 days 00:00:08.998712,21439,,COMPLETE
59,0.19544557002857596,2026-01-22 02:47:52.625106,2026-01-22 02:48:01.495261,0 days 00:00:08.870155,15985,,COMPLETE
60,0.168447039459497,2026-01-22 02:48:01.806749,2026-01-22 02:48:10.709568,0 days 00:00:08.902819,5517,,COMPLETE
61,0.21898455910756845,2026-01-22 02:48:11.015465,2026-01-22 02:48:20.241086,0 days 00:00:09.225621,42764,,COMPLETE
62,0.11305112932654751,2026-01-22 02:48:20.551584,2026-01-22 02:48:29.491804,0 days 00:00:08.940220,35335,,COMPLETE
63,0.31777419729152767,2026-01-22 02:48:29.740219,2026-01-22 02:48:38.667188,0 days 00:00:08.926969,1004,,COMPLETE
64,0.22057207207704246,2026-01-22 02:48:38.902304,2026-01-22 02:48:48.022941,0 days 00:00:09.120637,16901,,COMPLETE
65,0.2916082268116222,2026-01-22 02:48:48.365040,2026-01-22 02:48:57.166348,0 days 00:00:08.801308,52253,,COMPLETE
66,0.12268338616665501,2026-01-22 02:48:57.396157,2026-01-22 02:49:06.222256,0 days 00:00:08.826099,24228,,COMPLETE
67,0.10301584845523207,2026-01-22 02:49:06.473160,2026-01-22 02:49:15.311284,0 days 00:00:08.838124,44771,,COMPLETE
68,0.18450140599088793,2026-01-22 02:49:15.591052,2026-01-22 02:49:24.696156,0 days 00:00:09.105104,39156,,COMPLETE
69,0.20354682165104776,2026-01-22 02:49:24.991510,2026-01-22 02:49:33.851351,0 days 00:00:08.859841,9195,,COMPLETE
70,0.21458598054730538,2026-01-22 02:49:34.075535,2026-01-22 02:49:42.968013,0 days 00:00:08.892478,29897,,COMPLETE
71,0.0978467380493867,2026-01-22 02:49:43.257473,2026-01-22 02:49:52.350840,0 days 00:00:09.093367,76963,,COMPLETE
72,0.22872785200758414,2026-01-22 02:49:52.646709,2026-01-22 02:50:01.424464,0 days 00:00:08.777755,67808,,COMPLETE
73,0.22486647520699582,2026-01-22 02:50:01.677999,2026-01-22 02:50:10.571364,0 days 00:00:08.893365,91043,,COMPLETE
74,0.2799761731354363,2026-01-22 02:50:10.877280,2026-01-22 02:50:19.629903,0 days 00:00:08.752623,74682,,COMPLETE
75,0.12555438020122348,2026-01-22 02:50:19.912293,2026-01-22 02:50:29.058588,0 days 00:00:09.146295,81885,,COMPLETE
76,0.14158880129968832,2026-01-22 02:50:29.357145,2026-01-22 02:50:38.165258,0 days 00:00:08.808113,48168,,COMPLETE
77,0.14022504584606343,2026-01-22 02:50:38.415639,2026-01-22 02:50:47.300003,0 days 00:00:08.884364,24083,,COMPLETE
78,0.22102035947027654,2026-01-22 02:50:47.646535,2026-01-22 02:50:56.781240,0 days 00:00:09.134705,59098,,COMPLETE
79,0.15277598045526083,2026-01-22 02:50:57.073002,2026-01-22 02:51:05.923655,0 days 00:00:08.850653,3798,,COMPLETE
80,0.24189174699791993,2026-01-22 02:51:06.153153,2026-01-22 02:51:15.063456,0 days 00:00:08.910303,53373,,COMPLETE
81,0.16433852801144985,2026-01-22 02:51:15.353021,2026-01-22 02:51:24.181035,0 days 00:00:08.828014,36953,,COMPLETE
82,0.21524772020113114,2026-01-22 02:51:24.409698,2026-01-22 02:51:33.515191,0 days 00:00:09.105493,39590,,COMPLETE
83,0.11274364213386749,2026-01-22 02:51:33.821552,2026-01-22 02:51:42.610881,0 days 00:00:08.789329,48323,,COMPLETE
84,0.22749920771088922,2026-01-22 02:51:42.896932,2026-01-22 02:51:51.745517,0 days 00:00:08.848585,43350,,COMPLETE
85,0.14074610909863225,2026-01-22 02:51:52.101768,2026-01-22 02:52:01.258424,0 days 00:00:09.156656,35671,,COMPLETE
86,0.12006995346728375,2026-01-22 02:52:01.543392,2026-01-22 02:52:10.390623,0 days 00:00:08.847231,345,,COMPLETE
87,0.13049072004578036,2026-01-22 02:52:10.618378,2026-01-22 02:52:19.426493,0 days 00:00:08.808115,6962,,COMPLETE
88,0.19456232383572974,2026-01-22 02:52:19.678274,2026-01-22 02:52:28.577370,0 days 00:00:08.899096,13782,,COMPLETE
89,0.2684210303454195,2026-01-22 02:52:28.809369,2026-01-22 02:52:38.215853,0 days 00:00:09.406484,30949,,COMPLETE
90,0.10775860498521227,2026-01-22 02:52:38.523193,2026-01-22 02:52:48.228355,0 days 00:00:09.705162,87255,,COMPLETE
91,0.2678706761089788,2026-01-22 02:52:48.533718,2026-01-22 02:52:58.547272,0 days 00:00:10.013554,75114,,COMPLETE
92,0.09233561647832159,2026-01-22 02:52:58.845089,2026-01-22 02:53:09.042593,0 days 00:00:10.197504,77974,,COMPLETE
93,0.2021805438408833,2026-01-22 02:53:09.365921,2026-01-22 02:53:19.371035,0 days 00:00:10.005114,70626,,COMPLETE
94,0.19991559573373208,2026-01-22 02:53:19.641811,2026-01-22 02:53:29.571924,0 days 00:00:09.930113,79909,,COMPLETE
95,0.16193356805699854,2026-01-22 02:53:29.885216,2026-01-22 02:53:39.985396,0 days 00:00:10.100180,65620,,COMPLETE
96,0.15926884605993147,2026-01-22 02:53:40.297571,2026-01-22 02:53:50.590771,0 days 00:00:10.293200,95506,,COMPLETE
97,0.09854307772655276,2026-01-22 02:53:50.917547,2026-01-22 02:54:00.961239,0 days 00:00:10.043692,26075,,COMPLETE
98,0.1218448759053629,2026-01-22 02:54:01.245403,2026-01-22 02:54:11.170475,0 days 00:00:09.925072,38433,,COMPLETE
99,0.161223695278033,2026-01-22 02:54:11.459096,2026-01-22 02:54:21.450624,0 days 00:00:09.991528,18460,,COMPLETE
100,0.10065220934250703,2026-01-22 02:54:21.733281,2026-01-22 02:54:31.985660,0 days 00:00:10.252379,78506,,COMPLETE
101,0.30467754992874624,2026-01-22 02:54:32.283335,2026-01-22 02:54:42.389342,0 days 00:00:10.106007,75651,,COMPLETE
102,0.12656187195201324,2026-01-22 02:54:42.689348,2026-01-22 02:54:52.673156,0 days 00:00:09.983808,77170,,COMPLETE
103,0.14875797226133636,2026-01-22 02:54:52.967488,2026-01-22 02:55:03.199775,0 days 00:00:10.232287,84300,,COMPLETE
104,0.25755459228753935,2026-01-22 02:55:03.523623,2026-01-22 02:55:13.501624,0 days 00:00:09.978001,62191,,COMPLETE
105,0.193829290860613,2026-01-22 02:55:13.763378,2026-01-22 02:55:23.855285,0 days 00:00:10.091907,41820,,COMPLETE
106,0.1601914030309863,2026-01-22 02:55:24.176584,2026-01-22 02:55:34.205046,0 days 00:00:10.028462,69361,,COMPLETE
107,0.12644815815004423,2026-01-22 02:55:34.507489,2026-01-22 02:55:44.869602,0 days 00:00:10.362113,73260,,COMPLETE
108,0.2326754448209048,2026-01-22 02:55:45.297648,2026-01-22 02:55:55.356276,0 days 00:00:10.058628,83300,,COMPLETE
109,0.10315720796496806,2026-01-22 02:55:55.773929,2026-01-22 02:56:05.784127,0 days 00:00:10.010198,33625,,COMPLETE
110,0.08498592585069589,2026-01-22 02:56:06.148805,2026-01-22 02:56:16.096185,0 days 00:00:09.947380,9804,,COMPLETE
111,0.19757032544392306,2026-01-22 02:56:16.522354,2026-01-22 02:56:25.717894,0 days 00:00:09.195540,9793,,COMPLETE
112,0.21766309595925787,2026-01-22 02:56:26.036127,2026-01-22 02:56:35.252767,0 days 00:00:09.216640,43404,,COMPLETE
113,0.15452849217451467,2026-01-22 02:56:35.572154,2026-01-22 02:56:44.709544,0 days 00:00:09.137390,2967,,COMPLETE
114,0.17868942808930918,2026-01-22 02:56:44.982479,2026-01-22 02:56:54.446547,0 days 00:00:09.464068,5530,,COMPLETE
115,0.16549004046652044,2026-01-22 02:56:54.742158,2026-01-22 02:57:03.945646,0 days 00:00:09.203488,13560,,COMPLETE
116,0.21386634217409947,2026-01-22 02:57:04.224196,2026-01-22 02:57:13.213441,0 days 00:00:08.989245,8375,,COMPLETE
117,0.13945118985354504,2026-01-22 02:57:13.492262,2026-01-22 02:57:22.674244,0 days 00:00:09.181982,11657,,COMPLETE
118,0.24012293844472382,2026-01-22 02:57:22.977871,2026-01-22 02:57:31.982621,0 days 00:00:09.004750,66771,,COMPLETE
119,0.1612777899657812,2026-01-22 02:57:32.280844,2026-01-22 02:57:41.253302,0 days 00:00:08.972458,71768,,COMPLETE
120,0.1759449092717104,2026-01-22 02:57:41.548169,2026-01-22 02:57:50.691789,0 days 00:00:09.143620,34176,,COMPLETE
121,0.11485390640376458,2026-01-22 02:57:50.979729,2026-01-22 02:58:00.214448,0 days 00:00:09.234719,26673,,COMPLETE
122,0.1654559074959023,2026-01-22 02:58:00.535420,2026-01-22 02:58:09.498372,0 days 00:00:08.962952,29212,,COMPLETE
123,0.1864882870295735,2026-01-22 02:58:09.769684,2026-01-22 02:58:18.712083,0 days 00:00:08.942399,1813,,COMPLETE
124,0.135973309525201,2026-01-22 02:58:19.002652,2026-01-22 02:58:28.240684,0 days 00:00:09.238032,25437,,COMPLETE
125,0.15891623543687314,2026-01-22 02:58:28.527599,2026-01-22 02:58:37.457085,0 days 00:00:08.929486,47327,,COMPLETE
126,0.11319516388238808,2026-01-22 02:58:37.762355,2026-01-22 02:58:46.676796,0 days 00:00:08.914441,22044,,COMPLETE
127,0.15878680766086237,2026-01-22 02:58:47.005854,2026-01-22 02:58:55.900750,0 days 00:00:08.894896,6789,,COMPLETE
128,0.17211879402332292,2026-01-22 02:58:56.162280,2026-01-22 02:59:05.443311,0 days 00:00:09.281031,38986,,COMPLETE
129,0.10122668442269611,2026-01-22 02:59:05.770567,2026-01-22 02:59:14.777161,0 days 00:00:09.006594,80693,,COMPLETE
130,0.31388910429795197,2026-01-22 02:59:15.050890,2026-01-22 02:59:24.066166,0 days 00:00:09.015276,44797,,COMPLETE
131,0.28690408007831886,2026-01-22 02:59:24.339101,2026-01-22 02:59:33.632692,0 days 00:00:09.293591,77452,,COMPLETE
132,0.11394705126148369,2026-01-22 02:59:33.943384,2026-01-22 02:59:42.848842,0 days 00:00:08.905458,78384,,COMPLETE
133,0.1386826297707993,2026-01-22 02:59:43.154820,2026-01-22 02:59:52.155280,0 days 00:00:09.000460,37812,,COMPLETE
134,0.13455172541414376,2026-01-22 02:59:52.438112,2026-01-22 03:00:01.311451,0 days 00:00:08.873339,40660,,COMPLETE
135,0.20142352972177188,2026-01-22 03:00:01.596358,2026-01-22 03:00:10.808604,0 days 00:00:09.212246,85575,,COMPLETE
136,0.12585554566605583,2026-01-22 03:00:11.096359,2026-01-22 03:00:19.953639,0 days 00:00:08.857280,79316,,COMPLETE
137,0.08588313398265993,2026-01-22 03:00:20.253906,2026-01-22 03:00:29.254927,0 days 00:00:09.001021,82666,,COMPLETE
138,0.2394567571596352,2026-01-22 03:00:29.557183,2026-01-22 03:00:38.434770,0 days 00:00:08.877587,82876,,COMPLETE
139,0.09733727398913056,2026-01-22 03:00:38.697514,2026-01-22 03:00:47.904828,0 days 00:00:09.207314,17819,,COMPLETE
140,0.16960653302890355,2026-01-22 03:00:48.192472,2026-01-22 03:00:57.176332,0 days 00:00:08.983860,18158,,COMPLETE
141,0.17769672870621017,2026-01-22 03:00:57.451492,2026-01-22 03:01:06.357897,0 days 00:00:08.906405,11064,,COMPLETE
142,0.13111109121336162,2026-01-22 03:01:06.690568,2026-01-22 03:01:15.824850,0 days 00:00:09.134282,88338,,COMPLETE
143,0.119260077012384,2026-01-22 03:01:16.121938,2026-01-22 03:01:25.172801,0 days 00:00:09.050863,14819,,COMPLETE
144,0.09726767259879841,2026-01-22 03:01:25.490545,2026-01-22 03:01:34.413433,0 days 00:00:08.922888,91961,,COMPLETE
145,0.09070934655440273,2026-01-22 03:01:34.733556,2026-01-22 03:01:43.501390,0 days 00:00:08.767834,97919,,COMPLETE
146,0.15906885525707512,2026-01-22 03:01:43.776174,2026-01-22 03:01:52.920649,0 days 00:00:09.144475,97229,,COMPLETE
147,0.13507384224176638,2026-01-22 03:01:53.251724,2026-01-22 03:02:02.141653,0 days 00:00:08.889929,94944,,COMPLETE
148,0.19103827521518837,2026-01-22 03:02:02.425643,2026-01-22 03:02:11.395462,0 days 00:00:08.969819,91837,,COMPLETE
149,0.2701986198427207,2026-01-22 03:02:11.670388,2026-01-22 03:02:21.119033,0 days 00:00:09.448645,98229,,COMPLETE
