number,value,datetime_start,datetime_complete,duration,params_dropout,params_hidden_size,params_learning_rate,params_n_layers,state
0,0.14056870453476397,2026-01-03 23:09:26.373721,2026-01-03 23:09:37.982466,0 days 00:00:11.608745,0.12323344486727979,32,5.6115164153345e-05,3,COMPLETE
1,0.15099288975245054,2026-01-03 23:09:37.998467,2026-01-03 23:09:48.533594,0 days 00:00:10.535127,0.18493564427131048,96,0.0005399484409787432,2,COMPLETE
2,0.15932232136175442,2026-01-03 23:09:48.545074,2026-01-03 23:09:58.802666,0 days 00:00:10.257592,,64,2.3102018878452926e-05,1,COMPLETE
3,0.18974900044817394,2026-01-03 23:09:58.814427,2026-01-03 23:10:09.213917,0 days 00:00:10.399490,,128,0.00016738085788752134,1,COMPLETE
4,0.1344842455540265,2026-01-03 23:10:09.225481,2026-01-03 23:10:20.166087,0 days 00:00:10.940606,0.12602063719411183,96,2.5081156860452307e-05,2,COMPLETE
5,0.14419783437172493,2026-01-03 23:10:20.179029,2026-01-03 23:10:31.258704,0 days 00:00:11.079675,0.27606099749584057,32,0.000790261954970823,3,COMPLETE
6,0.17778965056928756,2026-01-03 23:10:31.272416,2026-01-03 23:10:41.845856,0 days 00:00:10.573440,0.2246844304357644,64,1.7541893487450798e-05,2,COMPLETE
7,0.14285823564496167,2026-01-03 23:10:41.856198,2026-01-03 23:10:52.466835,0 days 00:00:10.610637,0.4579309401710595,64,0.00010968217207529509,2,COMPLETE
8,0.16081358491722095,2026-01-03 23:10:52.477755,2026-01-03 23:11:04.944327,0 days 00:00:12.466572,0.25547091587579285,128,0.0001569639638866114,3,COMPLETE
9,0.13809257549189757,2026-01-03 23:11:04.955683,2026-01-03 23:11:16.212570,0 days 00:00:11.256887,0.42087879230161584,96,3.488976654890367e-05,3,COMPLETE
10,0.14005923145392715,2026-01-03 23:11:16.223869,2026-01-03 23:11:26.490875,0 days 00:00:10.267006,,96,1.1176284636053914e-05,1,COMPLETE
11,0.13417363929533327,2026-01-03 23:11:26.501951,2026-01-03 23:11:37.696376,0 days 00:00:11.194425,0.4185413303727785,96,4.260390924999258e-05,2,COMPLETE
12,0.13479193254388466,2026-01-03 23:11:37.712671,2026-01-03 23:11:48.382175,0 days 00:00:10.669504,0.37456142900281797,96,6.094046787183484e-05,2,COMPLETE
13,0.13409458282290312,2026-01-03 23:11:48.393781,2026-01-03 23:11:59.076326,0 days 00:00:10.682545,0.4005762462636999,96,3.8678194880473085e-05,2,COMPLETE
14,0.13443840197664642,2026-01-03 23:11:59.089450,2026-01-03 23:12:09.693607,0 days 00:00:10.604157,0.3576566958861141,96,4.999331067889133e-05,2,COMPLETE
15,0.1439976631974292,2026-01-03 23:12:09.704553,2026-01-03 23:12:20.660173,0 days 00:00:10.955620,0.49700582615477323,96,0.00021563835424139933,2,COMPLETE
16,0.16008192348478456,2026-01-03 23:12:20.672070,2026-01-03 23:12:30.985695,0 days 00:00:10.313625,,96,8.5598501211344e-05,1,COMPLETE
17,0.1530897342930533,2026-01-03 23:12:30.996268,2026-01-03 23:12:41.695701,0 days 00:00:10.699433,0.34934720124612645,32,1.0493393330708203e-05,2,COMPLETE
18,0.17355419756172166,2026-01-03 23:12:41.707060,2026-01-03 23:12:54.226158,0 days 00:00:12.519098,0.41227172225449027,128,0.00028961603572682067,3,COMPLETE
19,0.14543542967472223,2026-01-03 23:12:54.236865,2026-01-03 23:13:04.770804,0 days 00:00:10.533939,,96,3.6215740313922745e-05,1,COMPLETE
20,0.1345139827723565,2026-01-03 23:13:04.782908,2026-01-03 23:13:15.818426,0 days 00:00:11.035518,0.31082147283878153,96,8.961987380371809e-05,2,COMPLETE
21,0.13420942809908,2026-01-03 23:13:15.829793,2026-01-03 23:13:26.763777,0 days 00:00:10.933984,0.3520343268820955,96,4.431326257074161e-05,2,COMPLETE
22,0.13411771523272265,2026-01-03 23:13:26.774924,2026-01-03 23:13:38.246981,0 days 00:00:11.472057,0.42067789516749654,96,3.9747358153530675e-05,2,COMPLETE
23,0.13531983485879345,2026-01-03 23:13:38.260857,2026-01-03 23:13:49.337811,0 days 00:00:11.076954,0.4300006433496215,96,1.831086530913489e-05,2,COMPLETE
24,0.1341588682696659,2026-01-03 23:13:49.349358,2026-01-03 23:14:00.449998,0 days 00:00:11.100640,0.49147843625579934,96,2.8462743234515243e-05,2,COMPLETE
25,0.13414207712857107,2026-01-03 23:14:00.462057,2026-01-03 23:14:12.103416,0 days 00:00:11.641359,0.4959361802240291,96,2.882086314513745e-05,2,COMPLETE
26,0.163487389543395,2026-01-03 23:14:12.114943,2026-01-03 23:14:23.809667,0 days 00:00:11.694724,0.45831192871171256,32,1.6291263176681826e-05,3,COMPLETE
27,0.15973421414352093,2026-01-03 23:14:23.820998,2026-01-03 23:14:34.685699,0 days 00:00:10.864701,,64,7.259457479364267e-05,1,COMPLETE
28,0.13241563508715137,2026-01-03 23:14:34.696912,2026-01-03 23:14:46.299314,0 days 00:00:11.602402,0.46248259355872334,128,3.0376453416717094e-05,2,COMPLETE
29,0.14659721824739533,2026-01-03 23:14:46.313804,2026-01-03 23:14:59.207431,0 days 00:00:12.893627,0.3889876671748449,128,5.998251194264984e-05,3,COMPLETE
30,0.13161856068942548,2026-01-03 23:14:59.219346,2026-01-03 23:15:10.764385,0 days 00:00:11.545039,0.45552351097312327,128,1.5150130551987053e-05,2,COMPLETE
31,0.1316057602942462,2026-01-03 23:15:10.779943,2026-01-03 23:15:22.386554,0 days 00:00:11.606611,0.45906288592305045,128,1.4689187292669247e-05,2,COMPLETE
32,0.1315792209522293,2026-01-03 23:15:22.399961,2026-01-03 23:15:33.830594,0 days 00:00:11.430633,0.45964442594761773,128,1.3434313783685703e-05,2,COMPLETE
33,0.13160350036421287,2026-01-03 23:15:33.844772,2026-01-03 23:15:45.684656,0 days 00:00:11.839884,0.4588302122696468,128,1.4650877736415819e-05,2,COMPLETE
34,0.1315847342796835,2026-01-03 23:15:45.696217,2026-01-03 23:15:57.162351,0 days 00:00:11.466134,0.45415034239605895,128,1.3694586328087644e-05,2,COMPLETE
35,0.13156944461471143,2026-01-03 23:15:57.174503,2026-01-03 23:16:08.703097,0 days 00:00:11.528594,0.4430458690503174,128,1.2491140917027733e-05,2,COMPLETE
36,0.1504935881567726,2026-01-03 23:16:08.718527,2026-01-03 23:16:19.969437,0 days 00:00:11.250910,,128,2.1216907439465558e-05,1,COMPLETE
37,0.1315732256274245,2026-01-03 23:16:19.980786,2026-01-03 23:16:31.282486,0 days 00:00:11.301700,0.439340000528186,128,1.2794186198919152e-05,2,COMPLETE
38,0.13158205825907343,2026-01-03 23:16:31.294028,2026-01-03 23:16:42.553359,0 days 00:00:11.259331,0.3179540068171512,128,1.194628125578663e-05,2,COMPLETE
39,0.14823479230718228,2026-01-03 23:16:42.564509,2026-01-03 23:16:54.843363,0 days 00:00:12.278854,0.14915392403437544,128,2.1290042473449235e-05,3,COMPLETE
40,0.1504825920818047,2026-01-03 23:16:54.854318,2026-01-03 23:17:06.306869,0 days 00:00:11.452551,,128,1.029111421193477e-05,1,COMPLETE
41,0.13158183475511978,2026-01-03 23:17:06.319187,2026-01-03 23:17:17.803168,0 days 00:00:11.483981,0.31750773874991817,128,1.2650936117019346e-05,2,COMPLETE
42,0.1315808985321162,2026-01-03 23:17:17.816055,2026-01-03 23:17:29.201638,0 days 00:00:11.385583,0.2933645716752924,128,1.2147071299308106e-05,2,COMPLETE
43,0.13196577770203322,2026-01-03 23:17:29.214355,2026-01-03 23:17:41.140269,0 days 00:00:11.925914,0.2749336307888627,128,2.259399632490915e-05,2,COMPLETE
44,0.13160224172795365,2026-01-03 23:17:41.151331,2026-01-03 23:17:52.366599,0 days 00:00:11.215268,0.20792075381656522,128,1.2343266577757827e-05,2,COMPLETE
45,0.13173629339303097,2026-01-03 23:17:52.377780,2026-01-03 23:18:03.685804,0 days 00:00:11.308024,0.324103211547411,128,1.7665294719688908e-05,2,COMPLETE
46,0.14977004086939108,2026-01-03 23:18:03.699768,2026-01-03 23:18:14.643876,0 days 00:00:10.944108,0.29010588974286095,64,0.0003977011167149505,2,COMPLETE
47,0.13182566223258016,2026-01-03 23:18:14.655057,2026-01-03 23:18:26.558131,0 days 00:00:11.903074,0.24257173011879551,128,1.9324873471831953e-05,2,COMPLETE
48,0.1316197349506337,2026-01-03 23:18:26.570500,2026-01-03 23:18:38.257849,0 days 00:00:11.687349,0.334858766794341,128,1.0217272291577e-05,2,COMPLETE
49,0.22816373361782882,2026-01-03 23:18:38.269641,2026-01-03 23:18:49.401033,0 days 00:00:11.131392,0.1755520213636527,32,0.000771231397392747,2,COMPLETE
50,0.1316131102746634,2026-01-03 23:18:49.412273,2026-01-03 23:19:01.654327,0 days 00:00:12.242054,0.10170790550423914,128,1.2637067202455472e-05,2,COMPLETE
51,0.13158370873337336,2026-01-03 23:19:01.665498,2026-01-03 23:19:13.411491,0 days 00:00:11.745993,0.2947362803906477,128,1.230062466745844e-05,2,COMPLETE
52,0.13159833065957333,2026-01-03 23:19:13.423480,2026-01-03 23:19:25.160642,0 days 00:00:11.737162,0.26368365946034833,128,1.2480765034554799e-05,2,COMPLETE
53,0.13209715645566678,2026-01-03 23:19:25.172046,2026-01-03 23:19:36.785599,0 days 00:00:11.613553,0.38196845733361906,128,2.5274363308841933e-05,2,COMPLETE
54,0.13169366885854145,2026-01-03 23:19:36.798417,2026-01-03 23:19:48.909345,0 days 00:00:12.110928,0.31217633325837396,128,1.676250205527144e-05,2,COMPLETE
55,0.1315715317946578,2026-01-03 23:19:48.920498,2026-01-03 23:20:00.776790,0 days 00:00:11.856292,0.4395845603527033,128,1.1685897032290669e-05,2,COMPLETE
56,0.18533589308722284,2026-01-03 23:20:00.788233,2026-01-03 23:20:12.024486,0 days 00:00:11.236253,0.437838533015307,64,1.4637556643393828e-05,2,COMPLETE
57,0.131611567678325,2026-01-03 23:20:12.036678,2026-01-03 23:20:23.768915,0 days 00:00:11.732237,0.403792160913332,128,1.020702967991948e-05,2,COMPLETE
58,0.15657620625063717,2026-01-03 23:20:23.780138,2026-01-03 23:20:35.583821,0 days 00:00:11.803683,0.43944134202452007,32,0.0001332029341067097,2,COMPLETE
59,0.13208018369339655,2026-01-03 23:20:35.594857,2026-01-03 23:20:47.278757,0 days 00:00:11.683900,0.48149253340336956,128,2.479826362298097e-05,2,COMPLETE
60,0.13181074013478375,2026-01-03 23:20:47.290160,2026-01-03 23:20:58.927179,0 days 00:00:11.637019,0.3720542621203031,128,1.9226815034709104e-05,2,COMPLETE
61,0.13157170015796585,2026-01-03 23:20:58.938221,2026-01-03 23:21:11.150805,0 days 00:00:12.212584,0.4728460243007331,128,1.1686074253050663e-05,2,COMPLETE
62,0.13167456374493608,2026-01-03 23:21:11.162161,2026-01-03 23:21:22.840817,0 days 00:00:11.678656,0.4757049185909223,128,1.663699933099299e-05,2,COMPLETE
63,0.13157741246051385,2026-01-03 23:21:22.851747,2026-01-03 23:21:34.647350,0 days 00:00:11.795603,0.478034198380532,128,1.32626816822722e-05,2,COMPLETE
64,0.1315746952781737,2026-01-03 23:21:34.658721,2026-01-03 23:21:46.273006,0 days 00:00:11.614285,0.4746736031195333,128,1.1452032817000073e-05,2,COMPLETE
65,0.13162679768162777,2026-01-03 23:21:46.286529,2026-01-03 23:21:58.534976,0 days 00:00:12.248447,0.4781953780340864,128,1.5419982856261668e-05,2,COMPLETE
66,0.19602274645755985,2026-01-03 23:21:58.546114,2026-01-03 23:22:09.577400,0 days 00:00:11.031286,0.44160424558692896,64,1.0088869343942966e-05,2,COMPLETE
67,0.13180217205506187,2026-01-03 23:22:09.588563,2026-01-03 23:22:21.272982,0 days 00:00:11.684419,0.47230709672125465,128,1.9186474625337315e-05,2,COMPLETE
68,0.1523658640679448,2026-01-03 23:22:21.284168,2026-01-03 23:22:33.037332,0 days 00:00:11.753164,0.41808685636583176,32,1.386083405626564e-05,2,COMPLETE
69,0.1323986823036811,2026-01-03 23:22:33.048029,2026-01-03 23:22:44.827205,0 days 00:00:11.779176,0.4947982668679812,128,2.9794397548204798e-05,2,COMPLETE
70,0.15241687871755477,2026-01-03 23:22:44.838027,2026-01-03 23:22:57.570368,0 days 00:00:12.732341,0.42983503433774745,128,1.12915929273618e-05,3,COMPLETE
71,0.13157946011772056,2026-01-03 23:22:57.580949,2026-01-03 23:23:09.224287,0 days 00:00:11.643338,0.44557440806416165,128,1.3454801606308933e-05,2,COMPLETE
72,0.13158465825889118,2026-01-03 23:23:09.235476,2026-01-03 23:23:21.260065,0 days 00:00:12.024589,0.4487223554874657,128,1.3768499018962275e-05,2,COMPLETE
73,0.1316715881124216,2026-01-03 23:23:21.271353,2026-01-03 23:23:32.777712,0 days 00:00:11.506359,0.40354430040209066,128,1.6369785303311032e-05,2,COMPLETE
74,0.131585742176062,2026-01-03 23:23:32.790503,2026-01-03 23:23:44.438921,0 days 00:00:11.648418,0.46925120384677127,128,1.0963303559481571e-05,2,COMPLETE
75,0.13186963345343714,2026-01-03 23:23:44.449801,2026-01-03 23:23:56.642016,0 days 00:00:12.192215,0.481415429914471,128,2.0561577120938968e-05,2,COMPLETE
76,0.15020758369107992,2026-01-03 23:23:56.655673,2026-01-03 23:24:07.621769,0 days 00:00:10.966096,,128,1.4089776846094527e-05,1,COMPLETE
77,0.13202238981485612,2026-01-03 23:24:07.633210,2026-01-03 23:24:19.195086,0 days 00:00:11.561876,0.42829462915081284,128,2.3758352202028584e-05,2,COMPLETE
78,0.13171304315859947,2026-01-03 23:24:19.206977,2026-01-03 23:24:30.945279,0 days 00:00:11.738302,0.486723746948366,128,1.7416700167914038e-05,2,COMPLETE
79,0.1315809319599525,2026-01-03 23:24:30.956717,2026-01-03 23:24:43.099194,0 days 00:00:12.142477,0.49946202576654014,128,1.3571019692701667e-05,2,COMPLETE
80,0.193652940093887,2026-01-03 23:24:43.110793,2026-01-03 23:24:54.467823,0 days 00:00:11.357030,0.44529635831721076,64,1.1131909179382195e-05,2,COMPLETE
81,0.13157792918902564,2026-01-03 23:24:54.480532,2026-01-03 23:25:06.192832,0 days 00:00:11.712300,0.46903603493499035,128,1.1356260812785656e-05,2,COMPLETE
82,0.1316351385857538,2026-01-03 23:25:06.203882,2026-01-03 23:25:17.955447,0 days 00:00:11.751565,0.46685997589364253,128,1.5581632302012055e-05,2,COMPLETE
83,0.1315755873517163,2026-01-03 23:25:17.967753,2026-01-03 23:25:30.171460,0 days 00:00:12.203707,0.4516975042102326,128,1.1407518583323332e-05,2,COMPLETE
84,0.13158901830670408,2026-01-03 23:25:30.183862,2026-01-03 23:25:41.844781,0 days 00:00:11.660919,0.4663480868790921,128,1.0858122352232544e-05,2,COMPLETE
85,0.13157241817471146,2026-01-03 23:25:41.855589,2026-01-03 23:25:53.539437,0 days 00:00:11.683848,0.4268106211655183,128,1.2171572668146608e-05,2,COMPLETE
86,0.1315729247677851,2026-01-03 23:25:53.550293,2026-01-03 23:26:05.763358,0 days 00:00:12.213065,0.42984139986296305,128,1.1759908543247594e-05,2,COMPLETE
87,0.13156800957666379,2026-01-03 23:26:05.775483,2026-01-03 23:26:17.527850,0 days 00:00:11.752367,0.4165592572568744,128,1.1984409902650697e-05,2,COMPLETE
88,0.15287988167218963,2026-01-03 23:26:17.540546,2026-01-03 23:26:28.771460,0 days 00:00:11.230914,0.4132622132431277,32,1.1378470960340849e-05,2,COMPLETE
89,0.13163334474852606,2026-01-03 23:26:28.783059,2026-01-03 23:26:40.514580,0 days 00:00:11.731521,0.3946862634935272,128,1.5480750776528275e-05,2,COMPLETE
90,0.146328312476323,2026-01-03 23:26:40.525163,2026-01-03 23:26:52.808087,0 days 00:00:12.282924,0.42805444599815884,128,0.00021340817974737706,2,COMPLETE
91,0.13156718409210105,2026-01-03 23:26:52.819387,2026-01-03 23:27:04.548400,0 days 00:00:11.729013,0.45383176154233695,128,1.2209382068380566e-05,2,COMPLETE
92,0.13157100223472087,2026-01-03 23:27:04.562284,2026-01-03 23:27:16.267118,0 days 00:00:11.704834,0.4349316292368477,128,1.19277092506389e-05,2,COMPLETE
93,0.13161162593197584,2026-01-03 23:27:16.277944,2026-01-03 23:27:28.643246,0 days 00:00:12.365302,0.40694996895370117,128,1.019984309732474e-05,2,COMPLETE
94,0.1315705979059679,2026-01-03 23:27:28.653464,2026-01-03 23:27:40.257039,0 days 00:00:11.603575,0.4327907741554938,128,1.2223801133050049e-05,2,COMPLETE
95,0.13175362635750545,2026-01-03 23:27:40.268724,2026-01-03 23:27:51.898062,0 days 00:00:11.629338,0.4196802644742604,128,1.8087731874787592e-05,2,COMPLETE
96,0.13157208300802528,2026-01-03 23:27:51.909371,2026-01-03 23:28:03.593278,0 days 00:00:11.683907,0.4343612151790632,128,1.246416527739541e-05,2,COMPLETE
97,0.13162240487830726,2026-01-03 23:28:03.604519,2026-01-03 23:28:15.730954,0 days 00:00:12.126435,0.433239362239768,128,1.5155946802841655e-05,2,COMPLETE
98,0.13157030584739457,2026-01-03 23:28:15.741549,2026-01-03 23:28:27.443642,0 days 00:00:11.702093,0.3916778013837665,128,1.202089845067869e-05,2,COMPLETE
99,0.13191398212327018,2026-01-03 23:28:27.454774,2026-01-03 23:28:39.182435,0 days 00:00:11.727661,0.3665035157151007,128,2.131998406559564e-05,2,COMPLETE
100,0.13487940289715203,2026-01-03 23:28:39.194900,2026-01-03 23:28:51.115652,0 days 00:00:11.920752,0.386970574698341,96,7.100850662649208e-05,2,COMPLETE
101,0.131572711697935,2026-01-03 23:28:51.127188,2026-01-03 23:29:02.929257,0 days 00:00:11.802069,0.4267003144779185,128,1.2241076036987286e-05,2,COMPLETE
102,0.13157045232746886,2026-01-03 23:29:02.940975,2026-01-03 23:29:14.760357,0 days 00:00:11.819382,0.3952557891531675,128,1.2518827638168715e-05,2,COMPLETE
103,0.1316145555699015,2026-01-03 23:29:14.776563,2026-01-03 23:29:27.060922,0 days 00:00:12.284359,0.39546167897852663,128,1.4810403076181951e-05,2,COMPLETE
104,0.13157681450561015,2026-01-03 23:29:27.072506,2026-01-03 23:29:39.270887,0 days 00:00:12.198381,0.41200674494436357,128,1.2994979288676729e-05,2,COMPLETE
105,0.13168721953769655,2026-01-03 23:29:39.283149,2026-01-03 23:29:51.037699,0 days 00:00:11.754550,0.38155777365988036,128,1.679440492637745e-05,2,COMPLETE
106,0.1904157990729192,2026-01-03 23:29:51.048215,2026-01-03 23:30:02.156903,0 days 00:00:11.108688,0.454900884312325,64,1.2541833354801445e-05,2,COMPLETE
107,0.13173734651983915,2026-01-03 23:30:02.168796,2026-01-03 23:30:13.851887,0 days 00:00:11.683091,0.419091471413973,128,1.775836390183778e-05,2,COMPLETE
108,0.13293702125149598,2026-01-03 23:30:13.863525,2026-01-03 23:30:26.035772,0 days 00:00:12.172247,0.3595141905397762,128,4.9237189887182085e-05,2,COMPLETE
109,0.15320636371933413,2026-01-03 23:30:26.046742,2026-01-03 23:30:37.170469,0 days 00:00:11.123727,0.4369109462495018,32,1.011383617682892e-05,2,COMPLETE
110,0.13160341507902631,2026-01-03 23:30:37.182116,2026-01-03 23:30:48.827996,0 days 00:00:11.645880,0.34077669451298187,128,1.4322997374946476e-05,2,COMPLETE
111,0.1315729494483375,2026-01-03 23:30:48.842491,2026-01-03 23:31:01.043817,0 days 00:00:12.201326,0.42607626155602846,128,1.1860515886604833e-05,2,COMPLETE
112,0.13157593250017657,2026-01-03 23:31:01.056344,2026-01-03 23:31:12.629981,0 days 00:00:11.573637,0.41248392734300915,128,1.2809540350579077e-05,2,COMPLETE
113,0.13166256992988198,2026-01-03 23:31:12.641468,2026-01-03 23:31:24.424279,0 days 00:00:11.782811,0.3980115044346657,128,1.6153222842386128e-05,2,COMPLETE
114,0.13161483557909287,2026-01-03 23:31:24.435054,2026-01-03 23:31:36.207951,0 days 00:00:11.772897,0.45089332573551827,128,1.002423988915721e-05,2,COMPLETE
115,0.13156709969722788,2026-01-03 23:31:36.220685,2026-01-03 23:31:48.448273,0 days 00:00:12.227588,0.45922565775202,128,1.2265974949811452e-05,2,COMPLETE
116,0.13159685693878678,2026-01-03 23:31:48.461121,2026-01-03 23:32:00.404421,0 days 00:00:11.943300,0.4616627422625821,128,1.4336729810698546e-05,2,COMPLETE
117,0.13179617351455294,2026-01-03 23:32:00.415524,2026-01-03 23:32:12.186914,0 days 00:00:11.771390,0.4413133281215458,128,1.901093973674794e-05,2,COMPLETE
118,0.13523777156475061,2026-01-03 23:32:12.198668,2026-01-03 23:32:24.577111,0 days 00:00:12.378443,0.4473354005575417,128,0.0001068264457397857,2,COMPLETE
119,0.13158758846576601,2026-01-03 23:32:24.588326,2026-01-03 23:32:36.404421,0 days 00:00:11.816095,0.4598632678656042,128,1.0897804529200463e-05,2,COMPLETE
120,0.13157834847855138,2026-01-03 23:32:36.415439,2026-01-03 23:32:48.134234,0 days 00:00:11.718795,0.48581674353119836,128,1.3303525596823984e-05,2,COMPLETE
121,0.13157203864673525,2026-01-03 23:32:48.145550,2026-01-03 23:32:59.891729,0 days 00:00:11.746179,0.4220720226747519,128,1.2150148099903395e-05,2,COMPLETE
122,0.13157164720723427,2026-01-03 23:32:59.903316,2026-01-03 23:33:12.130422,0 days 00:00:12.227106,0.4364269775138903,128,1.2687703397321392e-05,2,COMPLETE
123,0.1316339649932286,2026-01-03 23:33:12.141604,2026-01-03 23:33:23.960637,0 days 00:00:11.819033,0.43556372217676065,128,1.5548002406721524e-05,2,COMPLETE
124,0.19030943896386462,2026-01-03 23:33:23.972575,2026-01-03 23:33:35.584070,0 days 00:00:11.611495,0.41040201873191856,128,0.0008884692314113234,2,COMPLETE
125,0.13158578946874366,2026-01-03 23:33:35.596135,2026-01-03 23:33:47.444565,0 days 00:00:11.848430,0.4534363220931535,128,1.3806879113248834e-05,2,COMPLETE
126,0.1384321807967211,2026-01-03 23:33:47.456422,2026-01-03 23:33:59.150153,0 days 00:00:11.693731,0.41986779316560724,96,1.0809550074686316e-05,2,COMPLETE
127,0.13156965023590067,2026-01-03 23:33:59.161788,2026-01-03 23:34:10.877315,0 days 00:00:11.715527,0.40279382522606133,128,1.2079590893805698e-05,2,COMPLETE
128,0.13157272340519724,2026-01-03 23:34:10.888987,2026-01-03 23:34:22.735490,0 days 00:00:11.846503,0.3999260104183913,128,1.1765404053490354e-05,2,COMPLETE
129,0.1846527973028662,2026-01-03 23:34:22.747279,2026-01-03 23:34:34.515435,0 days 00:00:11.768156,0.3784014030869439,64,1.4898389537138248e-05,2,COMPLETE
130,0.1316154696872399,2026-01-03 23:34:34.526162,2026-01-03 23:34:46.259931,0 days 00:00:11.733769,0.44214720543816727,128,1.0007594075150333e-05,2,COMPLETE
131,0.13157088461019598,2026-01-03 23:34:46.271138,2026-01-03 23:34:58.143707,0 days 00:00:11.872569,0.38969850091895025,128,1.2856092096311138e-05,2,COMPLETE
132,0.13158117425092772,2026-01-03 23:34:58.157628,2026-01-03 23:35:09.952538,0 days 00:00:11.794910,0.39015294387309457,128,1.3588350235826815e-05,2,COMPLETE
133,0.13158701786289084,2026-01-03 23:35:09.964876,2026-01-03 23:35:22.254479,0 days 00:00:12.289603,0.37273672814024617,128,1.1250440984375473e-05,2,COMPLETE
134,0.13168129528205091,2026-01-03 23:35:22.266511,2026-01-03 23:35:34.011524,0 days 00:00:11.745013,0.4079414985739882,128,1.6544769749528847e-05,2,COMPLETE
135,0.1516874353321302,2026-01-03 23:35:34.023063,2026-01-03 23:35:45.907955,0 days 00:00:11.884892,0.42130757319214207,128,0.00038866637887638824,2,COMPLETE
136,0.13157156067494957,2026-01-03 23:35:45.919997,2026-01-03 23:35:58.175901,0 days 00:00:12.255904,0.3915574693200182,128,1.285030590969005e-05,2,COMPLETE
137,0.1524926702236524,2026-01-03 23:35:58.188827,2026-01-03 23:36:09.399023,0 days 00:00:11.210196,0.3883630256546957,32,1.3191220071145214e-05,2,COMPLETE
138,0.1315883847649236,2026-01-03 23:36:09.410392,2026-01-03 23:36:21.166034,0 days 00:00:11.755642,0.398578958956498,128,1.0984056383599961e-05,2,COMPLETE
