number,value,datetime_start,datetime_complete,duration,params_dropout,params_hidden_size,params_learning_rate,params_n_layers,state
276,0.10730162703819733,2026-01-03 14:01:38.140497,2026-01-03 14:01:46.301367,0 days 00:00:08.160870,0.10836442197508618,128,2.8159195438906462e-05,1,COMPLETE
277,0.1072623950610289,2026-01-03 14:01:46.312715,2026-01-03 14:01:54.492259,0 days 00:00:08.179544,0.11821806544853945,128,2.3498426919286338e-05,1,COMPLETE
278,0.10725982063224097,2026-01-03 14:01:54.504568,2026-01-03 14:02:02.680532,0 days 00:00:08.175964,0.4848379082564359,128,2.5096932217096677e-05,1,COMPLETE
279,0.10732521685951092,2026-01-03 14:02:02.691811,2026-01-03 14:02:11.004379,0 days 00:00:08.312568,0.4833408897065996,128,2.1931682507939356e-05,1,COMPLETE
280,0.10726074111627061,2026-01-03 14:02:11.015860,2026-01-03 14:02:19.206916,0 days 00:00:08.191056,0.48880166329697605,128,2.48006937156918e-05,1,COMPLETE
281,0.13085450424035683,2026-01-03 14:02:19.219635,2026-01-03 14:02:27.177207,0 days 00:00:07.957572,0.47291377844903204,32,3.062439506136236e-05,1,COMPLETE
282,0.10726118993472183,2026-01-03 14:02:27.189020,2026-01-03 14:02:35.407722,0 days 00:00:08.218702,0.47610289735913225,128,2.5587856922421403e-05,1,COMPLETE
283,0.10728315095305195,2026-01-03 14:02:35.419114,2026-01-03 14:02:43.522114,0 days 00:00:08.103000,0.49532243462957526,128,2.2823106853457863e-05,1,COMPLETE
284,0.1073103608209732,2026-01-03 14:02:43.533820,2026-01-03 14:02:51.799060,0 days 00:00:08.265240,0.48528607507549887,128,2.8394295780527362e-05,1,COMPLETE
285,0.10771330539272862,2026-01-03 14:02:51.811749,2026-01-03 14:03:00.069590,0 days 00:00:08.257841,0.4410735499430876,128,1.92389186603628e-05,1,COMPLETE
286,0.10726150605915022,2026-01-03 14:03:00.081225,2026-01-03 14:03:08.206951,0 days 00:00:08.125726,0.2368948419097294,128,2.472614798341771e-05,1,COMPLETE
287,0.14893035984197792,2026-01-03 14:03:08.218315,2026-01-03 14:03:17.820852,0 days 00:00:09.602537,0.4285674828220899,128,2.0743993775014012e-05,3,COMPLETE
288,0.10727967355757574,2026-01-03 14:03:17.832260,2026-01-03 14:03:26.103529,0 days 00:00:08.271269,0.250220912954731,128,2.7358345679796766e-05,1,COMPLETE
289,0.10745252568351973,2026-01-03 14:03:26.115080,2026-01-03 14:03:34.326512,0 days 00:00:08.211432,0.49795755729996316,128,3.2679683624880774e-05,1,COMPLETE
290,0.10728540164625609,2026-01-03 14:03:34.337051,2026-01-03 14:03:42.457760,0 days 00:00:08.120709,0.4369208999652711,128,2.2764042037239416e-05,1,COMPLETE
291,0.11951646539535009,2026-01-03 14:03:42.469420,2026-01-03 14:03:50.550858,0 days 00:00:08.081438,0.32612985926215365,96,2.969286903720484e-05,1,COMPLETE
292,0.1072599945757083,2026-01-03 14:03:50.562721,2026-01-03 14:03:58.647865,0 days 00:00:08.085144,0.4668471584977345,128,2.606174059553328e-05,1,COMPLETE
293,0.10842965052974507,2026-01-03 14:03:58.659050,2026-01-03 14:04:06.848931,0 days 00:00:08.189881,0.4648565093873503,128,1.7307170782570247e-05,1,COMPLETE
294,0.10726949270861542,2026-01-03 14:04:06.860235,2026-01-03 14:04:14.978624,0 days 00:00:08.118389,0.45293951060549964,128,2.7006342738996898e-05,1,COMPLETE
295,0.10726345153345274,2026-01-03 14:04:14.989926,2026-01-03 14:04:23.050302,0 days 00:00:08.060376,0.4708773436865157,128,2.3654270844784867e-05,1,COMPLETE
296,0.12742346679469316,2026-01-03 14:04:23.062107,2026-01-03 14:04:31.874749,0 days 00:00:08.812642,0.4791561877060241,128,2.9978068504678936e-05,2,COMPLETE
297,0.10740854290230922,2026-01-03 14:04:31.888217,2026-01-03 14:04:40.144323,0 days 00:00:08.256106,0.4507286710131581,128,2.0825585064764883e-05,1,COMPLETE
298,0.10725974494892199,2026-01-03 14:04:40.155712,2026-01-03 14:04:48.227571,0 days 00:00:08.071859,0.4700704246193764,128,2.5040304498862998e-05,1,COMPLETE
299,0.10767478252222289,2026-01-03 14:04:48.240450,2026-01-03 14:04:56.392367,0 days 00:00:08.151917,0.4691332211982545,128,3.809643175075913e-05,1,COMPLETE
