number,value,datetime_start,datetime_complete,duration,params_dropout,params_hidden_size,params_learning_rate,params_n_layers,state
139,0.13160927477505815,2026-01-03 23:36:21.180495,2026-01-03 23:36:32.876268,0 days 00:00:11.695773,0.36845667387725256,128,1.4675229736976405e-05,2,COMPLETE
140,0.1315732543274063,2026-01-03 23:36:32.887958,2026-01-03 23:36:45.056031,0 days 00:00:12.168073,0.46356006365066177,128,1.2612685517857481e-05,2,COMPLETE
141,0.13157039545488422,2026-01-03 23:36:45.067629,2026-01-03 23:36:56.794863,0 days 00:00:11.727234,0.4039913400182998,128,1.1974971529341579e-05,2,COMPLETE
142,0.13157752618151486,2026-01-03 23:36:56.807644,2026-01-03 23:37:08.493812,0 days 00:00:11.686168,0.39340656243895183,128,1.154452277403874e-05,2,COMPLETE
143,0.1315924695973946,2026-01-03 23:37:08.505087,2026-01-03 23:37:20.974058,0 days 00:00:12.468971,0.4072099376081432,128,1.380016276280974e-05,2,COMPLETE
144,0.1316428031399558,2026-01-03 23:37:20.985243,2026-01-03 23:37:32.889529,0 days 00:00:11.904286,0.3841579671919066,128,1.5795784736032195e-05,2,COMPLETE
145,0.13159881047844157,2026-01-03 23:37:32.905569,2026-01-03 23:37:44.763252,0 days 00:00:11.857683,0.35259621966001253,128,1.0895233217095743e-05,2,COMPLETE
146,0.13172386209206657,2026-01-03 23:37:44.776090,2026-01-03 23:37:56.466856,0 days 00:00:11.690766,0.44740949599862284,128,1.761036792405715e-05,2,COMPLETE
147,0.13161987000212547,2026-01-03 23:37:56.478678,2026-01-03 23:38:08.639234,0 days 00:00:12.160556,0.4031373192179313,128,1.0005522679600132e-05,2,COMPLETE
148,0.13157354990094225,2026-01-03 23:38:08.651149,2026-01-03 23:38:20.414121,0 days 00:00:11.762972,0.414747724238897,128,1.2771294764911439e-05,2,COMPLETE
149,0.1325630002954534,2026-01-03 23:38:20.426406,2026-01-03 23:38:32.259252,0 days 00:00:11.832846,0.4358575356161424,128,3.347488653584549e-05,2,COMPLETE
150,0.1377108969317797,2026-01-03 23:38:32.274597,2026-01-03 23:38:43.446270,0 days 00:00:11.171673,0.3766718076387332,96,1.18764989307299e-05,2,COMPLETE
151,0.13157255283776517,2026-01-03 23:38:43.457815,2026-01-03 23:38:55.776103,0 days 00:00:12.318288,0.42157322797889024,128,1.2178109127243316e-05,2,COMPLETE
152,0.1316004630871576,2026-01-03 23:38:55.787838,2026-01-03 23:39:07.948260,0 days 00:00:12.160422,0.4307581920835819,128,1.4253601133914054e-05,2,COMPLETE
153,0.13157372355610128,2026-01-03 23:39:07.964502,2026-01-03 23:39:19.815180,0 days 00:00:11.850678,0.4414054011884011,128,1.3140062412421408e-05,2,COMPLETE
154,0.1315691775954512,2026-01-03 23:39:19.825741,2026-01-03 23:39:32.079333,0 days 00:00:12.253592,0.45301190490074805,128,1.178666892122655e-05,2,COMPLETE
155,0.1315882142805975,2026-01-03 23:39:32.090852,2026-01-03 23:39:43.989689,0 days 00:00:11.898837,0.4728028912977648,128,1.0865166402503535e-05,2,COMPLETE
156,0.1316091549882839,2026-01-03 23:39:44.000920,2026-01-03 23:39:55.838560,0 days 00:00:11.837640,0.4555963504007362,128,1.4867429636224377e-05,2,COMPLETE
157,0.13157163925925802,2026-01-03 23:39:55.850531,2026-01-03 23:40:07.762699,0 days 00:00:11.912168,0.44853710606949315,128,1.1654890313062454e-05,2,COMPLETE
158,0.1316088293562297,2026-01-03 23:40:07.774722,2026-01-03 23:40:20.159896,0 days 00:00:12.385174,0.23316448818062607,128,1.3199634754753637e-05,2,COMPLETE
159,0.1811567270783622,2026-01-03 23:40:20.171016,2026-01-03 23:40:31.500987,0 days 00:00:11.329971,0.44464932143264657,64,1.6299392811514857e-05,2,COMPLETE
160,0.13158358538832682,2026-01-03 23:40:31.512819,2026-01-03 23:40:43.377509,0 days 00:00:11.864690,0.45097515317097464,128,1.1061185834029635e-05,2,COMPLETE
161,0.13157042042517994,2026-01-03 23:40:43.389995,2026-01-03 23:40:55.840771,0 days 00:00:12.450776,0.43608891042015646,128,1.1781469341123164e-05,2,COMPLETE
162,0.1315715279928625,2026-01-03 23:40:55.853652,2026-01-03 23:41:07.657054,0 days 00:00:11.803402,0.4583747342633635,128,1.1658712365295713e-05,2,COMPLETE
163,0.13161443579252563,2026-01-03 23:41:07.668996,2026-01-03 23:41:19.407216,0 days 00:00:11.738220,0.4578490117811369,128,1.0016475146825916e-05,2,COMPLETE
164,0.13157232682322076,2026-01-03 23:41:19.419564,2026-01-03 23:41:31.285280,0 days 00:00:11.865716,0.46694058947388234,128,1.1680012555176112e-05,2,COMPLETE
165,0.13159800160646662,2026-01-03 23:41:31.297649,2026-01-03 23:41:43.533117,0 days 00:00:12.235468,0.41443519954027547,128,1.4129457811202972e-05,2,COMPLETE
166,0.13156846670968472,2026-01-03 23:41:43.547859,2026-01-03 23:41:55.354411,0 days 00:00:11.806552,0.44645782548062907,128,1.2182857714298289e-05,2,COMPLETE
167,0.1315769485370011,2026-01-03 23:41:55.369803,2026-01-03 23:42:07.170097,0 days 00:00:11.800294,0.4294874093640624,128,1.2927624821478409e-05,2,COMPLETE
168,0.15300462697375228,2026-01-03 23:42:07.182167,2026-01-03 23:42:19.029777,0 days 00:00:11.847610,0.4025717317060748,32,1.0841799443355622e-05,2,COMPLETE
169,0.1316186540295422,2026-01-03 23:42:19.041930,2026-01-03 23:42:30.854102,0 days 00:00:11.812172,0.46135631799714805,128,1.5152698950553935e-05,2,COMPLETE
170,0.13158937553004277,2026-01-03 23:42:30.865672,2026-01-03 23:42:42.713092,0 days 00:00:11.847420,0.39365036209569704,128,1.3913626585401867e-05,2,COMPLETE
171,0.13156887218179972,2026-01-03 23:42:42.724464,2026-01-03 23:42:54.485884,0 days 00:00:11.761420,0.44795208082877913,128,1.1903852541834405e-05,2,COMPLETE
172,0.13156970678800364,2026-01-03 23:42:54.497891,2026-01-03 23:43:06.780229,0 days 00:00:12.282338,0.45346154296802654,128,1.177340718034076e-05,2,COMPLETE
173,0.131568436367488,2026-01-03 23:43:06.795018,2026-01-03 23:43:18.690710,0 days 00:00:11.895692,0.4418339925238112,128,1.2091111642701916e-05,2,COMPLETE
174,0.13159060872449607,2026-01-03 23:43:18.702686,2026-01-03 23:43:30.630734,0 days 00:00:11.928048,0.4547748250761085,128,1.0772447105310372e-05,2,COMPLETE
175,0.13156836919908937,2026-01-03 23:43:30.643469,2026-01-03 23:43:42.500214,0 days 00:00:11.856745,0.4434241161858242,128,1.223630583370045e-05,2,COMPLETE
176,0.13844648320429806,2026-01-03 23:43:42.511690,2026-01-03 23:43:54.814661,0 days 00:00:12.302971,0.4404076471249292,128,0.0001398157789834289,2,COMPLETE
177,0.1315719630518229,2026-01-03 23:43:54.826105,2026-01-03 23:44:06.819001,0 days 00:00:11.992896,0.4322362251628373,128,1.1865751971482423e-05,2,COMPLETE
178,0.13160171843569735,2026-01-03 23:44:06.830357,2026-01-03 23:44:18.625983,0 days 00:00:11.795626,0.446780966202465,128,1.44540836671057e-05,2,COMPLETE
179,0.1315745884136008,2026-01-03 23:44:18.644087,2026-01-03 23:44:30.981527,0 days 00:00:12.337440,0.4244826208462795,128,1.2612251915198734e-05,2,COMPLETE
180,0.1315895418566505,2026-01-03 23:44:30.991904,2026-01-03 23:44:42.749817,0 days 00:00:11.757913,0.43910041240189523,128,1.0792500591177405e-05,2,COMPLETE
181,0.1315707013589838,2026-01-03 23:44:42.762206,2026-01-03 23:44:54.569993,0 days 00:00:11.807787,0.46457260435844233,128,1.2102677948505015e-05,2,COMPLETE
182,0.13158208721435605,2026-01-03 23:44:54.581614,2026-01-03 23:45:06.443496,0 days 00:00:11.861882,0.4779935078463623,128,1.3553299252196672e-05,2,COMPLETE
183,0.1315705201731939,2026-01-03 23:45:06.454803,2026-01-03 23:45:18.746371,0 days 00:00:12.291568,0.4666876660340249,128,1.2187370119785244e-05,2,COMPLETE
184,0.13157117511865574,2026-01-03 23:45:18.758127,2026-01-03 23:45:30.628495,0 days 00:00:11.870368,0.4675625181167118,128,1.2481989492062074e-05,2,COMPLETE
185,0.13161235506761135,2026-01-03 23:45:30.643865,2026-01-03 23:45:42.380619,0 days 00:00:11.736754,0.48846368490737474,128,1.0046798809254276e-05,2,COMPLETE
186,0.1316299312491658,2026-01-03 23:45:42.391739,2026-01-03 23:45:54.763452,0 days 00:00:12.371713,0.4528808049865001,128,1.5477546505217146e-05,2,COMPLETE
187,0.13157877770805568,2026-01-03 23:45:54.776689,2026-01-03 23:46:06.527428,0 days 00:00:11.750739,0.47340470407542634,128,1.3422220747236858e-05,2,COMPLETE
188,0.1382452827961567,2026-01-03 23:46:06.539669,2026-01-03 23:46:17.897009,0 days 00:00:11.357340,0.46366765558356704,96,1.1075024371986706e-05,2,COMPLETE
189,0.13156767535039526,2026-01-03 23:46:17.909571,2026-01-03 23:46:29.630187,0 days 00:00:11.720616,0.45142789876246125,128,1.2087778332992702e-05,2,COMPLETE
190,0.1315692146765152,2026-01-03 23:46:29.648308,2026-01-03 23:46:41.812920,0 days 00:00:12.164612,0.44766022316473175,128,1.1935790378979382e-05,2,COMPLETE
191,0.13156837160218,2026-01-03 23:46:41.824800,2026-01-03 23:46:53.598924,0 days 00:00:11.774124,0.44693304287660135,128,1.2192935933302647e-05,2,COMPLETE
192,0.13158586074626089,2026-01-03 23:46:53.615135,2026-01-03 23:47:05.498696,0 days 00:00:11.883561,0.44695600531790197,128,1.0953671951424936e-05,2,COMPLETE
193,0.1315896993120901,2026-01-03 23:47:05.513100,2026-01-03 23:47:17.988245,0 days 00:00:12.475145,0.45042971364221374,128,1.3977393581336422e-05,2,COMPLETE
194,0.13156889704312852,2026-01-03 23:47:17.999490,2026-01-03 23:47:29.872226,0 days 00:00:11.872736,0.4437345394627657,128,1.1972459693730677e-05,2,COMPLETE
195,0.13156905664498908,2026-01-03 23:47:29.884999,2026-01-03 23:47:41.745420,0 days 00:00:11.860421,0.44283685625170377,128,1.1984122363191224e-05,2,COMPLETE
196,0.1315941201417177,2026-01-03 23:47:41.758587,2026-01-03 23:47:53.649797,0 days 00:00:11.891210,0.4417851285141384,128,1.0561378871795263e-05,2,COMPLETE
197,0.13157310937370648,2026-01-03 23:47:53.661909,2026-01-03 23:48:05.739522,0 days 00:00:12.077613,0.4537233128992471,128,1.1547347279970117e-05,2,COMPLETE
198,0.14807005300561976,2026-01-03 23:48:05.751425,2026-01-03 23:48:17.159659,0 days 00:00:11.408234,0.44557783407977236,64,0.0001916591662143483,2,COMPLETE
199,0.13159827656474077,2026-01-03 23:48:17.173279,2026-01-03 23:48:29.204713,0 days 00:00:12.031434,0.4349353743570701,128,1.4370974913998456e-05,2,COMPLETE
200,0.13157898046035332,2026-01-03 23:48:29.216588,2026-01-03 23:48:41.161048,0 days 00:00:11.944460,0.4269762375962213,128,1.3084194041626678e-05,2,COMPLETE
201,0.13156799503326308,2026-01-03 23:48:41.172765,2026-01-03 23:48:53.467027,0 days 00:00:12.294262,0.45676284630156294,128,1.197194255760219e-05,2,COMPLETE
202,0.13157369001094374,2026-01-03 23:48:53.478451,2026-01-03 23:49:05.382550,0 days 00:00:11.904099,0.45179512305214237,128,1.1523581535823966e-05,2,COMPLETE
203,0.1315665718996114,2026-01-03 23:49:05.394958,2026-01-03 23:49:17.285571,0 days 00:00:11.890613,0.4580629487675865,128,1.2218408825167124e-05,2,COMPLETE
204,0.13160728422591644,2026-01-03 23:49:17.299449,2026-01-03 23:49:29.744867,0 days 00:00:12.445418,0.46144668409326967,128,1.023236081627347e-05,2,COMPLETE
205,0.1315775843640643,2026-01-03 23:49:29.760139,2026-01-03 23:49:41.673386,0 days 00:00:11.913247,0.44302459502316127,128,1.3374811600833166e-05,2,COMPLETE
206,0.1315715286985374,2026-01-03 23:49:41.686417,2026-01-03 23:49:53.527156,0 days 00:00:11.840739,0.45745613978506106,128,1.157765621577614e-05,2,COMPLETE
207,0.1489614119528796,2026-01-03 23:49:53.538799,2026-01-03 23:50:05.354712,0 days 00:00:11.815913,0.44018413315008537,128,0.00030002524514298614,2,COMPLETE
208,0.15209224446582362,2026-01-03 23:50:05.366029,2026-01-03 23:50:17.204116,0 days 00:00:11.838087,0.4556642015836094,32,1.547715620864574e-05,2,COMPLETE
209,0.1315691908386505,2026-01-03 23:50:17.215802,2026-01-03 23:50:29.040624,0 days 00:00:11.824822,0.44722999001853414,128,1.2458275926883106e-05,2,COMPLETE
210,0.13161385360771188,2026-01-03 23:50:29.052384,2026-01-03 23:50:40.841659,0 days 00:00:11.789275,0.471761025370088,128,1.0043101130552656e-05,2,COMPLETE
211,0.13156883185486512,2026-01-03 23:50:40.853434,2026-01-03 23:50:53.185434,0 days 00:00:12.332000,0.448225590357661,128,1.2216878752364276e-05,2,COMPLETE
212,0.1315737483298381,2026-01-03 23:50:53.196519,2026-01-03 23:51:05.152205,0 days 00:00:11.955686,0.4450156655894665,128,1.2814124925406907e-05,2,COMPLETE
213,0.13158843062119743,2026-01-03 23:51:05.164564,2026-01-03 23:51:16.970394,0 days 00:00:11.805830,0.4517409561087413,128,1.3971332118485222e-05,2,COMPLETE
214,0.13158026568004255,2026-01-03 23:51:16.981476,2026-01-03 23:51:28.888347,0 days 00:00:11.906871,0.4588645741383921,128,1.1256857111330615e-05,2,COMPLETE
215,0.13160707180997464,2026-01-03 23:51:28.899756,2026-01-03 23:51:41.301250,0 days 00:00:12.401494,0.15865561065334347,128,1.253542927321696e-05,2,COMPLETE
216,0.1315868336946058,2026-01-03 23:51:41.312220,2026-01-03 23:51:53.154640,0 days 00:00:11.842420,0.4469430319877932,128,1.091439722615448e-05,2,COMPLETE
217,0.1315689030416067,2026-01-03 23:51:53.165700,2026-01-03 23:52:05.007832,0 days 00:00:11.842132,0.46192016897637456,128,1.2311484081889658e-05,2,COMPLETE
218,0.13158905735329934,2026-01-03 23:52:05.019208,2026-01-03 23:52:16.805615,0 days 00:00:11.786407,0.45834410232572187,128,1.3983957302123633e-05,2,COMPLETE
219,0.1315722963921653,2026-01-03 23:52:16.817487,2026-01-03 23:52:29.094250,0 days 00:00:12.276763,0.46540499039706495,128,1.2577572935115466e-05,2,COMPLETE
220,0.16128708484694865,2026-01-03 23:52:29.106240,2026-01-03 23:52:41.067194,0 days 00:00:11.960954,0.4803634135550348,128,0.0006891672033186437,2,COMPLETE
221,0.1315673063620087,2026-01-03 23:52:41.078609,2026-01-03 23:52:52.831309,0 days 00:00:11.752700,0.4535478575831353,128,1.2197497410858525e-05,2,COMPLETE
222,0.1316103441298482,2026-01-03 23:52:52.844130,2026-01-03 23:53:05.282825,0 days 00:00:12.438695,0.20492078715795786,128,1.3262074254166795e-05,2,COMPLETE
223,0.1315703287262287,2026-01-03 23:53:05.293994,2026-01-03 23:53:17.179248,0 days 00:00:11.885254,0.45003868649738205,128,1.1832554215768048e-05,2,COMPLETE
224,0.13158823231352423,2026-01-03 23:53:17.190515,2026-01-03 23:53:29.022052,0 days 00:00:11.831537,0.4595289509467423,128,1.0890629011251123e-05,2,COMPLETE
225,0.1316117185498815,2026-01-03 23:53:29.033576,2026-01-03 23:53:40.952109,0 days 00:00:11.918533,0.44115962151310434,128,1.4864289557872849e-05,2,COMPLETE
226,0.15034854236708328,2026-01-03 23:53:40.962866,2026-01-03 23:53:52.648301,0 days 00:00:11.685435,,128,1.235666447959132e-05,1,COMPLETE
227,0.1315799893207441,2026-01-03 23:53:52.659944,2026-01-03 23:54:04.538151,0 days 00:00:11.878207,0.47138756110952607,128,1.344975552069196e-05,2,COMPLETE
228,0.13158305263562886,2026-01-03 23:54:04.549312,2026-01-03 23:54:16.508330,0 days 00:00:11.959018,0.4522392023424171,128,1.1070239410802188e-05,2,COMPLETE
229,0.13157130052778448,2026-01-03 23:54:16.519671,2026-01-03 23:54:28.768798,0 days 00:00:12.249127,0.43410618359512165,128,1.2342153632100385e-05,2,COMPLETE
230,0.13164929928117095,2026-01-03 23:54:28.780539,2026-01-03 23:54:40.645144,0 days 00:00:11.864605,0.44614190691526223,128,1.5958581431351265e-05,2,COMPLETE
231,0.13157335631119227,2026-01-03 23:54:40.657650,2026-01-03 23:54:52.551401,0 days 00:00:11.893751,0.4509449957269496,128,1.1537490369789652e-05,2,COMPLETE
232,0.1315711183510863,2026-01-03 23:54:52.566146,2026-01-03 23:55:04.472625,0 days 00:00:11.906479,0.4626456268568935,128,1.1818126183195968e-05,2,COMPLETE
233,0.13157984495252803,2026-01-03 23:55:04.485227,2026-01-03 23:55:16.810749,0 days 00:00:12.325522,0.448960920520636,128,1.3418652512654666e-05,2,COMPLETE
234,0.1315899301966955,2026-01-03 23:55:16.822849,2026-01-03 23:55:28.683351,0 days 00:00:11.860502,0.4393233432952767,128,1.0706312634238022e-05,2,COMPLETE
235,0.13156795274986977,2026-01-03 23:55:28.695471,2026-01-03 23:55:40.374408,0 days 00:00:11.678937,0.4553328983794937,128,1.1946230068671339e-05,2,COMPLETE
236,0.1372883015750527,2026-01-03 23:55:40.386895,2026-01-03 23:55:52.354747,0 days 00:00:11.967852,0.4582648403536618,96,1.2587750088824701e-05,2,COMPLETE
237,0.1316135154864707,2026-01-03 23:55:52.367345,2026-01-03 23:56:04.262889,0 days 00:00:11.895544,0.4694828040458644,128,1.0025673467134136e-05,2,COMPLETE
238,0.1315979666090185,2026-01-03 23:56:04.275259,2026-01-03 23:56:16.053512,0 days 00:00:11.778253,0.4557480411079642,128,1.4430507062191244e-05,2,COMPLETE
239,0.13156975572258353,2026-01-03 23:56:16.065251,2026-01-03 23:56:27.862439,0 days 00:00:11.797188,0.44281030723966774,128,1.1874612701203578e-05,2,COMPLETE
240,0.131581393745705,2026-01-03 23:56:27.874214,2026-01-03 23:56:40.076946,0 days 00:00:12.202732,0.4407296293362864,128,1.1091443827564487e-05,2,COMPLETE
241,0.1315686747298402,2026-01-03 23:56:40.088529,2026-01-03 23:56:51.952209,0 days 00:00:11.863680,0.44572987629142347,128,1.2296053063160454e-05,2,COMPLETE
242,0.1503479512552839,2026-01-03 23:56:51.963236,2026-01-03 23:57:04.786521,0 days 00:00:12.823285,0.44633617600834025,128,1.3187846006658128e-05,3,COMPLETE
243,0.13157075803193888,2026-01-03 23:57:04.799805,2026-01-03 23:57:16.621004,0 days 00:00:11.821199,0.43357581563399866,128,1.1948322909393528e-05,2,COMPLETE
244,0.13157607922855652,2026-01-03 23:57:16.635408,2026-01-03 23:57:28.957694,0 days 00:00:12.322286,0.45363770503848166,128,1.3111336703514015e-05,2,COMPLETE
245,0.13157579656358429,2026-01-03 23:57:28.968514,2026-01-03 23:57:40.754600,0 days 00:00:11.786086,0.46135354417719215,128,1.1453052946514247e-05,2,COMPLETE
246,0.1865903418554581,2026-01-03 23:57:40.765773,2026-01-03 23:57:52.128445,0 days 00:00:11.362672,0.4455225367357323,64,1.4135299252364047e-05,2,COMPLETE
247,0.13156916778376126,2026-01-03 23:57:52.141148,2026-01-03 23:58:04.500379,0 days 00:00:12.359231,0.43899788895210223,128,1.212589307858128e-05,2,COMPLETE
248,0.1315748590422839,2026-01-03 23:58:04.510977,2026-01-03 23:58:16.240604,0 days 00:00:11.729627,0.4278356963630298,128,1.2783711875709172e-05,2,COMPLETE
249,0.13158846811521233,2026-01-03 23:58:16.252520,2026-01-03 23:58:28.053646,0 days 00:00:11.801126,0.4357989364649292,128,1.0747905548002496e-05,2,COMPLETE
