number,value,datetime_start,datetime_complete,duration,params_dropout,params_hidden_size,params_learning_rate,params_n_layers,state
139,0.21538680881384784,2026-01-03 15:49:53.915071,2026-01-03 15:50:03.145314,0 days 00:00:09.230243,0.29623402864396187,96,0.00029676663891987226,3,COMPLETE
140,0.16648286911408178,2026-01-03 15:50:03.157474,2026-01-03 15:50:12.963318,0 days 00:00:09.805844,0.33434602033875405,128,0.0003651815438570145,3,COMPLETE
141,0.1461038911053062,2026-01-03 15:50:12.974437,2026-01-03 15:50:22.835706,0 days 00:00:09.861269,0.319261412840364,128,0.00025447959652068365,3,COMPLETE
142,0.16406552317969883,2026-01-03 15:50:22.847480,2026-01-03 15:50:32.660436,0 days 00:00:09.812956,0.3158679203959787,128,0.0002192913734514063,3,COMPLETE
143,0.16124138444355055,2026-01-03 15:50:32.671969,2026-01-03 15:50:42.519083,0 days 00:00:09.847114,0.2876417318077924,128,0.0002621565757774849,3,COMPLETE
144,0.15967839101919515,2026-01-03 15:50:42.529763,2026-01-03 15:50:52.356059,0 days 00:00:09.826296,0.30588911069525937,128,0.00018731145283007707,3,COMPLETE
145,0.1779618277833664,2026-01-03 15:50:52.368884,2026-01-03 15:51:02.229141,0 days 00:00:09.860257,0.32592817831754733,128,0.0002821925062948121,3,COMPLETE
146,0.16594229215280148,2026-01-03 15:51:02.240647,2026-01-03 15:51:12.113900,0 days 00:00:09.873253,0.32257645379229455,128,0.00022738290173555348,3,COMPLETE
147,0.16416452194754239,2026-01-03 15:51:12.124826,2026-01-03 15:51:21.973479,0 days 00:00:09.848653,0.34906508801724023,128,0.0003355771988238904,3,COMPLETE
148,0.2504489667388046,2026-01-03 15:51:21.984689,2026-01-03 15:51:30.983108,0 days 00:00:08.998419,0.2880378693698057,64,0.00016397948945029938,3,COMPLETE
149,0.20579995079731195,2026-01-03 15:51:30.994775,2026-01-03 15:51:40.012151,0 days 00:00:09.017376,0.3135332558776545,32,0.00040774604496699037,3,COMPLETE
150,0.14864222372997535,2026-01-03 15:51:40.023808,2026-01-03 15:51:49.819094,0 days 00:00:09.795286,0.33360306911591436,128,0.0002525904632453297,3,COMPLETE
151,0.1491037625804226,2026-01-03 15:51:49.831638,2026-01-03 15:51:59.503604,0 days 00:00:09.671966,0.33304261132054397,128,0.0002612552248194593,3,COMPLETE
152,0.16360477796265968,2026-01-03 15:51:59.515435,2026-01-03 15:52:09.487603,0 days 00:00:09.972168,0.33378122699341856,128,0.00029981254173202463,3,COMPLETE
153,0.21693032915118904,2026-01-03 15:52:09.501785,2026-01-03 15:52:19.325584,0 days 00:00:09.823799,0.31902977735499,128,3.0809281726714795e-05,3,COMPLETE
154,0.1510942641035518,2026-01-03 15:52:19.336815,2026-01-03 15:52:29.203450,0 days 00:00:09.866635,0.32703458964035625,128,0.000246195425526386,3,COMPLETE
155,0.17077625265051144,2026-01-03 15:52:29.214851,2026-01-03 15:52:39.128507,0 days 00:00:09.913656,0.32939464575275035,128,0.00021258860663623803,3,COMPLETE
156,0.17210532637951506,2026-01-03 15:52:39.139516,2026-01-03 15:52:48.855360,0 days 00:00:09.715844,0.2992416467570737,128,0.0001905403730656936,3,COMPLETE
157,0.1673602257463264,2026-01-03 15:52:48.866161,2026-01-03 15:52:58.817315,0 days 00:00:09.951154,0.3113390944187854,128,0.00024372087661508063,3,COMPLETE
158,0.15400129729262985,2026-01-03 15:52:58.829175,2026-01-03 15:53:08.667191,0 days 00:00:09.838016,0.3430010335534231,128,0.0002579827037762778,3,COMPLETE
159,0.15586374839333259,2026-01-03 15:53:08.679109,2026-01-03 15:53:18.639802,0 days 00:00:09.960693,0.3377481234282146,128,0.00026872247024194217,3,COMPLETE
160,0.15616906233757152,2026-01-03 15:53:18.652849,2026-01-03 15:53:28.623722,0 days 00:00:09.970873,0.34617663872775095,128,0.00023199296228493068,3,COMPLETE
161,0.14783476540361626,2026-01-03 15:53:28.635550,2026-01-03 15:53:38.492578,0 days 00:00:09.857028,0.3253592887706565,128,0.0002563124337928022,3,COMPLETE
162,0.144957602815992,2026-01-03 15:53:38.504293,2026-01-03 15:53:48.430109,0 days 00:00:09.925816,0.3263221549396242,128,0.00025131144211538146,3,COMPLETE
163,0.14464334171971052,2026-01-03 15:53:48.444163,2026-01-03 15:53:58.320652,0 days 00:00:09.876489,0.3222961421926046,128,0.0002516695881800891,3,COMPLETE
164,0.1715677192292674,2026-01-03 15:53:58.334424,2026-01-03 15:54:08.224902,0 days 00:00:09.890478,0.3241168344767913,128,0.0002062009205962593,3,COMPLETE
165,0.15945380329975853,2026-01-03 15:54:08.237255,2026-01-03 15:54:18.305370,0 days 00:00:10.068115,0.3152347660561065,128,0.00023034034390178888,3,COMPLETE
166,0.1682210249649152,2026-01-03 15:54:18.318147,2026-01-03 15:54:28.231617,0 days 00:00:09.913470,0.3062348346895105,128,0.00028817622057659227,3,COMPLETE
167,0.16523132081566902,2026-01-03 15:54:28.243875,2026-01-03 15:54:38.016321,0 days 00:00:09.772446,0.331111676983078,128,0.00017716696748099704,3,COMPLETE
168,0.14957708208366677,2026-01-03 15:54:38.027947,2026-01-03 15:54:48.042821,0 days 00:00:10.014874,0.32308362577295674,128,0.00025311301358651165,3,COMPLETE
169,0.1548299444925838,2026-01-03 15:54:48.053772,2026-01-03 15:54:57.910150,0 days 00:00:09.856378,0.2916102339389492,128,0.0001966852388068253,3,COMPLETE
170,0.19947063892048852,2026-01-03 15:54:57.921928,2026-01-03 15:55:07.748579,0 days 00:00:09.826651,0.3238392278787798,128,9.742730368498818e-05,3,COMPLETE
171,0.15227825779304768,2026-01-03 15:55:07.760535,2026-01-03 15:55:17.667989,0 days 00:00:09.907454,0.33471213445140696,128,0.0002446739780535554,3,COMPLETE
172,0.1519322227201812,2026-01-03 15:55:17.680115,2026-01-03 15:55:27.391070,0 days 00:00:09.710955,0.3313425013678064,128,0.00025924786738321917,3,COMPLETE
173,0.18048356327954757,2026-01-03 15:55:27.402458,2026-01-03 15:55:37.380121,0 days 00:00:09.977663,0.3185221008076182,128,0.0002796932114546602,3,COMPLETE
174,0.1663635651975248,2026-01-03 15:55:37.393198,2026-01-03 15:55:47.170330,0 days 00:00:09.777132,0.33020725943401896,128,0.00021916467543038585,3,COMPLETE
175,0.15380350155429295,2026-01-03 15:55:47.185847,2026-01-03 15:55:57.010249,0 days 00:00:09.824402,0.31080510937700045,128,0.00024630738910702104,3,COMPLETE
176,0.16219062540839727,2026-01-03 15:55:57.027778,2026-01-03 15:56:06.969875,0 days 00:00:09.942097,0.32539678894363816,128,0.0003051469453398365,3,COMPLETE
177,0.19049340934852865,2026-01-03 15:56:06.982044,2026-01-03 15:56:16.176943,0 days 00:00:09.194899,0.3017246328549453,96,0.00022396953087201117,3,COMPLETE
178,0.1617064310513344,2026-01-03 15:56:16.189216,2026-01-03 15:56:26.075110,0 days 00:00:09.885894,0.3157452746085555,128,0.00027611557824145164,3,COMPLETE
179,0.14857045321207596,2026-01-03 15:56:26.087082,2026-01-03 15:56:35.909191,0 days 00:00:09.822109,0.33276435025620327,128,0.00024773583719970085,3,COMPLETE
180,0.16536557687233958,2026-01-03 15:56:35.920646,2026-01-03 15:56:45.669832,0 days 00:00:09.749186,0.3543538288846632,128,0.0002017772437567843,3,COMPLETE
181,0.14748255819301037,2026-01-03 15:56:45.680525,2026-01-03 15:56:55.641736,0 days 00:00:09.961211,0.3344518363484369,128,0.000255542258528843,3,COMPLETE
182,0.1514316643946664,2026-01-03 15:56:55.654123,2026-01-03 15:57:05.453776,0 days 00:00:09.799653,0.3426058829006698,128,0.00026302383869992644,3,COMPLETE
183,0.1801339410738748,2026-01-03 15:57:05.465873,2026-01-03 15:57:15.441299,0 days 00:00:09.975426,0.34019233570545004,128,0.0002794224255903878,3,COMPLETE
184,0.1685367313738726,2026-01-03 15:57:15.452004,2026-01-03 15:57:25.304320,0 days 00:00:09.852316,0.3470073189317182,128,0.0003126116867619026,3,COMPLETE
185,0.15937678282784498,2026-01-03 15:57:25.323843,2026-01-03 15:57:35.137383,0 days 00:00:09.813540,0.3209997498579451,128,0.00023062909967953455,3,COMPLETE
186,0.20724594426620693,2026-01-03 15:57:35.148391,2026-01-03 15:57:43.986164,0 days 00:00:08.837773,0.307256535107036,32,0.0002585434633921973,3,COMPLETE
187,0.16941996318198596,2026-01-03 15:57:43.998580,2026-01-03 15:57:53.891739,0 days 00:00:09.893159,0.3268392903387079,128,0.0003029552934590232,3,COMPLETE
188,0.1640786023832539,2026-01-03 15:57:53.903511,2026-01-03 15:58:03.697035,0 days 00:00:09.793524,0.35625541489665336,128,0.00034042487952478236,3,COMPLETE
189,0.2535959502063431,2026-01-03 15:58:03.712448,2026-01-03 15:58:12.692123,0 days 00:00:08.979675,0.33570593027622164,64,0.00021365690631798803,3,COMPLETE
190,0.15993764283631504,2026-01-03 15:58:12.703116,2026-01-03 15:58:22.548929,0 days 00:00:09.845813,0.31654846930409747,128,0.00024483201999096234,3,COMPLETE
191,0.15418153308124422,2026-01-03 15:58:22.560236,2026-01-03 15:58:32.366636,0 days 00:00:09.806400,0.33157257132001833,128,0.0002622382206356037,3,COMPLETE
192,0.16778210949693279,2026-01-03 15:58:32.378164,2026-01-03 15:58:42.299614,0 days 00:00:09.921450,0.34344842869332376,128,0.00028424282381760455,3,COMPLETE
193,0.15780571424103937,2026-01-03 15:58:42.311050,2026-01-03 15:58:52.014366,0 days 00:00:09.703316,0.3307287101135843,128,0.00023175221628972073,3,COMPLETE
194,0.17660818822362886,2026-01-03 15:58:52.032390,2026-01-03 15:59:01.946862,0 days 00:00:09.914472,0.3222932590446238,128,0.00026064272222771476,3,COMPLETE
195,0.32382585756892235,2026-01-03 15:59:01.964907,2026-01-03 15:59:10.837848,0 days 00:00:08.872941,0.3388692691308081,128,0.0002083664560892242,2,COMPLETE
196,0.16343600043006767,2026-01-03 15:59:10.849257,2026-01-03 15:59:20.673809,0 days 00:00:09.824552,0.3502801904637718,128,0.0003042187639932123,3,COMPLETE
197,0.16129771915463573,2026-01-03 15:59:20.685599,2026-01-03 15:59:30.410491,0 days 00:00:09.724892,0.297566141185127,128,0.000244288730049299,3,COMPLETE
198,0.16742384764334575,2026-01-03 15:59:30.422488,2026-01-03 15:59:40.419533,0 days 00:00:09.997045,0.31294550691348255,128,0.00018004939894989699,3,COMPLETE
199,0.14887415650494526,2026-01-03 15:59:40.432361,2026-01-03 15:59:50.253231,0 days 00:00:09.820870,0.33299779997968704,128,0.0002672429817039528,3,COMPLETE
