number,value,datetime_start,datetime_complete,duration,params_dropout,params_hidden_size,params_learning_rate,params_n_layers,state
154,0.22510305914162373,2026-01-03 19:04:15.939603,2026-01-03 19:04:25.353956,0 days 00:00:09.414353,,128,0.00024571787338183805,1,COMPLETE
155,0.23730617334239024,2026-01-03 19:04:26.362178,2026-01-03 19:04:35.806187,0 days 00:00:09.444009,,128,0.00032069131402276895,1,COMPLETE
156,0.44433913220619464,2026-01-03 19:04:36.796891,2026-01-03 19:04:47.065538,0 days 00:00:10.268647,0.20145409673420211,128,0.0002499948523632426,2,COMPLETE
157,0.23384475396436008,2026-01-03 19:04:47.257126,2026-01-03 19:04:56.529058,0 days 00:00:09.271932,,128,0.00028105698404456097,1,COMPLETE
158,0.22545966755240981,2026-01-03 19:04:56.538381,2026-01-03 19:05:05.812059,0 days 00:00:09.273678,,128,0.0002038638638789954,1,COMPLETE
159,0.22745641300068192,2026-01-03 19:05:05.821492,2026-01-03 19:05:15.414075,0 days 00:00:09.592583,,128,0.00023876892737043537,1,COMPLETE
160,0.2269793554057917,2026-01-03 19:05:16.260150,2026-01-03 19:05:25.576999,0 days 00:00:09.316849,,128,0.00019982881609845274,1,COMPLETE
161,0.23443732830757544,2026-01-03 19:05:25.587966,2026-01-03 19:05:34.837757,0 days 00:00:09.249791,,128,0.00017551741265093258,1,COMPLETE
162,0.22548542316603612,2026-01-03 19:05:34.847799,2026-01-03 19:05:44.240092,0 days 00:00:09.392293,,128,0.00020767278461035138,1,COMPLETE
163,0.22659213245832613,2026-01-03 19:05:45.275573,2026-01-03 19:05:54.850070,0 days 00:00:09.574497,,128,0.0002313795309342725,1,COMPLETE
164,0.22517983462335106,2026-01-03 19:05:55.717666,2026-01-03 19:06:04.915016,0 days 00:00:09.197350,,128,0.0002600449470788675,1,COMPLETE
165,0.22696472830929187,2026-01-03 19:06:04.924542,2026-01-03 19:06:14.186745,0 days 00:00:09.262203,,128,0.0002634133967121651,1,COMPLETE
166,0.2367077753411284,2026-01-03 19:06:14.196937,2026-01-03 19:06:23.708138,0 days 00:00:09.511201,,128,0.00030877886230314843,1,COMPLETE
167,0.2256974820317963,2026-01-03 19:06:24.627443,2026-01-03 19:06:33.810008,0 days 00:00:09.182565,,128,0.0002590107206223339,1,COMPLETE
168,0.4082137362616932,2026-01-03 19:06:33.820270,2026-01-03 19:06:42.975863,0 days 00:00:09.155593,,96,0.00018964816043231766,1,COMPLETE
169,0.3674089841750384,2026-01-03 19:06:42.985287,2026-01-03 19:06:52.188311,0 days 00:00:09.203024,,128,1.029644280926631e-05,1,COMPLETE
170,0.22578345388561893,2026-01-03 19:06:52.198070,2026-01-03 19:07:01.820588,0 days 00:00:09.622518,,128,0.00021720262682063012,1,COMPLETE
171,0.22555804512530817,2026-01-03 19:07:02.632343,2026-01-03 19:07:11.817364,0 days 00:00:09.185021,,128,0.00020641196827302744,1,COMPLETE
172,0.2265230093741656,2026-01-03 19:07:11.828029,2026-01-03 19:07:21.024619,0 days 00:00:09.196590,,128,0.00023769104765606646,1,COMPLETE
173,0.22499235767078388,2026-01-03 19:07:21.034284,2026-01-03 19:07:30.472839,0 days 00:00:09.438555,,128,0.0002046417122448023,1,COMPLETE
174,0.2415904971834253,2026-01-03 19:07:31.461485,2026-01-03 19:07:40.698631,0 days 00:00:09.237146,,128,0.00015641336290076675,1,COMPLETE
175,0.23197580210549984,2026-01-03 19:07:40.709256,2026-01-03 19:07:50.020373,0 days 00:00:09.311117,,128,0.00018528861771773854,1,COMPLETE
176,0.23278806514235814,2026-01-03 19:07:50.033129,2026-01-03 19:07:59.340169,0 days 00:00:09.307040,,128,0.0002802201121636443,1,COMPLETE
177,0.4208915986282465,2026-01-03 19:07:59.350470,2026-01-03 19:08:08.820706,0 days 00:00:09.470236,,128,5.9164666068173575e-05,1,COMPLETE
178,0.326165835142469,2026-01-03 19:08:09.783792,2026-01-03 19:08:18.839714,0 days 00:00:09.055922,,64,0.0002062157217295784,1,COMPLETE
179,0.22566245392174372,2026-01-03 19:08:18.849864,2026-01-03 19:08:28.057421,0 days 00:00:09.207557,,128,0.00024751300844013893,1,COMPLETE
180,0.40584263918821184,2026-01-03 19:08:28.066978,2026-01-03 19:08:37.417580,0 days 00:00:09.350602,,32,0.0002251831570392998,1,COMPLETE
181,0.22601952413741153,2026-01-03 19:08:37.427743,2026-01-03 19:08:46.680615,0 days 00:00:09.252872,,128,0.00020332354808144293,1,COMPLETE
182,0.23538991162731954,2026-01-03 19:08:46.761944,2026-01-03 19:08:55.911497,0 days 00:00:09.149553,,128,0.00017133457823707883,1,COMPLETE
183,0.22582766820056988,2026-01-03 19:08:55.921454,2026-01-03 19:09:05.192012,0 days 00:00:09.270558,,128,0.000225360866580308,1,COMPLETE
184,0.22879380546672173,2026-01-03 19:09:05.202946,2026-01-03 19:09:14.788023,0 days 00:00:09.585077,,128,0.0001917711799629563,1,COMPLETE
185,0.2260803269582244,2026-01-03 19:09:15.644299,2026-01-03 19:09:24.981520,0 days 00:00:09.337221,,128,0.0002579870935056559,1,COMPLETE
186,0.22596308590264091,2026-01-03 19:09:24.992228,2026-01-03 19:09:34.313238,0 days 00:00:09.321010,,128,0.00021086080798938316,1,COMPLETE
187,0.2332777874604323,2026-01-03 19:09:34.323151,2026-01-03 19:09:43.876586,0 days 00:00:09.553435,,128,0.00029106061046418603,1,COMPLETE
188,0.22606942105360356,2026-01-03 19:09:44.759957,2026-01-03 19:09:53.952343,0 days 00:00:09.192386,,128,0.00023232109023599255,1,COMPLETE
189,0.23333449667646544,2026-01-03 19:09:53.962485,2026-01-03 19:10:03.248178,0 days 00:00:09.285693,,128,0.00018014496966771497,1,COMPLETE
190,0.2366223668497859,2026-01-03 19:10:03.258842,2026-01-03 19:10:12.488878,0 days 00:00:09.230036,,128,0.00016495166260096,1,COMPLETE
191,0.22558959629879638,2026-01-03 19:10:12.499420,2026-01-03 19:10:22.162467,0 days 00:00:09.663047,,128,0.00021035174878904954,1,COMPLETE
192,0.2258250231210425,2026-01-03 19:10:22.945340,2026-01-03 19:10:32.219207,0 days 00:00:09.273867,,128,0.0002085552211195013,1,COMPLETE
193,0.22582591239042002,2026-01-03 19:10:32.229373,2026-01-03 19:10:41.573949,0 days 00:00:09.344576,,128,0.00024683496185767183,1,COMPLETE
194,0.22793138452141387,2026-01-03 19:10:41.583886,2026-01-03 19:10:51.041516,0 days 00:00:09.457630,,128,0.00019410684861001948,1,COMPLETE
195,0.22596285826669651,2026-01-03 19:10:52.024437,2026-01-03 19:11:01.792922,0 days 00:00:09.768485,,128,0.00021922644574431162,1,COMPLETE
196,0.22809126015112244,2026-01-03 19:11:02.480068,2026-01-03 19:11:11.784946,0 days 00:00:09.304878,,128,0.00026883749657369277,1,COMPLETE
197,0.22647998136663366,2026-01-03 19:11:11.794923,2026-01-03 19:11:20.979234,0 days 00:00:09.184311,,128,0.00023769759902157506,1,COMPLETE
198,0.23946598508512848,2026-01-03 19:11:21.205039,2026-01-03 19:11:30.856985,0 days 00:00:09.651946,,128,0.0003322133827955664,1,COMPLETE
199,0.2252960269476165,2026-01-03 19:11:31.661254,2026-01-03 19:11:40.949518,0 days 00:00:09.288264,,128,0.00020301421195842328,1,COMPLETE
