number,value,datetime_start,datetime_complete,duration,params_dropout,params_hidden_size,params_learning_rate,params_n_layers,state
278,0.1341979038650373,2026-01-03 12:36:59.375224,2026-01-03 12:37:06.351633,0 days 00:00:06.976409,0.11073733871432037,64,2.2417574482829528e-05,1,COMPLETE
279,0.13496004768207148,2026-01-03 12:37:06.364081,2026-01-03 12:37:13.568436,0 days 00:00:07.204355,0.11181859399457234,64,2.501621775730204e-05,1,COMPLETE
280,0.13415772970568426,2026-01-03 12:37:13.595216,2026-01-03 12:37:20.652479,0 days 00:00:07.057263,0.10008882407259316,64,2.228025435030148e-05,1,COMPLETE
281,0.1343638387142128,2026-01-03 12:37:20.665098,2026-01-03 12:37:27.895455,0 days 00:00:07.230357,0.10063042310054034,64,2.281993110358669e-05,1,COMPLETE
282,0.1340549317057353,2026-01-03 12:37:27.907586,2026-01-03 12:37:35.169235,0 days 00:00:07.261649,0.11286604197473814,64,2.191728450343082e-05,1,COMPLETE
283,0.1340298480248822,2026-01-03 12:37:35.182433,2026-01-03 12:37:42.712251,0 days 00:00:07.529818,0.1099692010317745,64,2.1824645683448155e-05,1,COMPLETE
284,0.13404763705807068,2026-01-03 12:37:42.723982,2026-01-03 12:37:49.996310,0 days 00:00:07.272328,0.11326933276050064,64,2.18882158885179e-05,1,COMPLETE
285,0.1340843355825705,2026-01-03 12:37:50.008373,2026-01-03 12:37:56.957136,0 days 00:00:06.948763,0.11245313572491752,64,2.201528671748752e-05,1,COMPLETE
286,0.13572979838460958,2026-01-03 12:37:56.968086,2026-01-03 12:38:04.036270,0 days 00:00:07.068184,0.11284708486282398,64,2.875671012052224e-05,1,COMPLETE
287,0.1341480197118154,2026-01-03 12:38:04.048157,2026-01-03 12:38:11.369166,0 days 00:00:07.321009,0.1083407398275338,64,2.2247192480144323e-05,1,COMPLETE
288,0.13413518270161204,2026-01-03 12:38:11.381020,2026-01-03 12:38:18.782687,0 days 00:00:07.401667,0.11391217097016834,64,2.2200242771983747e-05,1,COMPLETE
289,0.1351109100066211,2026-01-03 12:38:18.795726,2026-01-03 12:38:26.039202,0 days 00:00:07.243476,0.11218327574551756,64,2.6009547931138695e-05,1,COMPLETE
290,0.13433528262246464,2026-01-03 12:38:26.051912,2026-01-03 12:38:33.297948,0 days 00:00:07.246036,0.10819621768695804,64,2.2715835137435266e-05,1,COMPLETE
291,0.1339773659697541,2026-01-03 12:38:33.309865,2026-01-03 12:38:40.302002,0 days 00:00:06.992137,0.11573109257451886,64,2.1641981956424097e-05,1,COMPLETE
292,0.1340463641054325,2026-01-03 12:38:40.313488,2026-01-03 12:38:47.363214,0 days 00:00:07.049726,0.11578904152508414,64,2.1882549532339113e-05,1,COMPLETE
293,0.13396435618395294,2026-01-03 12:38:47.375729,2026-01-03 12:38:54.530284,0 days 00:00:07.154555,0.1077470432281759,64,2.1586825443536382e-05,1,COMPLETE
294,0.13401605093464472,2026-01-03 12:38:54.542376,2026-01-03 12:39:01.725726,0 days 00:00:07.183350,0.10027279644550226,64,2.177512882426208e-05,1,COMPLETE
295,0.134730502376001,2026-01-03 12:39:01.754084,2026-01-03 12:39:09.072338,0 days 00:00:07.318254,0.10615929268930513,64,2.4136167914107807e-05,1,COMPLETE
296,0.13406429547232157,2026-01-03 12:39:09.086335,2026-01-03 12:39:16.423382,0 days 00:00:07.337047,0.10034655257945782,64,2.1949721396817577e-05,1,COMPLETE
297,0.23227380244287768,2026-01-03 12:39:16.435825,2026-01-03 12:39:24.579174,0 days 00:00:08.143349,0.10079851361583467,64,2.15205376841052e-05,3,COMPLETE
298,0.13505749447089765,2026-01-03 12:39:24.591787,2026-01-03 12:39:32.067850,0 days 00:00:07.476063,0.10019793911799356,64,2.5423609212275614e-05,1,COMPLETE
299,0.13398132060074242,2026-01-03 12:39:32.080167,2026-01-03 12:39:39.668166,0 days 00:00:07.587999,0.11540899592022874,64,2.1478043581931975e-05,1,COMPLETE
300,0.13548504670230765,2026-01-03 12:39:39.682471,2026-01-03 12:39:47.291084,0 days 00:00:07.608613,0.11678134512791608,64,2.7490139227540036e-05,1,COMPLETE
301,0.13378925261741767,2026-01-03 12:39:47.303124,2026-01-03 12:39:54.788481,0 days 00:00:07.485357,0.1134404214678981,64,2.0705186847686285e-05,1,COMPLETE
