number,value,datetime_start,datetime_complete,duration,params_dropout,params_hidden_size,params_learning_rate,params_n_layers,state
278,0.20441905707027733,2026-01-03 13:34:22.490577,2026-01-03 13:34:31.790805,0 days 00:00:09.300228,0.3092919639881247,32,1.0057953959931435e-05,3,COMPLETE
279,0.2114114252190303,2026-01-03 13:34:31.803482,2026-01-03 13:34:40.996908,0 days 00:00:09.193426,0.3712926534276463,32,2.5368092536802787e-05,3,COMPLETE
280,0.2357613427813279,2026-01-03 13:34:41.008769,2026-01-03 13:34:50.334880,0 days 00:00:09.326111,0.2980127155299571,96,1.4143099690640488e-05,3,COMPLETE
281,0.20440179383519302,2026-01-03 13:34:50.347544,2026-01-03 13:34:59.479933,0 days 00:00:09.132389,0.21069981989484812,32,1.000665710930584e-05,3,COMPLETE
282,0.20500684036266623,2026-01-03 13:34:59.491866,2026-01-03 13:35:08.682678,0 days 00:00:09.190812,0.36157729317718923,32,1.1778578861667199e-05,3,COMPLETE
283,0.22177682605445653,2026-01-03 13:35:08.695084,2026-01-03 13:35:18.014249,0 days 00:00:09.319165,0.20721665106545545,32,0.0004375214565077318,3,COMPLETE
284,0.2088445993446518,2026-01-03 13:35:18.027190,2026-01-03 13:35:27.234197,0 days 00:00:09.207007,0.27558470073525115,64,1.0907019812435783e-05,3,COMPLETE
285,0.2044044558587968,2026-01-03 13:35:27.245691,2026-01-03 13:35:36.494649,0 days 00:00:09.248958,0.23907657188697762,32,1.001519169642581e-05,3,COMPLETE
286,0.20440329059907036,2026-01-03 13:35:36.508293,2026-01-03 13:35:45.811109,0 days 00:00:09.302816,0.23924366650691983,32,1.0011988204379798e-05,3,COMPLETE
287,0.20531320036942657,2026-01-03 13:35:45.823501,2026-01-03 13:35:55.073178,0 days 00:00:09.249677,0.2534498888943654,32,1.268288017399989e-05,3,COMPLETE
288,0.2047345476152665,2026-01-03 13:35:55.086518,2026-01-03 13:36:04.258202,0 days 00:00:09.171684,0.22901413543034552,32,1.0980078672963441e-05,3,COMPLETE
289,0.20503171235298934,2026-01-03 13:36:04.269615,2026-01-03 13:36:13.409237,0 days 00:00:09.139622,0.24124874974151334,32,1.1845053688209807e-05,3,COMPLETE
290,0.20470826834097355,2026-01-03 13:36:13.421106,2026-01-03 13:36:22.624154,0 days 00:00:09.203048,0.24559550745292164,32,1.0904142170390919e-05,3,COMPLETE
291,0.2046914559067195,2026-01-03 13:36:22.650662,2026-01-03 13:36:32.372819,0 days 00:00:09.722157,0.23608310656194678,32,1.0854336168128465e-05,3,COMPLETE
292,0.2330390205757553,2026-01-03 13:36:32.383672,2026-01-03 13:36:42.406685,0 days 00:00:10.023013,0.259828928922059,128,1.0012565772344976e-05,3,COMPLETE
293,0.20525588849467538,2026-01-03 13:36:42.418302,2026-01-03 13:36:51.606297,0 days 00:00:09.187995,0.21757915806566835,32,1.2504728000437847e-05,3,COMPLETE
294,0.20497295315563668,2026-01-03 13:36:51.618222,2026-01-03 13:37:00.843800,0 days 00:00:09.225578,0.23836970517178083,32,1.1672877184418487e-05,3,COMPLETE
295,0.20563890123468592,2026-01-03 13:37:00.858682,2026-01-03 13:37:10.107947,0 days 00:00:09.249265,0.2254355443296723,32,1.364389093761094e-05,3,COMPLETE
296,0.20474352505642993,2026-01-03 13:37:10.139435,2026-01-03 13:37:19.464972,0 days 00:00:09.325537,0.23335894602431786,32,1.1007856904208282e-05,3,COMPLETE
297,0.2046901158952048,2026-01-03 13:37:19.477551,2026-01-03 13:37:28.647970,0 days 00:00:09.170419,0.25174697845269883,32,1.0850805126104142e-05,3,COMPLETE
298,0.20441386387688565,2026-01-03 13:37:28.659301,2026-01-03 13:37:37.918780,0 days 00:00:09.259479,0.3166143617805217,32,1.0044396294549811e-05,3,COMPLETE
299,0.20513772953983167,2026-01-03 13:37:37.932054,2026-01-03 13:37:47.183872,0 days 00:00:09.251818,0.22232318718527141,32,1.2156986913806275e-05,3,COMPLETE
