number,value,datetime_start,datetime_complete,duration,params_dropout,params_hidden_size,params_learning_rate,params_n_layers,state
0,0.13799465235685207,2026-01-14 20:40:43.552786,2026-01-14 20:40:51.840102,0 days 00:00:08.287316,0.4464704583099741,16,5.6115164153345e-05,3,COMPLETE
1,0.153683984317656,2026-01-14 20:40:51.854255,2026-01-14 20:40:59.545311,0 days 00:00:07.691056,0.17336180394137352,32,0.00015930522616241006,3,COMPLETE
2,0.1428886307388945,2026-01-14 20:40:59.554760,2026-01-14 20:41:06.718765,0 days 00:00:07.164005,0.2465447373174767,64,4.059611610484306e-05,2,COMPLETE
3,0.16628477845217637,2026-01-14 20:41:06.729175,2026-01-14 20:41:16.154618,0 days 00:00:09.425443,0.16820964947491662,128,8.168455894760161e-05,3,COMPLETE
4,0.14346770824264585,2026-01-14 20:41:16.167609,2026-01-14 20:41:24.881273,0 days 00:00:08.713664,0.27606099749584057,16,1.3492834268013232e-05,3,COMPLETE
5,0.13374857878099936,2026-01-14 20:41:24.893084,2026-01-14 20:41:32.882078,0 days 00:00:07.988994,0.3080272084711243,32,1.7541893487450798e-05,2,COMPLETE
6,0.1396551206499028,2026-01-14 20:41:32.895598,2026-01-14 20:41:40.317292,0 days 00:00:07.421694,,16,0.00012399967836846095,1,COMPLETE
7,0.24473359359142832,2026-01-14 20:41:40.326961,2026-01-14 20:41:47.515660,0 days 00:00:07.188699,,96,0.0006978281265126031,1,COMPLETE
8,0.16285760019347248,2026-01-14 20:41:47.527410,2026-01-14 20:41:55.292831,0 days 00:00:07.765421,0.4947547746402069,96,0.00045443839603360173,2,COMPLETE
9,0.14959845050599943,2026-01-14 20:41:55.305320,2026-01-14 20:42:02.551848,0 days 00:00:07.246528,,32,0.0003503398491158688,1,COMPLETE
10,0.13337507351944297,2026-01-14 20:42:02.563485,2026-01-14 20:42:10.095776,0 days 00:00:07.532291,0.36850754592708684,32,1.1014512904527948e-05,2,COMPLETE
11,0.1333626082030064,2026-01-14 20:42:10.109656,2026-01-14 20:42:18.080423,0 days 00:00:07.970767,0.3906255458091984,32,1.0708868272561698e-05,2,COMPLETE
12,0.13428612164786854,2026-01-14 20:42:18.093552,2026-01-14 20:42:25.811648,0 days 00:00:07.718096,0.37886235933603785,32,2.4463433288702815e-05,2,COMPLETE
13,0.1333805702650432,2026-01-14 20:42:25.822729,2026-01-14 20:42:33.393300,0 days 00:00:07.570571,0.38088754289219606,32,1.1141186106662803e-05,2,COMPLETE
14,0.14204325217683864,2026-01-14 20:42:33.404866,2026-01-14 20:42:40.964440,0 days 00:00:07.559574,0.37919507237109834,64,2.7538597967232048e-05,2,COMPLETE
15,0.14980124231314235,2026-01-14 20:42:40.978319,2026-01-14 20:42:48.577026,0 days 00:00:07.598707,,128,2.6605845465529855e-05,1,COMPLETE
16,0.1334300978446423,2026-01-14 20:42:48.588339,2026-01-14 20:42:56.715311,0 days 00:00:08.126972,0.3392658596019897,32,1.2328062566476195e-05,2,COMPLETE
17,0.14588515226583393,2026-01-14 20:42:56.727727,2026-01-14 20:43:04.393194,0 days 00:00:07.665467,,32,0.00022270414378132143,1,COMPLETE
18,0.1399177481394441,2026-01-14 20:43:04.405622,2026-01-14 20:43:12.660942,0 days 00:00:08.255320,0.4493246691718298,32,4.984538658320679e-05,3,COMPLETE
19,0.14019828539098184,2026-01-14 20:43:12.671125,2026-01-14 20:43:20.553178,0 days 00:00:07.882053,0.22647280529813094,96,1.87874823264791e-05,2,COMPLETE
20,0.14226444026844984,2026-01-14 20:43:20.563739,2026-01-14 20:43:28.785109,0 days 00:00:08.221370,0.43480569071707414,64,1.0674654872780286e-05,2,COMPLETE
21,0.13336678303750468,2026-01-14 20:43:28.797575,2026-01-14 20:43:36.638650,0 days 00:00:07.841075,0.372404834934724,32,1.0811947030859866e-05,2,COMPLETE
22,0.13392661528885025,2026-01-14 20:43:36.652725,2026-01-14 20:43:44.396830,0 days 00:00:07.744105,0.3389793990165979,32,1.981030429206634e-05,2,COMPLETE
23,0.13511036943728913,2026-01-14 20:43:44.407882,2026-01-14 20:43:52.257617,0 days 00:00:07.849735,0.3990153414671527,32,3.534130933779718e-05,2,COMPLETE
24,0.13333419339402222,2026-01-14 20:43:52.268689,2026-01-14 20:44:00.138561,0 days 00:00:07.869872,0.3207913984386177,32,1.0054095520406994e-05,2,COMPLETE
25,0.1341520944695569,2026-01-14 20:44:00.151623,2026-01-14 20:44:08.821124,0 days 00:00:08.669501,0.29583475453644953,128,1.594632483403424e-05,2,COMPLETE
26,0.13864475248795075,2026-01-14 20:44:08.833091,2026-01-14 20:44:16.430396,0 days 00:00:07.597305,,32,8.570128976983309e-05,1,COMPLETE
27,0.14152064245731663,2026-01-14 20:44:16.442975,2026-01-14 20:44:24.789726,0 days 00:00:08.346751,0.3280789066710515,32,3.1610120186087045e-05,3,COMPLETE
28,0.13403993727138197,2026-01-14 20:44:24.801431,2026-01-14 20:44:32.523675,0 days 00:00:07.722244,0.41293968702980505,32,2.128683392739557e-05,2,COMPLETE
29,0.13803709571546685,2026-01-14 20:44:32.534377,2026-01-14 20:44:40.655095,0 days 00:00:08.120718,0.47335124934283485,16,5.26451532204125e-05,3,COMPLETE
30,0.14028686932311965,2026-01-14 20:44:40.666958,2026-01-14 20:44:48.429671,0 days 00:00:07.762713,0.2597178593275226,96,1.566012080106603e-05,2,COMPLETE
31,0.1333348582870445,2026-01-14 20:44:48.440648,2026-01-14 20:44:56.276546,0 days 00:00:07.835898,0.35718566700495674,32,1.0061898849528774e-05,2,COMPLETE
32,0.13335356504804566,2026-01-14 20:44:56.287883,2026-01-14 20:45:03.845660,0 days 00:00:07.557777,0.34981165044661144,32,1.0500436719149436e-05,2,COMPLETE
33,0.13356730411114495,2026-01-14 20:45:03.857992,2026-01-14 20:45:11.609044,0 days 00:00:07.751052,0.3286345930795012,32,1.4854697869731528e-05,2,COMPLETE
34,0.14236073107635425,2026-01-14 20:45:11.620525,2026-01-14 20:45:19.336672,0 days 00:00:07.716147,0.41515505649165857,64,1.0062779966662865e-05,2,COMPLETE
35,0.13679630193458042,2026-01-14 20:45:19.350324,2026-01-14 20:45:28.434082,0 days 00:00:09.083758,0.35639617443185645,128,1.4343211107447253e-05,3,COMPLETE
36,0.13552401119196641,2026-01-14 20:45:28.445605,2026-01-14 20:45:36.207265,0 days 00:00:07.761660,0.3097273120080341,32,4.1064867581824e-05,2,COMPLETE
37,0.17514453705706667,2026-01-14 20:45:36.219576,2026-01-14 20:45:43.749771,0 days 00:00:07.530195,0.12460261712821155,16,6.458357486192491e-05,2,COMPLETE
38,0.13383377952862496,2026-01-14 20:45:43.761435,2026-01-14 20:45:51.526740,0 days 00:00:07.765305,0.28959209696975163,32,1.8714467267577117e-05,2,COMPLETE
39,0.15070842840297552,2026-01-14 20:45:51.538282,2026-01-14 20:45:59.694797,0 days 00:00:08.156515,0.22885437505718148,32,0.00013220916822802013,3,COMPLETE
40,0.14633133376369556,2026-01-14 20:45:59.705952,2026-01-14 20:46:07.056131,0 days 00:00:07.350179,,16,1.384424272049468e-05,1,COMPLETE
41,0.13333860377259457,2026-01-14 20:46:07.066906,2026-01-14 20:46:14.641508,0 days 00:00:07.574602,0.35620425928780813,32,1.0149099624081798e-05,2,COMPLETE
42,0.1333382142500744,2026-01-14 20:46:14.654653,2026-01-14 20:46:22.393848,0 days 00:00:07.739195,0.3447023317445143,32,1.014196411577172e-05,2,COMPLETE
43,0.13346819614950597,2026-01-14 20:46:22.404620,2026-01-14 20:46:30.008579,0 days 00:00:07.603959,0.3510117965121292,32,1.3121825895415107e-05,2,COMPLETE
44,0.14730347915671718,2026-01-14 20:46:30.019254,2026-01-14 20:46:37.604092,0 days 00:00:07.584838,0.3152392025176218,32,0.0008524827212533644,2,COMPLETE
45,0.13408269742092563,2026-01-14 20:46:37.617148,2026-01-14 20:46:45.188164,0 days 00:00:07.571016,0.2759669061386944,32,2.1867763897668987e-05,2,COMPLETE
46,0.14035336573790608,2026-01-14 20:46:45.199334,2026-01-14 20:46:52.923957,0 days 00:00:07.724623,0.35460338630395066,96,1.6617226957124254e-05,2,COMPLETE
47,0.1423588584001793,2026-01-14 20:46:52.936090,2026-01-14 20:47:00.554565,0 days 00:00:07.618475,0.32027450155992543,64,1.0059751002814229e-05,2,COMPLETE
48,0.13344614525103263,2026-01-14 20:47:00.565753,2026-01-14 20:47:08.146187,0 days 00:00:07.580434,0.2783925840282404,32,1.2705345923293031e-05,2,COMPLETE
49,0.14849978675139716,2026-01-14 20:47:08.157879,2026-01-14 20:47:15.645706,0 days 00:00:07.487827,,32,0.00028922391550510794,1,COMPLETE
50,0.13400000738082712,2026-01-14 20:47:15.656736,2026-01-14 20:47:24.059643,0 days 00:00:08.402907,0.3551177719523986,128,2.4256761797830214e-05,2,COMPLETE
51,0.1334292925636434,2026-01-14 20:47:24.071325,2026-01-14 20:47:31.694764,0 days 00:00:07.623439,0.39800551134842216,32,1.2285023853884219e-05,2,COMPLETE
52,0.13333500487069208,2026-01-14 20:47:31.706044,2026-01-14 20:47:39.301136,0 days 00:00:07.595092,0.394140815630254,32,1.0062432527504514e-05,2,COMPLETE
53,0.133456506754351,2026-01-14 20:47:39.313217,2026-01-14 20:47:46.795486,0 days 00:00:07.482269,0.4316109859429884,32,1.2865755167735968e-05,2,COMPLETE
54,0.1336967586275056,2026-01-14 20:47:46.806713,2026-01-14 20:47:54.427025,0 days 00:00:07.620312,0.36654816807553947,32,1.6734359762985363e-05,2,COMPLETE
55,0.13333912091075345,2026-01-14 20:47:54.438634,2026-01-14 20:48:02.383009,0 days 00:00:07.944375,0.33548663812178303,32,1.0164319728056157e-05,2,COMPLETE
56,0.13343128818051372,2026-01-14 20:48:02.393985,2026-01-14 20:48:10.112253,0 days 00:00:07.718268,0.33213758503193397,32,1.2365868799202134e-05,2,COMPLETE
57,0.13381685501263155,2026-01-14 20:48:10.123438,2026-01-14 20:48:17.916060,0 days 00:00:07.792622,0.3915093425783368,32,1.8420881867820637e-05,2,COMPLETE
58,0.13954200017807236,2026-01-14 20:48:17.926340,2026-01-14 20:48:25.477143,0 days 00:00:07.550803,0.2984932149645029,32,0.0005359053200598249,2,COMPLETE
59,0.1418565918162988,2026-01-14 20:48:25.488142,2026-01-14 20:48:33.276407,0 days 00:00:07.788265,0.4136381555699679,96,2.988369793014389e-05,2,COMPLETE
60,0.14182253979694018,2026-01-14 20:48:33.287697,2026-01-14 20:48:40.948608,0 days 00:00:07.660911,0.3688054749677434,64,1.4619106582348089e-05,2,COMPLETE
61,0.13338499511233523,2026-01-14 20:48:40.960474,2026-01-14 20:48:48.641808,0 days 00:00:07.681334,0.34640862428498675,32,1.125084668762509e-05,2,COMPLETE
62,0.13333788118759346,2026-01-14 20:48:48.653444,2026-01-14 20:48:56.296189,0 days 00:00:07.642745,0.37670400692099987,32,1.0130417187132135e-05,2,COMPLETE
63,0.1333496345616639,2026-01-14 20:48:56.307102,2026-01-14 20:49:04.011395,0 days 00:00:07.704293,0.3828340141186271,32,1.0404177662151964e-05,2,COMPLETE
64,0.13341798504660954,2026-01-14 20:49:04.022694,2026-01-14 20:49:11.933954,0 days 00:00:07.911260,0.368705755182134,32,1.2032430994042919e-05,2,COMPLETE
65,0.1341526813249641,2026-01-14 20:49:11.946118,2026-01-14 20:49:19.733873,0 days 00:00:07.787755,0.3356226346171082,32,2.273242495246118e-05,2,COMPLETE
66,0.18464070176777103,2026-01-14 20:49:19.745780,2026-01-14 20:49:27.363990,0 days 00:00:07.618210,0.45042144446322596,16,1.6680500598653218e-05,2,COMPLETE
67,0.13420005124589413,2026-01-14 20:49:27.374841,2026-01-14 20:49:35.588134,0 days 00:00:08.213293,0.4048301750101476,128,1.4467153728545551e-05,2,COMPLETE
68,0.13333796512292784,2026-01-14 20:49:35.599998,2026-01-14 20:49:43.381033,0 days 00:00:07.781035,0.3832396312173463,32,1.013201788195187e-05,2,COMPLETE
69,0.138276390275903,2026-01-14 20:49:43.392838,2026-01-14 20:49:51.138628,0 days 00:00:07.745790,0.42346952740317045,32,0.0001812986884825413,2,COMPLETE
70,0.14055925609985484,2026-01-14 20:49:51.150972,2026-01-14 20:49:58.518514,0 days 00:00:07.367542,,32,1.1658739287894778e-05,1,COMPLETE
71,0.13333676799122324,2026-01-14 20:49:58.529790,2026-01-14 20:50:06.366842,0 days 00:00:07.837052,0.3882614360598611,32,1.0105072637690565e-05,2,COMPLETE
72,0.13347209459908665,2026-01-14 20:50:06.378049,2026-01-14 20:50:14.041862,0 days 00:00:07.663813,0.3800319936886011,32,1.3183741912054138e-05,2,COMPLETE
73,0.13333536183771083,2026-01-14 20:50:14.053240,2026-01-14 20:50:22.041164,0 days 00:00:07.987924,0.390449853155085,32,1.0072810078882256e-05,2,COMPLETE
74,0.13389971301649192,2026-01-14 20:50:22.052245,2026-01-14 20:50:29.874962,0 days 00:00:07.822717,0.39496179911045043,32,1.952123167447049e-05,2,COMPLETE
75,0.1334064186896419,2026-01-14 20:50:29.885875,2026-01-14 20:50:38.155750,0 days 00:00:08.269875,0.43690767606142533,32,1.17461438868329e-05,2,COMPLETE
76,0.13360381828708245,2026-01-14 20:50:38.167128,2026-01-14 20:50:46.064702,0 days 00:00:07.897574,0.38620379773498253,32,1.5360727196100173e-05,2,COMPLETE
77,0.1403118757424165,2026-01-14 20:50:46.077209,2026-01-14 20:50:54.115792,0 days 00:00:08.038583,0.4030872364108103,96,1.3472270188744893e-05,2,COMPLETE
78,0.13339623203946618,2026-01-14 20:50:54.126706,2026-01-14 20:51:01.884244,0 days 00:00:07.757538,0.4533088716390337,32,1.150462992473679e-05,2,COMPLETE
79,0.1849692709703959,2026-01-14 20:51:01.896303,2026-01-14 20:51:09.616158,0 days 00:00:07.719855,0.36052262065456386,16,1.6047847805578502e-05,2,COMPLETE
80,0.13472034026677657,2026-01-14 20:51:09.627513,2026-01-14 20:51:18.317506,0 days 00:00:08.689993,0.3759814318032305,64,1.4331850752715453e-05,3,COMPLETE
81,0.13333612725222632,2026-01-14 20:51:18.329157,2026-01-14 20:51:26.073380,0 days 00:00:07.744223,0.32239961448850546,32,1.0093698372780763e-05,2,COMPLETE
82,0.13338642929998115,2026-01-14 20:51:26.085899,2026-01-14 20:51:33.874674,0 days 00:00:07.788775,0.316826212130221,32,1.1294021860152052e-05,2,COMPLETE
83,0.1333450994672576,2026-01-14 20:51:33.885742,2026-01-14 20:51:41.581099,0 days 00:00:07.695357,0.3465350069662672,32,1.0300996341151624e-05,2,COMPLETE
84,0.13349568003949489,2026-01-14 20:51:41.592904,2026-01-14 20:51:49.651784,0 days 00:00:08.058880,0.3241145511968017,32,1.3624577153713089e-05,2,COMPLETE
85,0.13378321047579614,2026-01-14 20:51:49.663916,2026-01-14 20:51:57.402946,0 days 00:00:07.739030,0.41128387306163317,32,1.795396982597683e-05,2,COMPLETE
86,0.13340635772110207,2026-01-14 20:51:57.413624,2026-01-14 20:52:05.173340,0 days 00:00:07.759716,0.30621735685712753,32,1.1767329624390294e-05,2,COMPLETE
87,0.13433189177945382,2026-01-14 20:52:05.184898,2026-01-14 20:52:13.684016,0 days 00:00:08.499118,0.3904641682570452,128,1.1197907456265421e-05,2,COMPLETE
88,0.13333646998716808,2026-01-14 20:52:13.696950,2026-01-14 20:52:21.465819,0 days 00:00:07.768869,0.3627344469274168,32,1.009837020892535e-05,2,COMPLETE
89,0.1339853833333198,2026-01-14 20:52:21.477685,2026-01-14 20:52:29.136634,0 days 00:00:07.658949,0.42130479603221144,32,2.0551839741321652e-05,2,COMPLETE
90,0.1368511813539847,2026-01-14 20:52:29.149217,2026-01-14 20:52:36.742043,0 days 00:00:07.592826,0.17885920692355806,32,6.131249179778487e-05,2,COMPLETE
91,0.13345324838728692,2026-01-14 20:52:36.753519,2026-01-14 20:52:44.548667,0 days 00:00:07.795148,0.34322761013996045,32,1.2825250109470791e-05,2,COMPLETE
92,0.13333773522849426,2026-01-14 20:52:44.559437,2026-01-14 20:52:52.215912,0 days 00:00:07.656475,0.3609433527910797,32,1.0129505180623144e-05,2,COMPLETE
93,0.13333305577626142,2026-01-14 20:52:52.227400,2026-01-14 20:53:00.113647,0 days 00:00:07.886247,0.3637315514247869,32,1.0017784287877426e-05,2,COMPLETE
94,0.133565479553289,2026-01-14 20:53:00.126414,2026-01-14 20:53:07.945070,0 days 00:00:07.818656,0.36250712280247466,32,1.4802137606716811e-05,2,COMPLETE
95,0.1334387516305901,2026-01-14 20:53:07.958061,2026-01-14 20:53:15.434541,0 days 00:00:07.476480,0.3743624183265065,32,1.2521818121408885e-05,2,COMPLETE
96,0.13338399512560467,2026-01-14 20:53:15.445969,2026-01-14 20:53:23.041738,0 days 00:00:07.595769,0.28932485745180336,32,1.1224636135517807e-05,2,COMPLETE
97,0.13630565718399018,2026-01-14 20:53:23.053452,2026-01-14 20:53:30.788546,0 days 00:00:07.735094,0.3590063249066712,32,9.007723460769461e-05,2,COMPLETE
98,0.14007358597200592,2026-01-14 20:53:30.799860,2026-01-14 20:53:38.520743,0 days 00:00:07.720883,0.3272311919250986,96,1.7320369639051366e-05,2,COMPLETE
99,0.13349732720337046,2026-01-14 20:53:38.531811,2026-01-14 20:53:46.122573,0 days 00:00:07.590762,0.40382005728647363,32,1.3623089345712327e-05,2,COMPLETE
