number,value,datetime_start,datetime_complete,duration,params_dropout,params_hidden_size,params_learning_rate,params_n_layers,state
0,0.18167062038803494,2026-01-15 18:19:52.755444,2026-01-15 18:20:00.803951,0 days 00:00:08.048507,0.4464704583099741,16,5.6115164153345e-05,3,COMPLETE
1,0.2984883122249413,2026-01-15 18:20:00.819797,2026-01-15 18:20:08.853849,0 days 00:00:08.034052,0.17336180394137352,32,0.00015930522616241006,3,COMPLETE
2,0.18630890560358707,2026-01-15 18:20:08.865908,2026-01-15 18:20:16.522907,0 days 00:00:07.656999,0.2465447373174767,64,4.059611610484306e-05,2,COMPLETE
3,0.5164333573239569,2026-01-15 18:20:16.534878,2026-01-15 18:20:25.807208,0 days 00:00:09.272330,0.16820964947491662,128,8.168455894760161e-05,3,COMPLETE
4,0.18875029664550208,2026-01-15 18:20:25.820086,2026-01-15 18:20:33.884812,0 days 00:00:08.064726,0.27606099749584057,16,1.3492834268013232e-05,3,COMPLETE
5,0.2094859739556908,2026-01-15 18:20:33.896022,2026-01-15 18:20:41.523080,0 days 00:00:07.627058,0.3080272084711243,32,1.7541893487450798e-05,2,COMPLETE
6,0.17777966416919166,2026-01-15 18:20:41.534926,2026-01-15 18:20:48.740216,0 days 00:00:07.205290,,16,0.00012399967836846095,1,COMPLETE
7,0.22632109529412162,2026-01-15 18:20:48.754259,2026-01-15 18:20:56.234124,0 days 00:00:07.479865,,96,0.0006978281265126031,1,COMPLETE
8,0.2799148817821099,2026-01-15 18:20:56.248698,2026-01-15 18:21:03.951771,0 days 00:00:07.703073,0.4947547746402069,96,0.00045443839603360173,2,COMPLETE
9,0.23497212335250406,2026-01-15 18:21:03.962550,2026-01-15 18:21:11.178670,0 days 00:00:07.216120,,32,0.0003503398491158688,1,COMPLETE
10,0.18092766036778657,2026-01-15 18:21:11.192165,2026-01-15 18:21:18.568729,0 days 00:00:07.376564,,16,0.00019976370296637282,1,COMPLETE
11,0.1808698830166472,2026-01-15 18:21:18.581372,2026-01-15 18:21:25.830058,0 days 00:00:07.248686,,16,0.00019036906911441888,1,COMPLETE
12,0.1809028437753207,2026-01-15 18:21:25.843513,2026-01-15 18:21:33.159697,0 days 00:00:07.316184,,16,0.0001989163737428642,1,COMPLETE
13,0.17704470166076436,2026-01-15 18:21:33.172364,2026-01-15 18:21:40.402011,0 days 00:00:07.229647,,16,0.0001130274971447684,1,COMPLETE
14,0.17786197400996834,2026-01-15 18:21:40.414827,2026-01-15 18:21:47.993298,0 days 00:00:07.578471,,64,3.133705466229305e-05,1,COMPLETE
15,0.3483379514925641,2026-01-15 18:21:48.004820,2026-01-15 18:21:56.240040,0 days 00:00:08.235220,0.3859950818775322,128,8.706150585010249e-05,2,COMPLETE
16,0.17669274271141702,2026-01-15 18:21:56.251553,2026-01-15 18:22:03.478988,0 days 00:00:07.227435,,16,0.00010872222491939433,1,COMPLETE
17,0.1917961775742058,2026-01-15 18:22:03.493886,2026-01-15 18:22:11.158649,0 days 00:00:07.664763,0.11343435397378887,16,2.5578094062381986e-05,2,COMPLETE
18,0.1860646190584583,2026-01-15 18:22:11.171264,2026-01-15 18:22:18.615423,0 days 00:00:07.444159,,16,0.00034983170563822173,1,COMPLETE
19,0.18282950630937228,2026-01-15 18:22:18.629520,2026-01-15 18:22:26.428580,0 days 00:00:07.799060,0.3646089776541121,64,6.35972741629816e-05,2,COMPLETE
20,0.2240557038597336,2026-01-15 18:22:26.440210,2026-01-15 18:22:33.815908,0 days 00:00:07.375698,,96,0.0009139716947919394,1,COMPLETE
21,0.17773792872397895,2026-01-15 18:22:33.828889,2026-01-15 18:22:40.997304,0 days 00:00:07.168415,,16,0.00012362332330094207,1,COMPLETE
22,0.17616513454676166,2026-01-15 18:22:41.008641,2026-01-15 18:22:48.334248,0 days 00:00:07.325607,,16,0.00010017578776245054,1,COMPLETE
23,0.18064722162688038,2026-01-15 18:22:48.349033,2026-01-15 18:22:55.779530,0 days 00:00:07.430497,,16,4.489360679781847e-05,1,COMPLETE
24,0.17617162884547485,2026-01-15 18:22:55.792473,2026-01-15 18:23:03.165951,0 days 00:00:07.373478,,16,9.959896095341626e-05,1,COMPLETE
25,0.1837290670821804,2026-01-15 18:23:03.178608,2026-01-15 18:23:10.672172,0 days 00:00:07.493564,,128,7.139623730944264e-05,1,COMPLETE
26,0.1968350851853666,2026-01-15 18:23:10.685421,2026-01-15 18:23:18.241858,0 days 00:00:07.556437,0.10189604786123574,16,0.00026840102664263106,2,COMPLETE
27,0.17863369796293663,2026-01-15 18:23:18.253053,2026-01-15 18:23:25.499855,0 days 00:00:07.246802,,16,0.00014197193391606158,1,COMPLETE
28,0.1901706289751888,2026-01-15 18:23:25.511121,2026-01-15 18:23:33.235270,0 days 00:00:07.724149,0.2125657038315838,16,9.18994136244504e-05,2,COMPLETE
29,0.17937454500613656,2026-01-15 18:23:33.246239,2026-01-15 18:23:40.617057,0 days 00:00:07.370818,,16,5.209314402340292e-05,1,COMPLETE
30,0.1776756579102752,2026-01-15 18:23:40.629775,2026-01-15 18:23:47.976093,0 days 00:00:07.346318,,64,3.224269569863599e-05,1,COMPLETE
31,0.17663039521790935,2026-01-15 18:23:47.988848,2026-01-15 18:23:55.347713,0 days 00:00:07.358865,,16,0.00010792861621192247,1,COMPLETE
32,0.17742474378794193,2026-01-15 18:23:55.360783,2026-01-15 18:24:02.685641,0 days 00:00:07.324858,,16,6.153368688960338e-05,1,COMPLETE
33,0.2009271890526717,2026-01-15 18:24:02.699386,2026-01-15 18:24:10.131889,0 days 00:00:07.432503,,32,0.00017202104277307971,1,COMPLETE
34,0.17620220942264916,2026-01-15 18:24:10.144790,2026-01-15 18:24:17.411796,0 days 00:00:07.267006,,16,0.00010067323651504659,1,COMPLETE
35,0.5111538532247141,2026-01-15 18:24:17.424640,2026-01-15 18:24:26.711008,0 days 00:00:09.286368,0.3544973862256167,128,8.569302536176426e-05,3,COMPLETE
36,0.18270059173289493,2026-01-15 18:24:26.723641,2026-01-15 18:24:34.068724,0 days 00:00:07.345083,,16,0.00025560854261571814,1,COMPLETE
37,0.25875853891889194,2026-01-15 18:24:34.081785,2026-01-15 18:24:41.811511,0 days 00:00:07.729726,0.4272528100753765,32,0.00014690184406692557,2,COMPLETE
38,0.19304929564767484,2026-01-15 18:24:41.823271,2026-01-15 18:24:49.162405,0 days 00:00:07.339134,,96,4.7607059655943075e-05,1,COMPLETE
39,0.18835075629933531,2026-01-15 18:24:49.175467,2026-01-15 18:24:57.253042,0 days 00:00:08.077575,0.3169972835964,16,1.0716239797269517e-05,3,COMPLETE
40,0.17588213153124832,2026-01-15 18:24:57.264361,2026-01-15 18:25:04.617767,0 days 00:00:07.353406,,16,7.47747422300764e-05,1,COMPLETE
41,0.17575153265029936,2026-01-15 18:25:04.630053,2026-01-15 18:25:12.048860,0 days 00:00:07.418807,,16,7.678066385331834e-05,1,COMPLETE
42,0.17720481177360545,2026-01-15 18:25:12.063578,2026-01-15 18:25:19.344336,0 days 00:00:07.280758,,16,6.283675803324181e-05,1,COMPLETE
43,0.18169393678430432,2026-01-15 18:25:19.357526,2026-01-15 18:25:26.623133,0 days 00:00:07.265607,,16,3.6730935731295585e-05,1,COMPLETE
44,0.17590205836113465,2026-01-15 18:25:26.636798,2026-01-15 18:25:34.045257,0 days 00:00:07.408459,,16,7.429905898738976e-05,1,COMPLETE
45,0.1757169223168571,2026-01-15 18:25:34.058559,2026-01-15 18:25:41.343756,0 days 00:00:07.285197,,16,7.864011771890111e-05,1,COMPLETE
46,0.27981171805620847,2026-01-15 18:25:41.359780,2026-01-15 18:25:49.109079,0 days 00:00:07.749299,0.49636430021192246,96,7.063589492573008e-05,2,COMPLETE
47,0.19564317591666172,2026-01-15 18:25:49.120487,2026-01-15 18:25:56.449231,0 days 00:00:07.328744,,32,1.9721800585237586e-05,1,COMPLETE
48,0.176492439517899,2026-01-15 18:25:56.460820,2026-01-15 18:26:03.866068,0 days 00:00:07.405248,,64,3.9466980546639637e-05,1,COMPLETE
49,0.18834391451653254,2026-01-15 18:26:03.877279,2026-01-15 18:26:11.444579,0 days 00:00:07.567300,,128,7.620513279976772e-05,1,COMPLETE
50,0.19100481753940657,2026-01-15 18:26:11.456945,2026-01-15 18:26:19.125188,0 days 00:00:07.668243,0.1687840829785424,16,5.411858293973803e-05,2,COMPLETE
51,0.1757140838442338,2026-01-15 18:26:19.136570,2026-01-15 18:26:26.478136,0 days 00:00:07.341566,,16,7.814263608289069e-05,1,COMPLETE
52,0.17565286741394037,2026-01-15 18:26:26.493761,2026-01-15 18:26:33.877666,0 days 00:00:07.383905,,16,8.130769112284092e-05,1,COMPLETE
53,0.17569033530093428,2026-01-15 18:26:33.892630,2026-01-15 18:26:41.192014,0 days 00:00:07.299384,,16,7.931683120360163e-05,1,COMPLETE
54,0.1777347551963951,2026-01-15 18:26:41.205228,2026-01-15 18:26:48.386506,0 days 00:00:07.181278,,16,0.00012297370119118158,1,COMPLETE
55,0.17895625149272068,2026-01-15 18:26:48.424308,2026-01-15 18:26:55.254789,0 days 00:00:06.830481,,16,5.414979139069018e-05,1,COMPLETE
56,0.1790634278865017,2026-01-15 18:26:55.265933,2026-01-15 18:27:02.205813,0 days 00:00:06.939880,,16,0.0001491342601667477,1,COMPLETE
57,0.17560743766008047,2026-01-15 18:27:02.217570,2026-01-15 18:27:09.070555,0 days 00:00:06.852985,,16,8.281538222689869e-05,1,COMPLETE
58,0.18169211981763259,2026-01-15 18:27:09.084024,2026-01-15 18:27:16.311685,0 days 00:00:07.227661,,16,2.4833991466612516e-05,1,COMPLETE
59,0.19290742678957976,2026-01-15 18:27:16.324289,2026-01-15 18:27:23.783089,0 days 00:00:07.458800,,96,4.498883045834934e-05,1,COMPLETE
60,0.17578598212718807,2026-01-15 18:27:23.795460,2026-01-15 18:27:31.107166,0 days 00:00:07.311706,,16,8.579597408625067e-05,1,COMPLETE
61,0.17738594613732778,2026-01-15 18:27:31.120147,2026-01-15 18:27:38.546574,0 days 00:00:07.426427,,16,6.211343361303494e-05,1,COMPLETE
62,0.1757059924785262,2026-01-15 18:27:38.558639,2026-01-15 18:27:45.889488,0 days 00:00:07.330849,,16,8.589759916592371e-05,1,COMPLETE
63,0.17817668780066953,2026-01-15 18:27:45.901749,2026-01-15 18:27:53.262543,0 days 00:00:07.360794,,16,0.0001309565178771487,1,COMPLETE
64,0.17684053337060643,2026-01-15 18:27:53.276872,2026-01-15 18:28:00.544864,0 days 00:00:07.267992,,64,8.949518294143648e-05,1,COMPLETE
65,0.17629791506131778,2026-01-15 18:28:00.557038,2026-01-15 18:28:07.810092,0 days 00:00:07.253054,,16,6.869724776779716e-05,1,COMPLETE
66,0.1772825880684537,2026-01-15 18:28:07.823882,2026-01-15 18:28:15.145712,0 days 00:00:07.321830,,16,0.00011545278120132554,1,COMPLETE
67,0.19293177483591678,2026-01-15 18:28:15.157251,2026-01-15 18:28:22.742969,0 days 00:00:07.585718,,128,0.0002286978976423518,1,COMPLETE
68,0.1759932677316562,2026-01-15 18:28:22.754716,2026-01-15 18:28:30.136594,0 days 00:00:07.381878,,16,9.339730295675506e-05,1,COMPLETE
69,0.17825495084995918,2026-01-15 18:28:30.149147,2026-01-15 18:28:37.489810,0 days 00:00:07.340663,,16,5.7702145183535046e-05,1,COMPLETE
70,0.19999887009885783,2026-01-15 18:28:37.502632,2026-01-15 18:28:45.012683,0 days 00:00:07.510051,,32,0.00017051609471055042,1,COMPLETE
71,0.17563913729837907,2026-01-15 18:28:45.024682,2026-01-15 18:28:52.362717,0 days 00:00:07.338035,,16,8.220318988106341e-05,1,COMPLETE
72,0.17649146641718064,2026-01-15 18:28:52.375680,2026-01-15 18:28:59.785456,0 days 00:00:07.409776,,16,0.00010577162336396068,1,COMPLETE
73,0.1756616916135877,2026-01-15 18:28:59.796879,2026-01-15 18:29:07.366156,0 days 00:00:07.569277,,16,8.379770061582994e-05,1,COMPLETE
74,0.18021285498076886,2026-01-15 18:29:07.377627,2026-01-15 18:29:14.817705,0 days 00:00:07.440078,,16,4.765631695284388e-05,1,COMPLETE
75,0.1756779306782654,2026-01-15 18:29:14.830008,2026-01-15 18:29:22.316030,0 days 00:00:07.486022,,16,8.087408822222896e-05,1,COMPLETE
76,0.17645997322514326,2026-01-15 18:29:22.328468,2026-01-15 18:29:29.843254,0 days 00:00:07.514786,,16,6.626627841809293e-05,1,COMPLETE
77,0.17168543410411688,2026-01-15 18:29:29.856262,2026-01-15 18:29:38.032285,0 days 00:00:08.176023,0.42511213204333076,16,9.417715325548109e-05,3,COMPLETE
78,0.16710236212468885,2026-01-15 18:29:38.045378,2026-01-15 18:29:46.145469,0 days 00:00:08.100091,0.42858314096741235,16,0.00012059541770082814,3,COMPLETE
79,0.4110402338790682,2026-01-15 18:29:46.159300,2026-01-15 18:29:54.367115,0 days 00:00:08.207815,0.4337130806395591,64,0.00013324986665832526,3,COMPLETE
80,0.16838255356237997,2026-01-15 18:29:54.378679,2026-01-15 18:30:02.657101,0 days 00:00:08.278422,0.40807176415986546,16,0.000112692245714702,3,COMPLETE
81,0.16820306477520142,2026-01-15 18:30:02.667848,2026-01-15 18:30:11.077719,0 days 00:00:08.409871,0.4072089083637514,16,0.00011364433741400533,3,COMPLETE
82,0.16843645013271494,2026-01-15 18:30:11.088338,2026-01-15 18:30:19.007213,0 days 00:00:07.918875,0.40141887263822207,16,0.0001124445136927088,3,COMPLETE
83,0.16270679444377212,2026-01-15 18:30:19.018200,2026-01-15 18:30:26.700188,0 days 00:00:07.681988,0.4063799423636303,16,0.00016002086688544448,3,COMPLETE
84,0.16810703120287857,2026-01-15 18:30:26.713439,2026-01-15 18:30:34.411983,0 days 00:00:07.698544,0.40294840099603285,16,0.0001856583096441909,3,COMPLETE
85,0.4514594524131896,2026-01-15 18:30:34.422575,2026-01-15 18:30:42.479853,0 days 00:00:08.057278,0.4131419173310163,96,0.00020004105244947887,3,COMPLETE
86,0.16389075807966835,2026-01-15 18:30:42.491449,2026-01-15 18:30:50.031644,0 days 00:00:07.540195,0.3987407366299699,16,0.0001701440723834795,3,COMPLETE
87,0.5656558306622116,2026-01-15 18:30:50.043113,2026-01-15 18:30:59.186980,0 days 00:00:09.143867,0.3997435691384866,128,0.00016432801391194672,3,COMPLETE
88,0.182613219663724,2026-01-15 18:30:59.197626,2026-01-15 18:31:07.352085,0 days 00:00:08.154459,0.4472524900350928,16,0.0002971742587304969,3,COMPLETE
89,0.35543082358080874,2026-01-15 18:31:07.363010,2026-01-15 18:31:15.719403,0 days 00:00:08.356393,0.38381128902309974,32,0.00022268928164279923,3,COMPLETE
90,0.1675046418877711,2026-01-15 18:31:15.730050,2026-01-15 18:31:23.706187,0 days 00:00:07.976137,0.461291403119699,16,0.00018985731711732929,3,COMPLETE
91,0.16407422578001768,2026-01-15 18:31:23.718079,2026-01-15 18:31:31.476063,0 days 00:00:07.757984,0.4697551818291813,16,0.00017732774859878728,3,COMPLETE
92,0.165816407912121,2026-01-15 18:31:31.487547,2026-01-15 18:31:39.607609,0 days 00:00:08.120062,0.46280892988502786,16,0.00018383088409209763,3,COMPLETE
93,0.17016945902830385,2026-01-15 18:31:39.618995,2026-01-15 18:31:47.809891,0 days 00:00:08.190896,0.4744218078412722,16,0.00019998655584889697,3,COMPLETE
94,0.16701422627405293,2026-01-15 18:31:47.821398,2026-01-15 18:31:56.115267,0 days 00:00:08.293869,0.46226278062709597,16,0.00018751528938318942,3,COMPLETE
95,0.16452861564416157,2026-01-15 18:31:56.126296,2026-01-15 18:32:04.515096,0 days 00:00:08.388800,0.46538062624980064,16,0.00017991754233827008,3,COMPLETE
96,0.18344285632337767,2026-01-15 18:32:04.525603,2026-01-15 18:32:12.854945,0 days 00:00:08.329342,0.4618821526169683,16,0.0003806007409400812,3,COMPLETE
97,0.1645084956515583,2026-01-15 18:32:12.865998,2026-01-15 18:32:21.365300,0 days 00:00:08.499302,0.46399581347135005,16,0.00017956069126181593,3,COMPLETE
98,0.1646896592725131,2026-01-15 18:32:21.377205,2026-01-15 18:32:29.649731,0 days 00:00:08.272526,0.4625945059342825,16,0.0001802359794732219,3,COMPLETE
99,0.17842656201139745,2026-01-15 18:32:29.660304,2026-01-15 18:32:38.155329,0 days 00:00:08.495025,0.4644030614299809,16,0.00022549206650457966,3,COMPLETE
100,0.18249657177494563,2026-01-15 18:32:38.166047,2026-01-15 18:32:46.302509,0 days 00:00:08.136462,0.4583543251239179,16,0.00028365288353220645,3,COMPLETE
101,0.1634546885009801,2026-01-15 18:32:46.313380,2026-01-15 18:32:54.657451,0 days 00:00:08.344071,0.47507364763277443,16,0.0001743856645800509,3,COMPLETE
102,0.16237664841216143,2026-01-15 18:32:54.668825,2026-01-15 18:33:02.790732,0 days 00:00:08.121907,0.4769562235072011,16,0.00015206973637126543,3,COMPLETE
103,0.16266773843215732,2026-01-15 18:33:02.805918,2026-01-15 18:33:11.028552,0 days 00:00:08.222634,0.4830593073900673,16,0.00014946492585163554,3,COMPLETE
104,0.1632631755794109,2026-01-15 18:33:11.040308,2026-01-15 18:33:19.226579,0 days 00:00:08.186271,0.4823512687280148,16,0.0001456203038973166,3,COMPLETE
105,0.16266461794505127,2026-01-15 18:33:19.238109,2026-01-15 18:33:27.517737,0 days 00:00:08.279628,0.48420657493806923,16,0.00014941446656928882,3,COMPLETE
106,0.39431665123439086,2026-01-15 18:33:27.529483,2026-01-15 18:33:35.725396,0 days 00:00:08.195913,0.4913943202631746,64,0.00015594151628756147,3,COMPLETE
107,0.16332702534414745,2026-01-15 18:33:35.737083,2026-01-15 18:33:43.853963,0 days 00:00:08.116880,0.482608570363752,16,0.0001451474337728505,3,COMPLETE
108,0.4224592226508085,2026-01-15 18:33:43.866827,2026-01-15 18:33:52.506980,0 days 00:00:08.640153,0.4844086699821353,96,0.00013875657061931745,3,COMPLETE
109,0.18092018906029025,2026-01-15 18:33:52.518003,2026-01-15 18:34:00.951503,0 days 00:00:08.433500,0.49925717166807093,16,0.00024276305778092212,3,COMPLETE
110,0.5512173355012295,2026-01-15 18:34:00.962348,2026-01-15 18:34:10.191175,0 days 00:00:09.228827,0.4791622321679146,128,0.0001551763636100442,3,COMPLETE
111,0.1731089621642175,2026-01-15 18:34:10.211917,2026-01-15 18:34:18.486850,0 days 00:00:08.274933,0.478568518323102,16,0.00021064680433287276,3,COMPLETE
112,0.16327113492145467,2026-01-15 18:34:18.498050,2026-01-15 18:34:26.630121,0 days 00:00:08.132071,0.4462679305454533,16,0.00016957365789434977,3,COMPLETE
113,0.1634520761524573,2026-01-15 18:34:26.641430,2026-01-15 18:34:34.914354,0 days 00:00:08.272924,0.44707223355602754,16,0.00014396887045731502,3,COMPLETE
114,0.16381953082778578,2026-01-15 18:34:34.925689,2026-01-15 18:34:43.169333,0 days 00:00:08.243644,0.4405737340342754,16,0.0001417101114196484,3,COMPLETE
115,0.163869966114957,2026-01-15 18:34:43.180565,2026-01-15 18:34:51.512702,0 days 00:00:08.332137,0.4434622514126406,16,0.00014144036376019338,3,COMPLETE
116,0.1636047598353285,2026-01-15 18:34:51.524521,2026-01-15 18:34:59.715235,0 days 00:00:08.190714,0.4430900152332449,16,0.00014303019783674166,3,COMPLETE
117,0.24080722609844085,2026-01-15 18:34:59.726608,2026-01-15 18:35:08.035535,0 days 00:00:08.308927,0.4380264083440011,32,0.00014095234162245823,3,COMPLETE
118,0.16250043450784502,2026-01-15 18:35:08.046823,2026-01-15 18:35:16.323823,0 days 00:00:08.277000,0.48113365522493157,16,0.00015091076163779187,3,COMPLETE
119,0.1661734876803317,2026-01-15 18:35:16.334700,2026-01-15 18:35:24.562915,0 days 00:00:08.228215,0.48320675460058654,16,0.0001274305717870909,3,COMPLETE
120,0.16214875505776408,2026-01-15 18:35:24.574685,2026-01-15 18:35:32.771122,0 days 00:00:08.196437,0.4464153507350209,16,0.0001552333251555474,3,COMPLETE
121,0.1621315108888732,2026-01-15 18:35:32.783964,2026-01-15 18:35:41.032327,0 days 00:00:08.248363,0.4492506735597101,16,0.0001557074637249906,3,COMPLETE
122,0.16226254673275428,2026-01-15 18:35:41.044924,2026-01-15 18:35:49.305825,0 days 00:00:08.260901,0.44786570408697185,16,0.00015349005290553422,3,COMPLETE
123,0.16673388366800168,2026-01-15 18:35:49.317107,2026-01-15 18:35:57.595338,0 days 00:00:08.278231,0.49898550054397645,16,0.00012379006980603628,3,COMPLETE
124,0.16193259621105874,2026-01-15 18:35:57.606562,2026-01-15 18:36:05.745004,0 days 00:00:08.138442,0.48466530447434214,16,0.00015706012326433991,3,COMPLETE
125,0.16190422800874382,2026-01-15 18:36:05.758133,2026-01-15 18:36:13.947426,0 days 00:00:08.189293,0.4860161571923932,16,0.00015751833236151173,3,COMPLETE
126,0.16189397261055075,2026-01-15 18:36:13.961749,2026-01-15 18:36:22.252833,0 days 00:00:08.291084,0.4902287013057808,16,0.00015880508971796085,3,COMPLETE
127,0.16208968159061657,2026-01-15 18:36:22.265504,2026-01-15 18:36:30.598714,0 days 00:00:08.333210,0.4910675713954008,16,0.00016319281556587646,3,COMPLETE
128,0.16187436147140827,2026-01-15 18:36:30.609608,2026-01-15 18:36:38.823738,0 days 00:00:08.214130,0.4924195020378171,16,0.00015782864213756694,3,COMPLETE
129,0.16188987181125983,2026-01-15 18:36:38.836527,2026-01-15 18:36:47.018873,0 days 00:00:08.182346,0.49166371674887366,16,0.0001580911287074765,3,COMPLETE
130,0.4580106013203989,2026-01-15 18:36:47.031870,2026-01-15 18:36:55.360616,0 days 00:00:08.328746,0.4982682090144598,64,0.0002477184359821067,3,COMPLETE
131,0.1618646014360161,2026-01-15 18:36:55.372937,2026-01-15 18:37:03.649848,0 days 00:00:08.276911,0.49259439239604047,16,0.00015864224236932504,3,COMPLETE
132,0.17236276508362136,2026-01-15 18:37:03.663543,2026-01-15 18:37:11.870401,0 days 00:00:08.206858,0.48636265433775694,16,0.00020892101652314287,3,COMPLETE
133,0.16190757764933256,2026-01-15 18:37:11.881797,2026-01-15 18:37:20.270137,0 days 00:00:08.388340,0.49821004385653,16,0.00015766512061475123,3,COMPLETE
134,0.16176922513530975,2026-01-15 18:37:20.281033,2026-01-15 18:37:28.642951,0 days 00:00:08.361918,0.49789685093335034,16,0.00016014700439790706,3,COMPLETE
135,0.16626347067282043,2026-01-15 18:37:28.656141,2026-01-15 18:37:37.007743,0 days 00:00:08.351602,0.4959102066608996,16,0.00012669938889833655,3,COMPLETE
136,0.40624320128781244,2026-01-15 18:37:37.018773,2026-01-15 18:37:45.621163,0 days 00:00:08.602390,0.49838298116930446,96,0.0001024201043388471,3,COMPLETE
137,0.16247691825627666,2026-01-15 18:37:45.632189,2026-01-15 18:37:54.107518,0 days 00:00:08.475329,0.472609914203777,16,0.0001644171604415989,3,COMPLETE
138,0.1622114977407156,2026-01-15 18:37:54.119417,2026-01-15 18:38:02.464525,0 days 00:00:08.345108,0.4729927633707497,16,0.00016123984210228496,3,COMPLETE
139,0.16933489595199563,2026-01-15 18:38:02.475598,2026-01-15 18:38:10.871281,0 days 00:00:08.395683,0.48993569829841843,16,0.0006766824600752683,3,COMPLETE
140,0.573282475925577,2026-01-15 18:38:10.882229,2026-01-15 18:38:20.198772,0 days 00:00:09.316543,0.3205609699015588,128,0.00020494177190969422,3,COMPLETE
141,0.162765593012856,2026-01-15 18:38:20.212439,2026-01-15 18:38:28.600031,0 days 00:00:08.387592,0.4722802055102676,16,0.00016654171240076124,3,COMPLETE
142,0.16233200640383783,2026-01-15 18:38:28.610851,2026-01-15 18:38:36.688423,0 days 00:00:08.077572,0.4555271822291931,16,0.00016132031182450898,3,COMPLETE
143,0.16595050890329283,2026-01-15 18:38:36.699820,2026-01-15 18:38:44.888422,0 days 00:00:08.188602,0.45410307414493106,16,0.00012872852475248213,3,COMPLETE
144,0.17718742639414936,2026-01-15 18:38:44.900680,2026-01-15 18:38:53.022880,0 days 00:00:08.122200,0.42728483391534017,16,0.00021898552567334762,3,COMPLETE
145,0.16210607617571315,2026-01-15 18:38:53.034322,2026-01-15 18:39:01.387770,0 days 00:00:08.353448,0.4542394050433424,16,0.0001576322482728254,3,COMPLETE
