number,value,datetime_start,datetime_complete,duration,params_dropout,params_hidden_size,params_learning_rate,params_n_layers,state
0,0.17140533944931594,2026-01-16 18:25:46.836152,2026-01-16 18:25:54.922133,0 days 00:00:08.085981,0.4464704583099741,16,5.6115164153345e-05,3,COMPLETE
1,0.2481933274292682,2026-01-16 18:25:54.937348,2026-01-16 18:26:02.543481,0 days 00:00:07.606133,0.17336180394137352,32,0.00015930522616241006,3,COMPLETE
2,0.24540910002980199,2026-01-16 18:26:02.557462,2026-01-16 18:26:10.417242,0 days 00:00:07.859780,0.2465447373174767,64,4.059611610484306e-05,2,COMPLETE
3,0.2868479283296823,2026-01-16 18:26:10.428507,2026-01-16 18:26:19.343437,0 days 00:00:08.914930,0.16820964947491662,128,8.168455894760161e-05,3,COMPLETE
4,0.13625700841253768,2026-01-16 18:26:19.354719,2026-01-16 18:26:27.418023,0 days 00:00:08.063304,0.27606099749584057,16,1.3492834268013232e-05,3,COMPLETE
5,0.13393629081306285,2026-01-16 18:26:27.431552,2026-01-16 18:26:35.240540,0 days 00:00:07.808988,0.3080272084711243,32,1.7541893487450798e-05,2,COMPLETE
6,0.13671562571330087,2026-01-16 18:26:35.254093,2026-01-16 18:26:42.721921,0 days 00:00:07.467828,,16,0.00012399967836846095,1,COMPLETE
7,0.17830323095287806,2026-01-16 18:26:42.736094,2026-01-16 18:26:50.543060,0 days 00:00:07.806966,,96,0.0006978281265126031,1,COMPLETE
8,0.2183569445276929,2026-01-16 18:26:50.554642,2026-01-16 18:26:58.365553,0 days 00:00:07.810911,0.4947547746402069,96,0.00045443839603360173,2,COMPLETE
9,0.159981243366281,2026-01-16 18:26:58.376355,2026-01-16 18:27:06.160968,0 days 00:00:07.784613,,32,0.0003503398491158688,1,COMPLETE
10,0.13784438559866638,2026-01-16 18:27:06.171720,2026-01-16 18:27:13.682403,0 days 00:00:07.510683,0.36850754592708684,32,1.1014512904527948e-05,2,COMPLETE
11,0.1627750767226781,2026-01-16 18:27:13.694071,2026-01-16 18:27:21.327756,0 days 00:00:07.633685,0.296933604897113,16,1.0444958842937762e-05,2,COMPLETE
12,0.2160529119860003,2026-01-16 18:27:21.341327,2026-01-16 18:27:29.543326,0 days 00:00:08.201999,0.3469817891972084,64,2.223400851402655e-05,3,COMPLETE
13,0.26424968665376913,2026-01-16 18:27:29.554718,2026-01-16 18:27:37.765343,0 days 00:00:08.210625,0.25155100972991434,128,2.4255479178765112e-05,2,COMPLETE
14,0.1389837250440855,2026-01-16 18:27:37.776635,2026-01-16 18:27:46.074638,0 days 00:00:08.298003,0.3699015032632188,16,2.2319841935839884e-05,3,COMPLETE
15,0.13511327547450597,2026-01-16 18:27:46.085622,2026-01-16 18:27:53.878284,0 days 00:00:07.792662,0.24135845533078426,32,1.5657424020089615e-05,2,COMPLETE
16,0.14084570539306474,2026-01-16 18:27:53.890380,2026-01-16 18:28:01.530882,0 days 00:00:07.640502,0.11700322495660666,32,4.0680995810874146e-05,2,COMPLETE
17,0.1761715831660368,2026-01-16 18:28:01.542020,2026-01-16 18:28:09.320327,0 days 00:00:07.778307,0.20560484779077715,32,0.00020046179107204468,2,COMPLETE
18,0.11815461763707509,2026-01-16 18:28:09.331568,2026-01-16 18:28:16.819133,0 days 00:00:07.487565,,32,1.6950549015619718e-05,1,COMPLETE
19,0.12705669836572828,2026-01-16 18:28:16.834928,2026-01-16 18:28:24.558916,0 days 00:00:07.723988,,32,3.7780150502606065e-05,1,COMPLETE
20,0.15011923705716956,2026-01-16 18:28:24.570278,2026-01-16 18:28:32.323543,0 days 00:00:07.753265,,32,6.850470509258636e-05,1,COMPLETE
21,0.12338432600510682,2026-01-16 18:28:32.335618,2026-01-16 18:28:40.058302,0 days 00:00:07.722684,,32,3.269464086983186e-05,1,COMPLETE
22,0.12555290681709405,2026-01-16 18:28:40.070579,2026-01-16 18:28:47.752066,0 days 00:00:07.681487,,32,3.589285681353033e-05,1,COMPLETE
23,0.12107113543181261,2026-01-16 18:28:47.764864,2026-01-16 18:28:55.508352,0 days 00:00:07.743488,,32,2.834212660699594e-05,1,COMPLETE
24,0.12062759672180659,2026-01-16 18:28:55.520051,2026-01-16 18:29:03.407227,0 days 00:00:07.887176,,64,3.039343366540404e-05,1,COMPLETE
25,0.1257523915586023,2026-01-16 18:29:03.418615,2026-01-16 18:29:10.990054,0 days 00:00:07.571439,,64,5.476842492471608e-05,1,COMPLETE
26,0.1198980294266888,2026-01-16 18:29:11.002165,2026-01-16 18:29:18.652072,0 days 00:00:07.649907,,64,2.540781104032974e-05,1,COMPLETE
27,0.11840293892132371,2026-01-16 18:29:18.664270,2026-01-16 18:29:27.537504,0 days 00:00:08.873234,,64,1.640287952598379e-05,1,COMPLETE
28,0.11845185046053537,2026-01-16 18:29:27.552282,2026-01-16 18:29:36.163332,0 days 00:00:08.611050,,64,1.6849863133969765e-05,1,COMPLETE
29,0.11845468089525105,2026-01-16 18:29:36.174985,2026-01-16 18:29:44.307587,0 days 00:00:08.132602,,64,1.6873883254433276e-05,1,COMPLETE
30,0.12632325268152386,2026-01-16 18:29:44.320458,2026-01-16 18:29:51.880574,0 days 00:00:07.560116,,64,5.6844480612682566e-05,1,COMPLETE
31,0.11844825375184433,2026-01-16 18:29:51.891423,2026-01-16 18:29:59.549426,0 days 00:00:07.658003,,64,1.680892627236692e-05,1,COMPLETE
32,0.11821960741992639,2026-01-16 18:29:59.560579,2026-01-16 18:30:06.941373,0 days 00:00:07.380794,,64,1.3324210781552751e-05,1,COMPLETE
33,0.11823688822544942,2026-01-16 18:30:06.954546,2026-01-16 18:30:14.250870,0 days 00:00:07.296324,,64,1.2132037163704463e-05,1,COMPLETE
34,0.11823676276632113,2026-01-16 18:30:14.263853,2026-01-16 18:30:21.884681,0 days 00:00:07.620828,,64,1.216520513060278e-05,1,COMPLETE
35,0.15400206522272603,2026-01-16 18:30:21.895817,2026-01-16 18:30:29.562174,0 days 00:00:07.666357,,128,1.1018336291736969e-05,1,COMPLETE
36,0.11822277696646205,2026-01-16 18:30:29.573562,2026-01-16 18:30:38.014129,0 days 00:00:08.440567,,64,1.0172613150423277e-05,1,COMPLETE
37,0.17642502025007256,2026-01-16 18:30:38.027309,2026-01-16 18:30:45.769846,0 days 00:00:07.742537,,96,2.0770534047066504e-05,1,COMPLETE
38,0.11821977711936314,2026-01-16 18:30:45.781424,2026-01-16 18:30:53.334059,0 days 00:00:07.552635,,64,1.3306462972724249e-05,1,COMPLETE
39,0.15976269166199017,2026-01-16 18:30:53.345908,2026-01-16 18:31:00.953184,0 days 00:00:07.607276,,128,1.406355141611645e-05,1,COMPLETE
40,0.3205779600371163,2026-01-16 18:31:00.965037,2026-01-16 18:31:08.903278,0 days 00:00:07.938241,0.4264717042662673,64,0.0001245596500431352,2,COMPLETE
41,0.11822441994536217,2026-01-16 18:31:08.915354,2026-01-16 18:31:16.708366,0 days 00:00:07.793012,,64,1.3028954517772155e-05,1,COMPLETE
42,0.11822199555096048,2026-01-16 18:31:16.719684,2026-01-16 18:31:24.397926,0 days 00:00:07.678242,,64,1.0145649769806936e-05,1,COMPLETE
43,0.11823087291522054,2026-01-16 18:31:24.409592,2026-01-16 18:31:31.802459,0 days 00:00:07.392867,,64,1.0502863393502486e-05,1,COMPLETE
44,0.1588353745397826,2026-01-16 18:31:31.814992,2026-01-16 18:31:39.603975,0 days 00:00:07.788983,,96,0.0009526261766589349,1,COMPLETE
45,0.11871158836768898,2026-01-16 18:31:39.615195,2026-01-16 18:31:47.201902,0 days 00:00:07.586707,,64,1.8495892593373886e-05,1,COMPLETE
46,0.12903451611505984,2026-01-16 18:31:47.214017,2026-01-16 18:31:54.831302,0 days 00:00:07.617285,,16,1.0225766079452254e-05,1,COMPLETE
47,0.1331095066611309,2026-01-16 18:31:54.843081,2026-01-16 18:32:02.626208,0 days 00:00:07.783127,0.10307946862696324,64,1.4029689629144505e-05,2,COMPLETE
48,0.1191148181618322,2026-01-16 18:32:02.638833,2026-01-16 18:32:10.229203,0 days 00:00:07.590370,,64,2.059123305988729e-05,1,COMPLETE
49,0.2135667761570412,2026-01-16 18:32:10.240554,2026-01-16 18:32:18.691573,0 days 00:00:08.451019,0.49195720149048955,96,1.3809504383952766e-05,3,COMPLETE
50,0.15504563115216635,2026-01-16 18:32:18.702728,2026-01-16 18:32:26.029060,0 days 00:00:07.326332,,128,0.00021341563790661845,1,COMPLETE
51,0.11822228568578985,2026-01-16 18:32:26.040755,2026-01-16 18:32:33.275090,0 days 00:00:07.234335,,64,1.317090477795474e-05,1,COMPLETE
52,0.11821492462974048,2026-01-16 18:32:33.287264,2026-01-16 18:32:40.587781,0 days 00:00:07.300517,,64,1.3667976639482897e-05,1,COMPLETE
53,0.11978485507358168,2026-01-16 18:32:40.600773,2026-01-16 18:32:48.010818,0 days 00:00:07.410045,,64,2.4616277516236228e-05,1,COMPLETE
54,0.1282659258429629,2026-01-16 18:32:48.022855,2026-01-16 18:32:55.331397,0 days 00:00:07.308542,,16,1.977398043483915e-05,1,COMPLETE
55,0.1342686636225949,2026-01-16 18:32:55.344982,2026-01-16 18:33:02.885506,0 days 00:00:07.540524,0.4219330912298895,64,1.4651643274562489e-05,2,COMPLETE
56,0.11822558734428304,2026-01-16 18:33:02.896533,2026-01-16 18:33:10.221669,0 days 00:00:07.325136,,64,1.2918316281557684e-05,1,COMPLETE
57,0.12336046729052058,2026-01-16 18:33:10.233718,2026-01-16 18:33:17.523002,0 days 00:00:07.289284,,64,4.628717195325963e-05,1,COMPLETE
58,0.12065781166781518,2026-01-16 18:33:17.535398,2026-01-16 18:33:24.776060,0 days 00:00:07.240662,,32,2.7443752740892087e-05,1,COMPLETE
59,0.13637195132419186,2026-01-16 18:33:24.789230,2026-01-16 18:33:32.209234,0 days 00:00:07.420004,,64,9.707391606100003e-05,1,COMPLETE
60,0.16392822804847398,2026-01-16 18:33:32.221533,2026-01-16 18:33:39.890890,0 days 00:00:07.669357,0.15439761347612477,16,1.1866288016193716e-05,2,COMPLETE
61,0.1182289875394303,2026-01-16 18:33:39.902444,2026-01-16 18:33:47.125275,0 days 00:00:07.222831,,64,1.0446241226317272e-05,1,COMPLETE
62,0.11875873496231973,2026-01-16 18:33:47.137035,2026-01-16 18:33:54.498714,0 days 00:00:07.361679,,64,1.8723779588233544e-05,1,COMPLETE
63,0.1182932989099951,2026-01-16 18:33:54.512807,2026-01-16 18:34:01.703866,0 days 00:00:07.191059,,64,1.5406896238022227e-05,1,COMPLETE
64,0.11822449825360656,2026-01-16 18:34:01.731372,2026-01-16 18:34:08.932028,0 days 00:00:07.200656,,64,1.0235945334382242e-05,1,COMPLETE
65,0.11801259667047079,2026-01-16 18:34:08.944682,2026-01-16 18:34:16.256066,0 days 00:00:07.311384,,32,1.214216637351761e-05,1,COMPLETE
66,0.11932489866946856,2026-01-16 18:34:16.270971,2026-01-16 18:34:23.525676,0 days 00:00:07.254705,,32,2.2808549525223522e-05,1,COMPLETE
67,0.11801532651822115,2026-01-16 18:34:23.541408,2026-01-16 18:34:30.870254,0 days 00:00:07.328846,,32,1.487706053260776e-05,1,COMPLETE
68,0.11804298041581107,2026-01-16 18:34:30.882196,2026-01-16 18:34:38.092441,0 days 00:00:07.210245,,32,1.570676715164379e-05,1,COMPLETE
69,0.12263143682137147,2026-01-16 18:34:38.105611,2026-01-16 18:34:45.314322,0 days 00:00:07.208711,,32,3.152470165928226e-05,1,COMPLETE
70,0.11806654972385919,2026-01-16 18:34:45.328690,2026-01-16 18:34:52.538112,0 days 00:00:07.209422,,32,1.604494339372799e-05,1,COMPLETE
71,0.11845071678911012,2026-01-16 18:34:52.550670,2026-01-16 18:34:59.849261,0 days 00:00:07.298591,,32,1.8728156577302116e-05,1,COMPLETE
72,0.11805206819469534,2026-01-16 18:34:59.861281,2026-01-16 18:35:07.285526,0 days 00:00:07.424245,,32,1.5837562625904932e-05,1,COMPLETE
73,0.1181461826661386,2026-01-16 18:35:07.297781,2026-01-16 18:35:14.785927,0 days 00:00:07.488146,,32,1.6886735740313668e-05,1,COMPLETE
74,0.11802530220249659,2026-01-16 18:35:14.797820,2026-01-16 18:35:22.124839,0 days 00:00:07.327019,,32,1.5459622816882197e-05,1,COMPLETE
75,0.11923104478865137,2026-01-16 18:35:22.137004,2026-01-16 18:35:29.310266,0 days 00:00:07.173262,,32,2.2387020637701408e-05,1,COMPLETE
76,0.11808899677310115,2026-01-16 18:35:29.321264,2026-01-16 18:35:36.695365,0 days 00:00:07.374101,,32,1.639896549814742e-05,1,COMPLETE
77,0.12034100126213733,2026-01-16 18:35:36.707508,2026-01-16 18:35:44.011714,0 days 00:00:07.304206,,32,2.6615446429163058e-05,1,COMPLETE
78,0.11801378583057956,2026-01-16 18:35:44.027396,2026-01-16 18:35:51.399651,0 days 00:00:07.372255,,32,1.5306134495289796e-05,1,COMPLETE
79,0.143334009219052,2026-01-16 18:35:51.411849,2026-01-16 18:35:59.572476,0 days 00:00:08.160627,0.33059563012157006,32,1.5618748031782734e-05,3,COMPLETE
80,0.1247448029184253,2026-01-16 18:35:59.583507,2026-01-16 18:36:06.855710,0 days 00:00:07.272203,,32,3.468914200752011e-05,1,COMPLETE
81,0.11823172767080885,2026-01-16 18:36:06.868481,2026-01-16 18:36:14.214814,0 days 00:00:07.346333,,32,1.747705128005466e-05,1,COMPLETE
82,0.11802135195978644,2026-01-16 18:36:14.226916,2026-01-16 18:36:21.570156,0 days 00:00:07.343240,,32,1.5401582131901593e-05,1,COMPLETE
83,0.11801391316222919,2026-01-16 18:36:21.582706,2026-01-16 18:36:28.975243,0 days 00:00:07.392537,,32,1.5307970232360464e-05,1,COMPLETE
84,0.11807975477575064,2026-01-16 18:36:28.988140,2026-01-16 18:36:36.300856,0 days 00:00:07.312716,,32,1.168317909535335e-05,1,COMPLETE
85,0.11883529020344186,2026-01-16 18:36:36.315288,2026-01-16 18:36:43.569313,0 days 00:00:07.254025,,32,2.0575500274640868e-05,1,COMPLETE
86,0.11801666428281787,2026-01-16 18:36:43.581700,2026-01-16 18:36:50.858845,0 days 00:00:07.277145,,32,1.4705792208122586e-05,1,COMPLETE
87,0.1180971131939959,2026-01-16 18:36:50.871538,2026-01-16 18:36:58.198136,0 days 00:00:07.326598,,32,1.1566046574764718e-05,1,COMPLETE
88,0.11938773622152289,2026-01-16 18:36:58.212127,2026-01-16 18:37:05.531456,0 days 00:00:07.319329,,32,2.3093343833036784e-05,1,COMPLETE
89,0.11847138483272962,2026-01-16 18:37:05.542055,2026-01-16 18:37:12.748679,0 days 00:00:07.206624,,32,1.8833964427830922e-05,1,COMPLETE
90,0.16092030587215467,2026-01-16 18:37:12.776100,2026-01-16 18:37:20.209484,0 days 00:00:07.433384,,32,0.0003371772543826069,1,COMPLETE
91,0.11801476423751626,2026-01-16 18:37:20.222450,2026-01-16 18:37:27.524348,0 days 00:00:07.301898,,32,1.4976071600552927e-05,1,COMPLETE
92,0.11801589834460152,2026-01-16 18:37:27.536239,2026-01-16 18:37:35.106043,0 days 00:00:07.569804,,32,1.4850084939758611e-05,1,COMPLETE
93,0.11801424938359337,2026-01-16 18:37:35.117426,2026-01-16 18:37:42.689473,0 days 00:00:07.572047,,32,1.5051125833764009e-05,1,COMPLETE
94,0.11801255387299978,2026-01-16 18:37:42.700628,2026-01-16 18:37:50.670430,0 days 00:00:07.969802,,32,1.2209920666973642e-05,1,COMPLETE
95,0.11802339877121823,2026-01-16 18:37:50.683096,2026-01-16 18:37:58.300419,0 days 00:00:07.617323,,32,1.2055765891785106e-05,1,COMPLETE
96,0.11801693074369872,2026-01-16 18:37:58.311933,2026-01-16 18:38:06.072570,0 days 00:00:07.760637,,32,1.4315131055941072e-05,1,COMPLETE
97,0.11801294370325519,2026-01-16 18:38:06.086067,2026-01-16 18:38:13.609398,0 days 00:00:07.523331,,32,1.2643293953266197e-05,1,COMPLETE
98,0.1180134115476297,2026-01-16 18:38:13.621781,2026-01-16 18:38:21.627881,0 days 00:00:08.006100,,32,1.278428807416363e-05,1,COMPLETE
99,0.15609089389649097,2026-01-16 18:38:21.640278,2026-01-16 18:38:29.771628,0 days 00:00:08.131350,,128,1.21667325267697e-05,1,COMPLETE
100,0.118141898689928,2026-01-16 18:38:29.784269,2026-01-16 18:38:38.189621,0 days 00:00:08.405352,,32,1.1255596287669953e-05,1,COMPLETE
101,0.1180138866397574,2026-01-16 18:38:38.200798,2026-01-16 18:38:45.993860,0 days 00:00:07.793062,,32,1.2914053440799968e-05,1,COMPLETE
102,0.11801436623838654,2026-01-16 18:38:46.006491,2026-01-16 18:38:54.136147,0 days 00:00:08.129656,,32,1.3047300674781955e-05,1,COMPLETE
103,0.1180130420562428,2026-01-16 18:38:54.147224,2026-01-16 18:39:01.940160,0 days 00:00:07.792936,,32,1.2486091450023544e-05,1,COMPLETE
104,0.11801284929949474,2026-01-16 18:39:01.951242,2026-01-16 18:39:09.555794,0 days 00:00:07.604552,,32,1.2320306295642836e-05,1,COMPLETE
105,0.15275337110904555,2026-01-16 18:39:09.567553,2026-01-16 18:39:17.149938,0 days 00:00:07.582385,,96,1.270690586865927e-05,1,COMPLETE
106,0.11815427897924194,2026-01-16 18:39:17.161717,2026-01-16 18:39:24.899562,0 days 00:00:07.737845,,32,1.1168423157831163e-05,1,COMPLETE
107,0.11801371754729643,2026-01-16 18:39:24.911825,2026-01-16 18:39:33.488269,0 days 00:00:08.576444,,32,1.2937617349402676e-05,1,COMPLETE
108,0.11831831793192527,2026-01-16 18:39:33.502183,2026-01-16 18:39:41.974757,0 days 00:00:08.472574,,32,1.003680536484662e-05,1,COMPLETE
109,0.1183060279928611,2026-01-16 18:39:41.990510,2026-01-16 18:39:50.121968,0 days 00:00:08.131458,,32,1.795991786061856e-05,1,COMPLETE
110,0.11812913017544807,2026-01-16 18:39:50.133616,2026-01-16 18:39:58.451584,0 days 00:00:08.317968,,32,1.1343772854628373e-05,1,COMPLETE
111,0.11801557546933432,2026-01-16 18:39:58.463095,2026-01-16 18:40:06.116942,0 days 00:00:07.653847,,32,1.3359019754361508e-05,1,COMPLETE
112,0.11801383399103135,2026-01-16 18:40:06.128559,2026-01-16 18:40:13.839602,0 days 00:00:07.711043,,32,1.2961569693181777e-05,1,COMPLETE
113,0.11801284556311747,2026-01-16 18:40:13.851090,2026-01-16 18:40:21.541831,0 days 00:00:07.690741,,32,1.2316480245071628e-05,1,COMPLETE
114,0.12867576639178707,2026-01-16 18:40:21.553365,2026-01-16 18:40:29.197150,0 days 00:00:07.643785,,16,1.2484638372287355e-05,1,COMPLETE
115,0.11816589610784643,2026-01-16 18:40:29.213720,2026-01-16 18:40:36.985599,0 days 00:00:07.771879,,32,1.1089825247413665e-05,1,COMPLETE
116,0.11801637170245573,2026-01-16 18:40:36.996925,2026-01-16 18:40:44.807879,0 days 00:00:07.810954,,32,1.3670903165560868e-05,1,COMPLETE
117,0.11801287654786735,2026-01-16 18:40:44.820628,2026-01-16 18:40:52.618500,0 days 00:00:07.797872,,32,1.232080997835969e-05,1,COMPLETE
118,0.1569061491887807,2026-01-16 18:40:52.629731,2026-01-16 18:41:00.354892,0 days 00:00:07.725161,,128,1.255171619154296e-05,1,COMPLETE
119,0.13774253331589814,2026-01-16 18:41:00.367413,2026-01-16 18:41:08.506216,0 days 00:00:08.138803,0.4003113206863563,32,1.1192723293631303e-05,2,COMPLETE
120,0.1681509861300054,2026-01-16 18:41:08.518260,2026-01-16 18:41:16.245627,0 days 00:00:07.727367,,96,1.7486636571892422e-05,1,COMPLETE
121,0.11801630810525683,2026-01-16 18:41:16.257627,2026-01-16 18:41:23.955892,0 days 00:00:07.698265,,32,1.3645822803849035e-05,1,COMPLETE
122,0.15177143931110565,2026-01-16 18:41:23.966952,2026-01-16 18:41:31.641197,0 days 00:00:07.674245,,32,7.422505032678034e-05,1,COMPLETE
123,0.11801251976572097,2026-01-16 18:41:31.652629,2026-01-16 18:41:39.367677,0 days 00:00:07.715048,,32,1.2250088069602024e-05,1,COMPLETE
124,0.11831935058271721,2026-01-16 18:41:39.380928,2026-01-16 18:41:46.949689,0 days 00:00:07.568761,,32,1.0029537984136696e-05,1,COMPLETE
125,0.11803904372228678,2026-01-16 18:41:46.960371,2026-01-16 18:41:54.681758,0 days 00:00:07.721387,,32,1.195200065437404e-05,1,COMPLETE
126,0.11821426187740962,2026-01-16 18:41:54.693158,2026-01-16 18:42:02.540424,0 days 00:00:07.847266,,32,1.0756757096589966e-05,1,COMPLETE
127,0.11801312328850894,2026-01-16 18:42:02.552453,2026-01-16 18:42:10.600709,0 days 00:00:08.048256,,32,1.2570459860309208e-05,1,COMPLETE
128,0.11803414806198367,2026-01-16 18:42:10.612330,2026-01-16 18:42:19.303419,0 days 00:00:08.691089,,32,1.1985407345211923e-05,1,COMPLETE
129,0.11801591883815225,2026-01-16 18:42:19.316570,2026-01-16 18:42:27.858130,0 days 00:00:08.541560,,32,1.3785971890891865e-05,1,COMPLETE
130,0.17465369585173635,2026-01-16 18:42:27.871128,2026-01-16 18:42:36.297517,0 days 00:00:08.426389,,32,0.00017466910062293223,1,COMPLETE
131,0.11801298354592739,2026-01-16 18:42:36.309198,2026-01-16 18:42:44.595968,0 days 00:00:08.286770,,32,1.2469991871754811e-05,1,COMPLETE
132,0.11816659052013048,2026-01-16 18:42:44.609834,2026-01-16 18:42:52.603645,0 days 00:00:07.993811,,32,1.1085508679788973e-05,1,COMPLETE
133,0.11801619657101388,2026-01-16 18:42:52.614888,2026-01-16 18:43:00.639104,0 days 00:00:08.024216,,32,1.3956235683754124e-05,1,COMPLETE
134,0.11801293711745822,2026-01-16 18:43:00.653512,2026-01-16 18:43:08.661783,0 days 00:00:08.008271,,32,1.2489788260443994e-05,1,COMPLETE
135,0.1282184024459447,2026-01-16 18:43:08.673477,2026-01-16 18:43:17.339107,0 days 00:00:08.665630,,16,1.681455989722166e-05,1,COMPLETE
136,0.11868534614659874,2026-01-16 18:43:17.351815,2026-01-16 18:43:25.562687,0 days 00:00:08.210872,,32,1.986891908253299e-05,1,COMPLETE
137,0.1183190850071007,2026-01-16 18:43:25.573720,2026-01-16 18:43:33.994358,0 days 00:00:08.420638,,32,1.0031356796950337e-05,1,COMPLETE
138,0.11801253123491412,2026-01-16 18:43:34.006406,2026-01-16 18:43:42.313288,0 days 00:00:08.306882,,32,1.2177746478326066e-05,1,COMPLETE
139,0.11804526867930652,2026-01-16 18:43:42.325680,2026-01-16 18:43:50.373672,0 days 00:00:08.047992,,32,1.1913556040939339e-05,1,COMPLETE
140,0.11817511579340809,2026-01-16 18:43:50.385883,2026-01-16 18:43:58.475930,0 days 00:00:08.090047,,32,1.1027114318350282e-05,1,COMPLETE
141,0.1180166795527313,2026-01-16 18:43:58.487904,2026-01-16 18:44:06.718864,0 days 00:00:08.230960,,32,1.424982568923548e-05,1,COMPLETE
142,0.11801289428024594,2026-01-16 18:44:06.733326,2026-01-16 18:44:15.105735,0 days 00:00:08.372409,,32,1.2495750066630603e-05,1,COMPLETE
143,0.14005923374406914,2026-01-16 18:44:15.118275,2026-01-16 18:44:24.212091,0 days 00:00:09.093816,0.4618095292705097,32,1.227420928382574e-05,3,COMPLETE
144,0.11801303174183755,2026-01-16 18:44:24.224930,2026-01-16 18:44:32.341649,0 days 00:00:08.116719,,32,1.2737225870989445e-05,1,COMPLETE
145,0.11814516716674561,2026-01-16 18:44:32.353836,2026-01-16 18:44:40.553160,0 days 00:00:08.199324,,32,1.6877578939723257e-05,1,COMPLETE
146,0.15354003579526898,2026-01-16 18:44:40.564369,2026-01-16 18:44:48.735752,0 days 00:00:08.171383,,128,1.0758073321638162e-05,1,COMPLETE
147,0.1180169951962813,2026-01-16 18:44:48.747990,2026-01-16 18:44:56.897384,0 days 00:00:08.149394,,32,1.4167314250405859e-05,1,COMPLETE
148,0.15077225328389973,2026-01-16 18:44:56.909630,2026-01-16 18:45:05.081668,0 days 00:00:08.172038,,96,1.1939314348825467e-05,1,COMPLETE
149,0.11831259870018733,2026-01-16 18:45:05.094145,2026-01-16 18:45:12.722712,0 days 00:00:07.628567,,32,1.0076056665361036e-05,1,COMPLETE
150,0.1180153097522827,2026-01-16 18:45:12.739728,2026-01-16 18:45:20.274434,0 days 00:00:07.534706,,32,1.3264840169448985e-05,1,COMPLETE
151,0.14979592873564335,2026-01-16 18:45:20.285910,2026-01-16 18:45:27.681259,0 days 00:00:07.395349,,32,0.0006519078391969294,1,COMPLETE
152,0.11801273570099623,2026-01-16 18:45:27.692457,2026-01-16 18:45:35.825555,0 days 00:00:08.133098,,32,1.2354744385582238e-05,1,COMPLETE
153,0.11812298214080774,2026-01-16 18:45:35.837163,2026-01-16 18:45:44.089700,0 days 00:00:08.252537,,32,1.1390169920715503e-05,1,COMPLETE
