number,value,datetime_start,datetime_complete,duration,params_dropout,params_hidden_size,params_learning_rate,params_n_layers,state
0,0.1545250500024554,2026-01-17 13:07:11.035101,2026-01-17 13:07:20.616664,0 days 00:00:09.581563,0.4464704583099741,16,5.6115164153345e-05,3,COMPLETE
1,0.3061564040401536,2026-01-17 13:07:20.632533,2026-01-17 13:07:30.132827,0 days 00:00:09.500294,0.17336180394137352,32,0.00015930522616241006,3,COMPLETE
2,0.23681830471554072,2026-01-17 13:07:30.145982,2026-01-17 13:07:39.204497,0 days 00:00:09.058515,0.2465447373174767,64,4.059611610484306e-05,2,COMPLETE
3,0.2532648006823068,2026-01-17 13:07:39.216487,2026-01-17 13:07:49.565474,0 days 00:00:10.348987,0.16820964947491662,128,8.168455894760161e-05,3,COMPLETE
4,0.10623529289353847,2026-01-17 13:07:49.576501,2026-01-17 13:07:59.019008,0 days 00:00:09.442507,0.27606099749584057,16,1.3492834268013232e-05,3,COMPLETE
5,0.10659031919041685,2026-01-17 13:07:59.035233,2026-01-17 13:08:07.976315,0 days 00:00:08.941082,0.3080272084711243,32,1.7541893487450798e-05,2,COMPLETE
6,0.10894249471940488,2026-01-17 13:08:07.987737,2026-01-17 13:08:16.727475,0 days 00:00:08.739738,,16,0.00012399967836846095,1,COMPLETE
7,0.16725967175185966,2026-01-17 13:08:16.739997,2026-01-17 13:08:25.377187,0 days 00:00:08.637190,,96,0.0006978281265126031,1,COMPLETE
8,0.4243773902810042,2026-01-17 13:08:25.389169,2026-01-17 13:08:34.479055,0 days 00:00:09.089886,0.4947547746402069,96,0.00045443839603360173,2,COMPLETE
9,0.43438519420073723,2026-01-17 13:08:34.490969,2026-01-17 13:08:43.084624,0 days 00:00:08.593655,,32,0.0003503398491158688,1,COMPLETE
10,0.10583911902000902,2026-01-17 13:08:43.099005,2026-01-17 13:08:52.709888,0 days 00:00:09.610883,0.355919277250694,16,1.0992427745889089e-05,3,COMPLETE
11,0.10579320992995069,2026-01-17 13:08:52.723173,2026-01-17 13:09:02.099793,0 days 00:00:09.376620,0.3496334108689463,16,1.069256133931691e-05,3,COMPLETE
12,0.10926717210907241,2026-01-17 13:09:02.114182,2026-01-17 13:09:11.470580,0 days 00:00:09.356398,0.37886235933603785,16,2.446714205623519e-05,3,COMPLETE
13,0.10684698837533768,2026-01-17 13:09:11.486116,2026-01-17 13:09:20.370407,0 days 00:00:08.884291,0.370161785004022,16,1.1141229497154352e-05,2,COMPLETE
14,0.29375821879755426,2026-01-17 13:09:20.381759,2026-01-17 13:09:29.921955,0 days 00:00:09.540196,0.3697058644891441,64,2.7519727982414126e-05,3,COMPLETE
15,0.25924751340504204,2026-01-17 13:09:29.935713,2026-01-17 13:09:39.417104,0 days 00:00:09.481391,0.33756393376044397,128,2.658799466943947e-05,2,COMPLETE
16,0.1057964328711601,2026-01-17 13:09:39.431516,2026-01-17 13:09:48.984031,0 days 00:00:09.552515,0.43919064295272436,16,1.0715394116236308e-05,3,COMPLETE
17,0.24864042859477828,2026-01-17 13:09:48.998105,2026-01-17 13:09:58.432752,0 days 00:00:09.434647,0.44465012439589613,16,0.00020046179107204468,3,COMPLETE
18,0.12561660134130567,2026-01-17 13:09:58.445010,2026-01-17 13:10:07.824032,0 days 00:00:09.379022,0.4308908097910505,16,4.2621193678276315e-05,3,COMPLETE
19,0.19361406734300504,2026-01-17 13:10:07.837709,2026-01-17 13:10:16.669161,0 days 00:00:08.831452,0.49840679574448543,64,1.955246160826039e-05,2,COMPLETE
20,0.28670712817447047,2026-01-17 13:10:16.681093,2026-01-17 13:10:25.665767,0 days 00:00:08.984674,0.21769664017715973,96,7.208483883105351e-05,2,COMPLETE
21,0.1059794476011243,2026-01-17 13:10:25.677006,2026-01-17 13:10:35.108008,0 days 00:00:09.431002,0.4115395767117093,16,1.190027052129233e-05,3,COMPLETE
22,0.10576723916869417,2026-01-17 13:10:35.121348,2026-01-17 13:10:44.540285,0 days 00:00:09.418937,0.3261378430823975,16,1.0519095028133849e-05,3,COMPLETE
23,0.10722526750406784,2026-01-17 13:10:44.554764,2026-01-17 13:10:53.930062,0 days 00:00:09.375298,0.10836542659336154,16,1.9194132271333795e-05,3,COMPLETE
24,0.10569332852620918,2026-01-17 13:10:53.942681,2026-01-17 13:11:03.445595,0 days 00:00:09.502914,0.30641145547380827,16,1.001634738389816e-05,3,COMPLETE
25,0.2866042580507962,2026-01-17 13:11:03.461196,2026-01-17 13:11:13.784169,0 days 00:00:10.322973,0.30276905796331477,128,3.505378642266587e-05,3,COMPLETE
26,0.10659113201822953,2026-01-17 13:11:13.795154,2026-01-17 13:11:23.098412,0 days 00:00:09.303258,0.32938559284948965,16,1.5735914962698564e-05,3,COMPLETE
27,0.10586715043005845,2026-01-17 13:11:23.111348,2026-01-17 13:11:32.256427,0 days 00:00:09.145079,0.280565926758912,16,1.5992118219008214e-05,2,COMPLETE
28,0.10813486564743735,2026-01-17 13:11:32.270439,2026-01-17 13:11:41.795167,0 days 00:00:09.524728,0.24383150125112762,16,2.1972173648128675e-05,3,COMPLETE
29,0.13293757516172436,2026-01-17 13:11:41.806905,2026-01-17 13:11:51.197789,0 days 00:00:09.390884,0.402083200630179,16,4.6827364980805714e-05,3,COMPLETE
30,0.2846727824181627,2026-01-17 13:11:51.209919,2026-01-17 13:12:00.690822,0 days 00:00:09.480903,0.3413355751174807,32,6.289111532007957e-05,3,COMPLETE
31,0.10589566480731862,2026-01-17 13:12:00.704941,2026-01-17 13:12:09.974869,0 days 00:00:09.269928,0.313743593515817,16,1.1362107307137462e-05,3,COMPLETE
32,0.1057812793685827,2026-01-17 13:12:09.987093,2026-01-17 13:12:19.326105,0 days 00:00:09.339012,0.4695852833906867,16,1.0616598508184253e-05,3,COMPLETE
33,0.11429186264735314,2026-01-17 13:12:19.338953,2026-01-17 13:12:28.789447,0 days 00:00:09.450494,0.47196137769229757,16,3.2214677798259935e-05,3,COMPLETE
34,0.121017212073807,2026-01-17 13:12:28.803104,2026-01-17 13:12:38.449550,0 days 00:00:09.646446,0.2753204069473863,64,1.3857963905512692e-05,3,COMPLETE
35,0.2570493084137897,2026-01-17 13:12:38.461616,2026-01-17 13:12:48.685530,0 days 00:00:10.223914,0.40167248016704504,128,1.5066144438726558e-05,3,COMPLETE
36,0.10575391655545598,2026-01-17 13:12:48.697870,2026-01-17 13:12:58.155827,0 days 00:00:09.457957,0.23689154642758897,16,1.0429503064598153e-05,3,COMPLETE
37,0.12429938325469786,2026-01-17 13:12:58.168996,2026-01-17 13:13:07.647945,0 days 00:00:09.478949,0.2042936375311348,32,1.9657850035519097e-05,3,COMPLETE
38,0.33731358649835014,2026-01-17 13:13:07.660952,2026-01-17 13:13:17.355400,0 days 00:00:09.694448,0.16184945295665262,96,0.00010821231550752981,3,COMPLETE
39,0.11896819097929029,2026-01-17 13:13:17.366791,2026-01-17 13:13:26.144711,0 days 00:00:08.777920,,16,0.00018754759512100262,1,COMPLETE
40,0.10631947201813907,2026-01-17 13:13:26.157070,2026-01-17 13:13:35.033439,0 days 00:00:08.876369,0.24561747890290814,16,1.3735856303441632e-05,2,COMPLETE
41,0.10569976275774949,2026-01-17 13:13:35.045160,2026-01-17 13:13:44.529331,0 days 00:00:09.484171,0.2848971170445036,16,1.0063143708161341e-05,3,COMPLETE
42,0.10569503005586527,2026-01-17 13:13:44.543011,2026-01-17 13:13:54.038686,0 days 00:00:09.495675,0.27391822622291273,16,1.003242475072969e-05,3,COMPLETE
43,0.10635852704225855,2026-01-17 13:13:54.052065,2026-01-17 13:14:03.578617,0 days 00:00:09.526552,0.2794616087616364,16,1.42515318314336e-05,3,COMPLETE
44,0.3314433907262505,2026-01-17 13:14:03.592856,2026-01-17 13:14:12.959510,0 days 00:00:09.366654,0.22145579702952098,16,0.0009702527662909305,3,COMPLETE
45,0.1067661609055363,2026-01-17 13:14:12.971577,2026-01-17 13:14:22.380134,0 days 00:00:09.408557,0.26358633010757887,16,1.6873727329536418e-05,3,COMPLETE
46,0.13946475522197785,2026-01-17 13:14:22.393543,2026-01-17 13:14:32.196312,0 days 00:00:09.802769,0.3187731782074613,96,1.0031794486292392e-05,3,COMPLETE
47,0.2871352723877268,2026-01-17 13:14:32.207155,2026-01-17 13:14:41.668145,0 days 00:00:09.460990,0.29535616919989366,64,2.387465391974449e-05,3,COMPLETE
48,0.10514704383966154,2026-01-17 13:14:41.680754,2026-01-17 13:14:50.558921,0 days 00:00:08.878167,0.2581170633213858,32,1.2907105256646213e-05,2,COMPLETE
49,0.12104927299102676,2026-01-17 13:14:50.572315,2026-01-17 13:14:59.122194,0 days 00:00:08.549879,,32,1.3404420244298349e-05,1,COMPLETE
50,0.4738839968197936,2026-01-17 13:14:59.132732,2026-01-17 13:15:07.920672,0 days 00:00:08.787940,0.19927466973606772,32,0.0002975781429210892,2,COMPLETE
51,0.12036928473769448,2026-01-17 13:15:07.931998,2026-01-17 13:15:16.647784,0 days 00:00:08.715786,,32,1.2652911067637597e-05,1,COMPLETE
52,0.1045440267416062,2026-01-17 13:15:16.659286,2026-01-17 13:15:25.554654,0 days 00:00:08.895368,0.264070285568074,32,1.0227019200021753e-05,2,COMPLETE
53,0.10652296448281104,2026-01-17 13:15:25.569435,2026-01-17 13:15:34.450098,0 days 00:00:08.880663,0.2567198243334224,32,1.736467490987975e-05,2,COMPLETE
54,0.10510637808918898,2026-01-17 13:15:34.463648,2026-01-17 13:15:43.446439,0 days 00:00:08.982791,0.29320837682597994,32,1.2759197948402405e-05,2,COMPLETE
55,0.10887339752941093,2026-01-17 13:15:43.458815,2026-01-17 13:15:52.414142,0 days 00:00:08.955327,0.2929161966169623,32,2.0527406782791823e-05,2,COMPLETE
56,0.1051909932023649,2026-01-17 13:15:52.426355,2026-01-17 13:16:01.124624,0 days 00:00:08.698269,0.26683246407293504,32,1.3070603543922214e-05,2,COMPLETE
57,0.12705282199432552,2026-01-17 13:16:01.136049,2026-01-17 13:16:10.077590,0 days 00:00:08.941541,0.260328120123731,32,2.8373133481253453e-05,2,COMPLETE
58,0.10512315948152903,2026-01-17 13:16:10.089737,2026-01-17 13:16:19.116508,0 days 00:00:09.026771,0.2257264521185507,32,1.281568976186005e-05,2,COMPLETE
59,0.10513135309618998,2026-01-17 13:16:19.127650,2026-01-17 13:16:28.383877,0 days 00:00:09.256227,0.1825208992885196,32,1.2844269847032253e-05,2,COMPLETE
60,0.1551533280263936,2026-01-17 13:16:28.399132,2026-01-17 13:16:37.445065,0 days 00:00:09.045933,0.15468789354572726,32,3.371827098920132e-05,2,COMPLETE
61,0.10517534133232928,2026-01-17 13:16:37.456343,2026-01-17 13:16:46.453309,0 days 00:00:08.996966,0.18363678705159903,32,1.3006275307563146e-05,2,COMPLETE
62,0.10510090495236085,2026-01-17 13:16:46.465940,2026-01-17 13:16:55.333397,0 days 00:00:08.867457,0.14517937714403584,32,1.272707331292924e-05,2,COMPLETE
63,0.10679725189933051,2026-01-17 13:16:55.344701,2026-01-17 13:17:04.384861,0 days 00:00:09.040160,0.1388036433052454,32,1.8023221907123915e-05,2,COMPLETE
64,0.11324288148461197,2026-01-17 13:17:04.396805,2026-01-17 13:17:13.395598,0 days 00:00:08.998793,0.18486159870277646,32,2.3334028639669467e-05,2,COMPLETE
65,0.1059535652035002,2026-01-17 13:17:13.406929,2026-01-17 13:17:22.372122,0 days 00:00:08.965193,0.13872924374846646,32,1.5800023064964084e-05,2,COMPLETE
66,0.10496371526962936,2026-01-17 13:17:22.383084,2026-01-17 13:17:31.168626,0 days 00:00:08.785542,0.18424153639883084,32,1.2174008798645708e-05,2,COMPLETE
67,0.10500108630446686,2026-01-17 13:17:31.181411,2026-01-17 13:17:40.220613,0 days 00:00:09.039202,0.21691229694961645,32,1.232996628392922e-05,2,COMPLETE
68,0.1253449877207626,2026-01-17 13:17:40.233028,2026-01-17 13:17:49.397141,0 days 00:00:09.164113,0.22826079999044932,32,2.7935642074006745e-05,2,COMPLETE
69,0.10659987226932739,2026-01-17 13:17:49.408642,2026-01-17 13:17:58.401266,0 days 00:00:08.992624,0.20872158564074464,32,1.7550962269700506e-05,2,COMPLETE
70,0.10490606170137864,2026-01-17 13:17:58.412046,2026-01-17 13:18:07.297654,0 days 00:00:08.885608,0.11020126099402626,32,1.1925889704151454e-05,2,COMPLETE
71,0.10487703456564555,2026-01-17 13:18:07.308871,2026-01-17 13:18:16.432114,0 days 00:00:09.123243,0.10091239624602466,32,1.1797584465812588e-05,2,COMPLETE
72,0.10484693949292981,2026-01-17 13:18:16.443231,2026-01-17 13:18:25.440762,0 days 00:00:08.997531,0.10464230169033924,32,1.1662674583799573e-05,2,COMPLETE
73,0.10582127947701872,2026-01-17 13:18:25.452757,2026-01-17 13:18:34.459719,0 days 00:00:09.006962,0.10899655825593599,32,1.537310189479829e-05,2,COMPLETE
74,0.10488729167154145,2026-01-17 13:18:34.471022,2026-01-17 13:18:43.543951,0 days 00:00:09.072929,0.10134632619638023,32,1.1842330692558816e-05,2,COMPLETE
75,0.1994551561356918,2026-01-17 13:18:43.555744,2026-01-17 13:18:53.229217,0 days 00:00:09.673473,0.10006145326311425,128,1.1478310775930554e-05,2,COMPLETE
76,0.10840548291371524,2026-01-17 13:18:53.240914,2026-01-17 13:19:02.274489,0 days 00:00:09.033575,0.12130260883193399,32,2.008320622419904e-05,2,COMPLETE
77,0.10483867945968967,2026-01-17 13:19:02.287225,2026-01-17 13:19:11.166935,0 days 00:00:08.879710,0.13397862797494842,32,1.1626148505444048e-05,2,COMPLETE
78,0.10572590911169039,2026-01-17 13:19:11.179028,2026-01-17 13:19:20.059898,0 days 00:00:08.880870,0.12383323261461365,32,1.5056754855770873e-05,2,COMPLETE
79,0.10483735160239978,2026-01-17 13:19:20.071368,2026-01-17 13:19:29.132318,0 days 00:00:09.060950,0.12166523459554693,32,1.1621257019178861e-05,2,COMPLETE
80,0.10480071077561368,2026-01-17 13:19:29.143972,2026-01-17 13:19:38.196092,0 days 00:00:09.052120,0.12296476749528615,32,1.1454990582004258e-05,2,COMPLETE
81,0.10479740717596482,2026-01-17 13:19:38.210046,2026-01-17 13:19:47.391410,0 days 00:00:09.181364,0.12339007691220523,32,1.1439546165019964e-05,2,COMPLETE
82,0.1047530119941134,2026-01-17 13:19:47.403623,2026-01-17 13:19:56.397798,0 days 00:00:08.994175,0.12155660572495698,32,1.123588820615214e-05,2,COMPLETE
83,0.10573068891202757,2026-01-17 13:19:56.408533,2026-01-17 13:20:05.376874,0 days 00:00:08.968341,0.1233702895544475,32,1.5072510586726323e-05,2,COMPLETE
84,0.12004579675793002,2026-01-17 13:20:05.389573,2026-01-17 13:20:14.265952,0 days 00:00:08.876379,0.12935692305109656,64,1.0801398491839416e-05,2,COMPLETE
85,0.13354296713574362,2026-01-17 13:20:14.277438,2026-01-17 13:20:23.397637,0 days 00:00:09.120199,0.10163546628598949,96,1.1331047615764051e-05,2,COMPLETE
86,0.10684509857537408,2026-01-17 13:20:23.408567,2026-01-17 13:20:32.280422,0 days 00:00:08.871855,0.15068863472886962,32,1.8120756267753736e-05,2,COMPLETE
87,0.24710434686092425,2026-01-17 13:20:32.292303,2026-01-17 13:20:41.794082,0 days 00:00:09.501779,0.1170820559944672,128,1.4441232125142361e-05,2,COMPLETE
88,0.2713262540858699,2026-01-17 13:20:41.807812,2026-01-17 13:20:50.816601,0 days 00:00:09.008789,0.13446605847002763,32,8.509432584475571e-05,2,COMPLETE
89,0.10472490471279822,2026-01-17 13:20:50.828266,2026-01-17 13:20:59.740587,0 days 00:00:08.912321,0.16356988349642254,32,1.110721959030878e-05,2,COMPLETE
90,0.312793735549423,2026-01-17 13:20:59.752022,2026-01-17 13:21:08.807596,0 days 00:00:09.055574,0.1642960543762791,32,0.00014351989786531657,2,COMPLETE
91,0.10476326859769708,2026-01-17 13:21:08.821967,2026-01-17 13:21:17.887279,0 days 00:00:09.065312,0.11430363145401858,32,1.1284608584072828e-05,2,COMPLETE
92,0.10464910958840745,2026-01-17 13:21:17.899647,2026-01-17 13:21:26.898398,0 days 00:00:08.998751,0.11498795034347473,32,1.0744816231235168e-05,2,COMPLETE
93,0.10613357112657273,2026-01-17 13:21:26.909130,2026-01-17 13:21:36.048313,0 days 00:00:09.139183,0.1154202079098139,32,1.6345031338481997e-05,2,COMPLETE
94,0.10464105460270307,2026-01-17 13:21:36.059224,2026-01-17 13:21:44.977399,0 days 00:00:08.918175,0.12968652186041646,32,1.0704219432350313e-05,2,COMPLETE
95,0.10554389090742268,2026-01-17 13:21:44.988992,2026-01-17 13:21:54.103506,0 days 00:00:09.114514,0.13363628176971978,32,1.4416150987204434e-05,2,COMPLETE
96,0.10454630658931446,2026-01-17 13:21:54.115163,2026-01-17 13:22:03.131307,0 days 00:00:09.016144,0.14733993207992344,32,1.0231848759457329e-05,2,COMPLETE
97,0.11835156823764062,2026-01-17 13:22:03.143170,2026-01-17 13:22:12.127126,0 days 00:00:08.983956,0.17175895993103613,64,1.0220953312541233e-05,2,COMPLETE
98,0.10466603720982624,2026-01-17 13:22:12.138833,2026-01-17 13:22:21.144921,0 days 00:00:09.006088,0.14898469391651073,32,1.0828993833496471e-05,2,COMPLETE
99,0.3609605786244431,2026-01-17 13:22:21.156124,2026-01-17 13:22:30.137534,0 days 00:00:08.981410,0.15537802499873182,96,0.0004858993851624005,2,COMPLETE
100,0.10450568784697081,2026-01-17 13:22:30.148826,2026-01-17 13:22:39.076655,0 days 00:00:08.927829,0.14299390062279593,32,1.0025486078522288e-05,2,COMPLETE
101,0.10450787647570121,2026-01-17 13:22:39.089286,2026-01-17 13:22:48.191785,0 days 00:00:09.102499,0.14508123781788568,32,1.003718993147615e-05,2,COMPLETE
102,0.1045993385947947,2026-01-17 13:22:48.202965,2026-01-17 13:22:57.358868,0 days 00:00:09.155903,0.14597160456289288,32,1.0495798125115094e-05,2,COMPLETE
103,0.1054370548545586,2026-01-17 13:22:57.370553,2026-01-17 13:23:06.473017,0 days 00:00:09.102464,0.14731865172118608,32,1.4012537464073134e-05,2,COMPLETE
104,0.10463784402666937,2026-01-17 13:23:06.485216,2026-01-17 13:23:15.396789,0 days 00:00:08.911573,0.15946960491143325,32,1.069158035122401e-05,2,COMPLETE
105,0.1053514827942026,2026-01-17 13:23:15.409123,2026-01-17 13:23:24.443968,0 days 00:00:09.034845,0.1582447124860987,32,1.3681357441095856e-05,2,COMPLETE
106,0.10455749053868073,2026-01-17 13:23:24.456826,2026-01-17 13:23:33.608385,0 days 00:00:09.151559,0.17133563817396844,32,1.0292350516520283e-05,2,COMPLETE
107,0.10457968095437589,2026-01-17 13:23:33.621634,2026-01-17 13:23:42.747039,0 days 00:00:09.125405,0.1709942778298505,32,1.040254622745706e-05,2,COMPLETE
108,0.15585733373216376,2026-01-17 13:23:42.758490,2026-01-17 13:23:52.491587,0 days 00:00:09.733097,0.19655899810296895,128,1.0073855449103528e-05,2,COMPLETE
109,0.10451276829535061,2026-01-17 13:23:52.503636,2026-01-17 13:24:01.496412,0 days 00:00:08.992776,0.17789955793586387,32,1.0065518375074686e-05,2,COMPLETE
110,0.10453400014079814,2026-01-17 13:24:01.509089,2026-01-17 13:24:10.529373,0 days 00:00:09.020284,0.17770412901598437,32,1.0172931046994608e-05,2,COMPLETE
111,0.105411290796164,2026-01-17 13:24:10.540454,2026-01-17 13:24:19.606501,0 days 00:00:09.066047,0.17454193932019313,32,1.3918139163987616e-05,2,COMPLETE
112,0.10453707704002861,2026-01-17 13:24:19.618700,2026-01-17 13:24:28.829297,0 days 00:00:09.210597,0.17175370206541107,32,1.0188405977037493e-05,2,COMPLETE
113,0.10450325585303802,2026-01-17 13:24:28.841213,2026-01-17 13:24:37.909039,0 days 00:00:09.067826,0.19279832635285116,32,1.0015658421151161e-05,2,COMPLETE
114,0.1045070185365643,2026-01-17 13:24:37.923063,2026-01-17 13:24:46.912897,0 days 00:00:08.989834,0.1772974685284292,32,1.0036674720842459e-05,2,COMPLETE
115,0.10453760447892188,2026-01-17 13:24:46.925933,2026-01-17 13:24:55.942859,0 days 00:00:09.016926,0.1958877231243253,32,1.0191495482126886e-05,2,COMPLETE
116,0.10451215852057158,2026-01-17 13:24:55.954498,2026-01-17 13:25:05.019987,0 days 00:00:09.065489,0.17594242309174846,32,1.0062497112794106e-05,2,COMPLETE
117,0.246979554554438,2026-01-17 13:25:05.031307,2026-01-17 13:25:13.899824,0 days 00:00:08.868517,0.19535987566677365,32,4.903738596702344e-05,2,COMPLETE
118,0.10522789985462229,2026-01-17 13:25:13.911289,2026-01-17 13:25:22.791121,0 days 00:00:08.879832,0.19157443017990083,32,1.3202733930970124e-05,2,COMPLETE
119,0.10450213278613689,2026-01-17 13:25:22.802268,2026-01-17 13:25:31.821357,0 days 00:00:09.019089,0.20743712240249618,32,1.0011418168431844e-05,2,COMPLETE
120,0.12701662876090955,2026-01-17 13:25:31.837509,2026-01-17 13:25:40.776988,0 days 00:00:08.939479,0.20934934090400276,64,1.2729160850289707e-05,2,COMPLETE
121,0.10451735914887168,2026-01-17 13:25:40.789583,2026-01-17 13:25:49.682287,0 days 00:00:08.892704,0.177218969248758,32,1.0088668994765073e-05,2,COMPLETE
122,0.10450310718428873,2026-01-17 13:25:49.694842,2026-01-17 13:25:58.718163,0 days 00:00:09.023321,0.1802896525499074,32,1.0017120424737542e-05,2,COMPLETE
123,0.10507905832468054,2026-01-17 13:25:58.729674,2026-01-17 13:26:07.668940,0 days 00:00:08.939266,0.17824023426734248,32,1.2644966839917515e-05,2,COMPLETE
124,0.10502890870009653,2026-01-17 13:26:07.680588,2026-01-17 13:26:16.807313,0 days 00:00:09.126725,0.1903240549540245,32,1.2442020055703941e-05,2,COMPLETE
125,0.10613273514078411,2026-01-17 13:26:16.819021,2026-01-17 13:26:25.936653,0 days 00:00:09.117632,0.20573694861112057,32,1.635433797307844e-05,2,COMPLETE
126,0.18297515647090973,2026-01-17 13:26:25.947953,2026-01-17 13:26:35.054909,0 days 00:00:09.106956,0.2139592598812109,96,1.4713654168878104e-05,2,COMPLETE
127,0.10496524162319762,2026-01-17 13:26:35.068273,2026-01-17 13:26:44.143151,0 days 00:00:09.074878,0.23463052750592758,32,1.2185318551550167e-05,2,COMPLETE
128,0.10450852278562976,2026-01-17 13:26:44.154629,2026-01-17 13:26:53.204431,0 days 00:00:09.049802,0.20321328144115353,32,1.004219931096461e-05,2,COMPLETE
129,0.1045006141101114,2026-01-17 13:26:53.215620,2026-01-17 13:27:02.270588,0 days 00:00:09.054968,0.17947422362976967,32,1.0003842610063455e-05,2,COMPLETE
130,0.4208011061621354,2026-01-17 13:27:02.283711,2026-01-17 13:27:11.269164,0 days 00:00:08.985453,0.1802972795762585,32,0.0002547355804882849,2,COMPLETE
131,0.10450902676055139,2026-01-17 13:27:11.280880,2026-01-17 13:27:20.319443,0 days 00:00:09.038563,0.1938727880275575,32,1.0044378662156714e-05,2,COMPLETE
132,0.10492945952173618,2026-01-17 13:27:20.330725,2026-01-17 13:27:29.299512,0 days 00:00:08.968787,0.18621727881802316,32,1.203237373980231e-05,2,COMPLETE
133,0.10533637475871553,2026-01-17 13:27:29.310476,2026-01-17 13:27:38.418982,0 days 00:00:09.108506,0.2017931511538964,32,1.3627747892506894e-05,2,COMPLETE
134,0.10481343701428823,2026-01-17 13:27:38.431376,2026-01-17 13:27:47.409137,0 days 00:00:08.977761,0.1677372939879444,32,1.1517479034829482e-05,2,COMPLETE
135,0.104545152909018,2026-01-17 13:27:47.420787,2026-01-17 13:27:56.480270,0 days 00:00:09.059483,0.17801578956617375,32,1.0229469944691012e-05,2,COMPLETE
136,0.1572111415479621,2026-01-17 13:27:56.492567,2026-01-17 13:28:06.018467,0 days 00:00:09.525900,0.1660388253614338,128,1.0128588257340597e-05,2,COMPLETE
137,0.10493203371518986,2026-01-17 13:28:06.030983,2026-01-17 13:28:15.093606,0 days 00:00:09.062623,0.18845875075917676,32,1.2042857592979142e-05,2,COMPLETE
138,0.10530327504599539,2026-01-17 13:28:15.104693,2026-01-17 13:28:24.101983,0 days 00:00:08.997290,0.22151311678460275,32,1.3497728316248012e-05,2,COMPLETE
