number,value,datetime_start,datetime_complete,duration,params_dropout,params_hidden_size,params_learning_rate,params_n_layers,state
141,0.09918412993738993,2026-01-16 22:22:24.456027,2026-01-16 22:22:32.289546,0 days 00:00:07.833519,0.44325357268763654,16,0.00010313458125316297,2,COMPLETE
142,0.09936840563824664,2026-01-16 22:22:32.299890,2026-01-16 22:22:40.361891,0 days 00:00:08.062001,0.45148643357745566,16,0.00010751231674343147,2,COMPLETE
143,0.10009305724846491,2026-01-16 22:22:40.372646,2026-01-16 22:22:48.233788,0 days 00:00:07.861142,0.4487998140248433,16,0.00012863812778803697,2,COMPLETE
144,0.10039323210278242,2026-01-16 22:22:48.244976,2026-01-16 22:22:55.976210,0 days 00:00:07.731234,0.45784613138546737,16,9.183384198747376e-05,2,COMPLETE
145,0.0993615294098583,2026-01-16 22:22:55.987483,2026-01-16 22:23:03.978965,0 days 00:00:07.991482,0.4638170620450593,16,0.00010828038000696645,2,COMPLETE
146,0.10125187899784044,2026-01-16 22:23:03.990498,2026-01-16 22:23:11.697663,0 days 00:00:07.707165,0.47053783637426966,16,7.752407612237049e-05,2,COMPLETE
147,0.177181443141115,2026-01-16 22:23:11.708705,2026-01-16 22:23:19.555222,0 days 00:00:07.846517,0.29536648309296565,64,0.00012938772366882412,2,COMPLETE
148,0.10012253819415268,2026-01-16 22:23:19.566164,2026-01-16 22:23:27.578832,0 days 00:00:08.012668,0.4408806213545736,16,9.397101059082551e-05,2,COMPLETE
149,0.10985711765811426,2026-01-16 22:23:27.590354,2026-01-16 22:23:35.338549,0 days 00:00:07.748195,0.46064446959955285,16,0.00016027770430034334,2,COMPLETE
150,0.10105466649558377,2026-01-16 22:23:35.349515,2026-01-16 22:23:43.202407,0 days 00:00:07.852892,0.43325080846925834,16,8.485125951363822e-05,2,COMPLETE
151,0.09927956731837281,2026-01-16 22:23:43.214046,2026-01-16 22:23:51.309292,0 days 00:00:08.095246,0.4545861262716609,16,0.00010640616774092663,2,COMPLETE
152,0.09943663238810965,2026-01-16 22:23:51.320491,2026-01-16 22:23:59.205843,0 days 00:00:07.885352,0.4500473183528702,16,0.0001089369043308784,2,COMPLETE
153,0.09949755624990186,2026-01-16 22:23:59.216756,2026-01-16 22:24:07.030390,0 days 00:00:07.813634,0.451410806125804,16,0.00010996900498039742,2,COMPLETE
154,0.10294614368958277,2026-01-16 22:24:07.041500,2026-01-16 22:24:14.973460,0 days 00:00:07.931960,0.46394925600339304,16,0.00014012308266359488,2,COMPLETE
155,0.09990324874187324,2026-01-16 22:24:14.984312,2026-01-16 22:24:22.735403,0 days 00:00:07.751091,0.4533392649740494,16,0.00012593717390037068,2,COMPLETE
156,0.09947168754248863,2026-01-16 22:24:22.746745,2026-01-16 22:24:30.703069,0 days 00:00:07.956324,0.43921268525184376,16,0.00010837769852898998,2,COMPLETE
157,0.0997346675652113,2026-01-16 22:24:30.714244,2026-01-16 22:24:38.717772,0 days 00:00:08.003528,0.4286930925180713,16,9.666612517446102e-05,2,COMPLETE
158,0.09920153701884843,2026-01-16 22:24:38.728829,2026-01-16 22:24:46.536119,0 days 00:00:07.807290,0.47429875441795316,16,0.00010601821667452233,2,COMPLETE
159,0.09943837603683117,2026-01-16 22:24:46.547030,2026-01-16 22:24:54.540974,0 days 00:00:07.993944,0.465768908947735,16,0.00010989896997735141,2,COMPLETE
160,0.16169523977658354,2026-01-16 22:24:54.552054,2026-01-16 22:25:03.029972,0 days 00:00:08.477918,0.46522532773648756,128,0.0001215839050136186,2,COMPLETE
161,0.0997686437970149,2026-01-16 22:25:03.040580,2026-01-16 22:25:10.869720,0 days 00:00:07.829140,0.11805378610072778,16,0.00010599353233645293,2,COMPLETE
162,0.10061897111592356,2026-01-16 22:25:10.881123,2026-01-16 22:25:18.762516,0 days 00:00:07.881393,0.22562840997699918,16,8.802870507751741e-05,2,COMPLETE
163,0.09961244975605134,2026-01-16 22:25:18.773984,2026-01-16 22:25:26.590269,0 days 00:00:07.816285,0.47495730328475516,16,0.00011361020820692358,2,COMPLETE
164,0.10119650758021981,2026-01-16 22:25:26.602086,2026-01-16 22:25:34.761675,0 days 00:00:08.159589,0.44863172648848004,16,8.073368667605304e-05,2,COMPLETE
165,0.10019486988960047,2026-01-16 22:25:34.772487,2026-01-16 22:25:42.520830,0 days 00:00:07.748343,0.31879511368931046,16,0.00012824106404143323,2,COMPLETE
166,0.09912934812022316,2026-01-16 22:25:42.532979,2026-01-16 22:25:50.369916,0 days 00:00:07.836937,0.4705531529081977,16,0.00010458890762387089,2,COMPLETE
167,0.18822972771802948,2026-01-16 22:25:50.383196,2026-01-16 22:25:58.477021,0 days 00:00:08.093825,0.47384750495890166,96,9.208676578868882e-05,2,COMPLETE
168,0.10133626725006266,2026-01-16 22:25:58.488364,2026-01-16 22:26:06.339958,0 days 00:00:07.851594,0.46407124466726923,16,7.202068144862888e-05,2,COMPLETE
169,0.10594375782199095,2026-01-16 22:26:06.351237,2026-01-16 22:26:14.273274,0 days 00:00:07.922037,0.480655626908768,16,0.0001486237177268626,2,COMPLETE
170,0.19120710833400006,2026-01-16 22:26:14.284768,2026-01-16 22:26:22.235674,0 days 00:00:07.950906,0.45399228187946655,32,0.00011523467591727387,2,COMPLETE
171,0.09919198845224479,2026-01-16 22:26:22.246409,2026-01-16 22:26:30.078578,0 days 00:00:07.832169,0.4626610841095836,16,0.00010375001589193434,2,COMPLETE
172,0.09937218310841972,2026-01-16 22:26:30.089902,2026-01-16 22:26:37.929851,0 days 00:00:07.839949,0.4648767404374624,16,9.973121203445014e-05,2,COMPLETE
173,0.09921813715075392,2026-01-16 22:26:37.941281,2026-01-16 22:26:45.953950,0 days 00:00:08.012669,0.2779255931776007,16,9.88831270265558e-05,2,COMPLETE
174,0.09955086775316235,2026-01-16 22:26:45.964622,2026-01-16 22:26:53.672746,0 days 00:00:07.708124,0.28262412522399527,16,9.666729414022124e-05,2,COMPLETE
175,0.10049405047348402,2026-01-16 22:26:53.684910,2026-01-16 22:27:01.532876,0 days 00:00:07.847966,0.27430832394848614,16,8.940228226907661e-05,2,COMPLETE
176,0.09909499442252408,2026-01-16 22:27:01.544361,2026-01-16 22:27:09.349595,0 days 00:00:07.805234,0.4736693728883945,16,0.0001019534127611975,2,COMPLETE
177,0.10118989061906566,2026-01-16 22:27:09.362257,2026-01-16 22:27:17.190399,0 days 00:00:07.828142,0.47220732152295425,16,8.159235954937145e-05,2,COMPLETE
178,0.09968284844621954,2026-01-16 22:27:17.201720,2026-01-16 22:27:25.220442,0 days 00:00:08.018722,0.47478696343169646,16,0.00012175548897145079,2,COMPLETE
179,0.09935601881195659,2026-01-16 22:27:25.231484,2026-01-16 22:27:33.111655,0 days 00:00:07.880171,0.24962264908597948,16,0.00010137137603961605,2,COMPLETE
180,0.10335700373355468,2026-01-16 22:27:33.123809,2026-01-16 22:27:40.818172,0 days 00:00:07.694363,0.18699765300415552,16,0.00013629477579234006,2,COMPLETE
181,0.09945064289358249,2026-01-16 22:27:40.829268,2026-01-16 22:27:48.985516,0 days 00:00:08.156248,0.2507039817555363,16,0.00010321479448903938,2,COMPLETE
182,0.10027245895928077,2026-01-16 22:27:48.996710,2026-01-16 22:27:56.880392,0 days 00:00:07.883682,0.2177046939671468,16,9.07918885574867e-05,2,COMPLETE
183,0.09930986933047811,2026-01-16 22:27:56.891300,2026-01-16 22:28:04.682560,0 days 00:00:07.791260,0.3012485417362569,16,0.00010182219240909043,2,COMPLETE
184,0.10002511257759003,2026-01-16 22:28:04.693421,2026-01-16 22:28:12.564420,0 days 00:00:07.870999,0.2296842091343888,16,0.00011503735045525624,2,COMPLETE
185,0.18957048958370704,2026-01-16 22:28:12.576106,2026-01-16 22:28:20.378290,0 days 00:00:07.802184,0.2653046385151755,64,0.00010395942326109874,2,COMPLETE
186,0.1009521150716334,2026-01-16 22:28:20.389360,2026-01-16 22:28:28.235695,0 days 00:00:07.846335,0.284717618486204,16,8.532928643226613e-05,2,COMPLETE
187,0.09990422014065244,2026-01-16 22:28:28.247740,2026-01-16 22:28:36.314568,0 days 00:00:08.066828,0.303509406841328,16,0.0001229169183268128,2,COMPLETE
188,0.10117815077948378,2026-01-16 22:28:36.326900,2026-01-16 22:28:44.085022,0 days 00:00:07.758122,0.25669062182195007,16,7.896218136414393e-05,2,COMPLETE
189,0.09973957260424056,2026-01-16 22:28:44.346047,2026-01-16 22:28:52.476150,0 days 00:00:08.130103,0.3293629510947555,16,9.550108100524826e-05,2,COMPLETE
190,0.09922523494055271,2026-01-16 22:28:52.486186,2026-01-16 22:29:00.253232,0 days 00:00:07.767046,0.4556281265618107,16,0.00010463192107403354,2,COMPLETE
191,0.09913559054309484,2026-01-16 22:29:00.263833,2026-01-16 22:29:08.210121,0 days 00:00:07.946288,0.45816706576936084,16,0.00010254963049249998,2,COMPLETE
192,0.09921402346083777,2026-01-16 22:29:08.220649,2026-01-16 22:29:16.225821,0 days 00:00:08.005172,0.4584720039967298,16,0.00010074699934676024,2,COMPLETE
193,0.1002496443460973,2026-01-16 22:29:16.236244,2026-01-16 22:29:23.984874,0 days 00:00:07.748630,0.29572747213860434,16,9.158501578829942e-05,2,COMPLETE
194,0.09940133673019097,2026-01-16 22:29:23.996049,2026-01-16 22:29:32.105940,0 days 00:00:08.109891,0.24420173548803042,16,0.00010247381205239755,2,COMPLETE
195,0.09965196794019172,2026-01-16 22:29:32.119187,2026-01-16 22:29:40.133779,0 days 00:00:08.014592,0.4579146755442787,16,0.00011635380000877985,2,COMPLETE
196,0.10099186482672239,2026-01-16 22:29:40.145072,2026-01-16 22:29:48.223908,0 days 00:00:08.078836,0.4449997658890603,16,8.569395173984081e-05,2,COMPLETE
197,0.09958830857191597,2026-01-16 22:29:48.235714,2026-01-16 22:29:56.272390,0 days 00:00:08.036676,0.48056222367948115,16,9.844597666227285e-05,2,COMPLETE
198,0.09984150579942325,2026-01-16 22:29:56.283736,2026-01-16 22:30:04.246043,0 days 00:00:07.962307,0.4276420449880018,16,0.00012413831360766914,2,COMPLETE
199,0.10125253514874034,2026-01-16 22:30:04.260533,2026-01-16 22:30:12.201312,0 days 00:00:07.940779,0.435060782693676,16,7.744049341971293e-05,2,COMPLETE
