number,value,datetime_start,datetime_complete,duration,params_dropout,params_hidden_size,params_learning_rate,params_n_layers,state
155,0.16297679075775653,2026-01-17 19:05:38.944832,2026-01-17 19:05:48.660422,0 days 00:00:09.715590,,16,0.00015646321638538988,1,COMPLETE
156,0.1628709387998361,2026-01-17 19:05:49.364215,2026-01-17 19:05:59.452621,0 days 00:00:10.088406,,16,0.00015578810002824526,1,COMPLETE
157,0.1635948644300457,2026-01-17 19:05:59.792861,2026-01-17 19:06:09.568416,0 days 00:00:09.775555,,16,0.00015806867109342105,1,COMPLETE
158,0.2147446514019723,2026-01-17 19:06:10.212513,2026-01-17 19:06:19.928833,0 days 00:00:09.716320,,96,0.00017271775718071962,1,COMPLETE
159,0.25846572259365064,2026-01-17 19:06:20.634431,2026-01-17 19:06:30.605109,0 days 00:00:09.970678,,16,2.1133333353126735e-05,1,COMPLETE
160,0.2275629351853367,2026-01-17 19:06:31.064153,2026-01-17 19:06:40.697352,0 days 00:00:09.633199,,64,0.00026331590146565724,1,COMPLETE
161,0.1636461590438571,2026-01-17 19:06:41.490656,2026-01-17 19:06:51.113784,0 days 00:00:09.623128,,16,0.00015269543632360905,1,COMPLETE
162,0.16405309112032193,2026-01-17 19:06:51.907129,2026-01-17 19:07:01.865399,0 days 00:00:09.958270,,16,0.00018795176366925596,1,COMPLETE
163,0.1653568220936972,2026-01-17 19:07:02.711979,2026-01-17 19:07:12.502125,0 days 00:00:09.790146,,16,0.00021111306067982138,1,COMPLETE
164,0.16323903475909912,2026-01-17 19:07:13.144291,2026-01-17 19:07:22.790950,0 days 00:00:09.646659,,16,0.00017055877859524832,1,COMPLETE
165,0.16324839197050406,2026-01-17 19:07:23.575445,2026-01-17 19:07:33.299188,0 days 00:00:09.723743,,16,0.00012832260621980918,1,COMPLETE
166,0.16364780865938647,2026-01-17 19:07:34.006054,2026-01-17 19:07:43.687289,0 days 00:00:09.681235,,16,0.0001529778593280408,1,COMPLETE
167,0.16386823347399151,2026-01-17 19:07:44.437965,2026-01-17 19:07:54.025595,0 days 00:00:09.587630,,16,0.00011489450829440067,1,COMPLETE
168,0.16341585548413168,2026-01-17 19:07:54.880685,2026-01-17 19:08:04.828798,0 days 00:00:09.948113,,16,0.00013123170431181147,1,COMPLETE
169,0.23379868511515892,2026-01-17 19:08:05.316864,2026-01-17 19:08:15.227121,0 days 00:00:09.910257,,128,0.0001843189493759357,1,COMPLETE
170,0.16312350251950195,2026-01-17 19:08:15.756653,2026-01-17 19:08:25.423646,0 days 00:00:09.666993,,16,0.00016622882549950966,1,COMPLETE
171,0.16299578188943126,2026-01-17 19:08:26.198628,2026-01-17 19:08:36.083061,0 days 00:00:09.884433,,16,0.0001460379255316891,1,COMPLETE
172,0.16301670810422203,2026-01-17 19:08:36.639361,2026-01-17 19:08:46.319232,0 days 00:00:09.679871,,16,0.00014426569680378934,1,COMPLETE
173,0.1630247775492798,2026-01-17 19:08:47.085771,2026-01-17 19:08:56.781373,0 days 00:00:09.695602,,16,0.0001502229891897596,1,COMPLETE
174,0.16329698233052334,2026-01-17 19:08:57.521095,2026-01-17 19:09:07.371386,0 days 00:00:09.850291,,16,0.00014841864283310588,1,COMPLETE
175,0.16329682905352091,2026-01-17 19:09:07.953589,2026-01-17 19:09:17.665113,0 days 00:00:09.711524,,16,0.00014857705710875625,1,COMPLETE
176,0.16356517367022447,2026-01-17 19:09:18.386283,2026-01-17 19:09:28.129795,0 days 00:00:09.743512,,16,0.00012143215693546275,1,COMPLETE
177,0.17323002920527547,2026-01-17 19:09:28.824508,2026-01-17 19:09:38.736376,0 days 00:00:09.911868,,32,0.0001355852871919747,1,COMPLETE
178,0.1645773662728435,2026-01-17 19:09:39.267328,2026-01-17 19:09:48.960369,0 days 00:00:09.693041,,16,0.0001957224627007555,1,COMPLETE
179,0.16773594068392828,2026-01-17 19:09:49.704817,2026-01-17 19:09:59.544350,0 days 00:00:09.839533,0.25633468178253205,16,0.0001588654828631619,2,COMPLETE
180,0.16359427338444402,2026-01-17 19:10:00.154897,2026-01-17 19:10:10.271743,0 days 00:00:10.116846,,16,0.00017597328892905698,1,COMPLETE
181,0.1629532614168344,2026-01-17 19:10:10.599546,2026-01-17 19:10:20.386438,0 days 00:00:09.786892,,16,0.00016210584222234092,1,COMPLETE
182,0.1629954830766001,2026-01-17 19:10:21.038224,2026-01-17 19:10:30.904816,0 days 00:00:09.866592,,16,0.0001420698749247396,1,COMPLETE
183,0.1628792181532352,2026-01-17 19:10:31.479806,2026-01-17 19:10:41.549357,0 days 00:00:10.069551,,16,0.00015730706787351841,1,COMPLETE
184,0.16346730055653869,2026-01-17 19:10:41.559702,2026-01-17 19:10:51.337471,0 days 00:00:09.777769,,16,0.00018052991388818775,1,COMPLETE
185,0.16398487904599215,2026-01-17 19:10:52.173513,2026-01-17 19:11:01.850060,0 days 00:00:09.676547,,16,0.0002055622994864952,1,COMPLETE
186,0.16336838914454926,2026-01-17 19:11:02.609169,2026-01-17 19:11:12.682489,0 days 00:00:10.073320,,16,0.00016575113474891323,1,COMPLETE
187,0.16341635311176275,2026-01-17 19:11:13.047353,2026-01-17 19:11:22.806792,0 days 00:00:09.759439,,16,0.00013729506737330147,1,COMPLETE
188,0.16362404997596117,2026-01-17 19:11:23.476628,2026-01-17 19:11:33.132549,0 days 00:00:09.655921,,16,0.00012352512264706924,1,COMPLETE
189,0.16336331103030907,2026-01-17 19:11:33.907674,2026-01-17 19:11:43.631730,0 days 00:00:09.724056,,16,0.0001597799769320846,1,COMPLETE
190,0.25840167860488117,2026-01-17 19:11:44.330574,2026-01-17 19:11:54.478628,0 days 00:00:10.148054,,16,0.0005874394566727196,1,COMPLETE
191,0.16312314060609334,2026-01-17 19:11:54.772183,2026-01-17 19:12:04.487193,0 days 00:00:09.715010,,16,0.0001570384801290794,1,COMPLETE
192,0.1630653646225005,2026-01-17 19:12:05.204254,2026-01-17 19:12:15.028766,0 days 00:00:09.824512,,16,0.0001473274750537223,1,COMPLETE
193,0.1631129818627075,2026-01-17 19:12:15.641246,2026-01-17 19:12:25.773215,0 days 00:00:10.131969,,16,0.00013173004928018997,1,COMPLETE
194,0.16409708623172814,2026-01-17 19:12:26.088068,2026-01-17 19:12:35.736069,0 days 00:00:09.648001,,16,0.00018528852165889615,1,COMPLETE
195,0.16536100360447017,2026-01-17 19:12:36.523545,2026-01-17 19:12:47.010906,0 days 00:00:10.487361,0.19721678879266047,16,0.0001473440971242176,3,COMPLETE
196,0.1633666558772445,2026-01-17 19:12:47.020740,2026-01-17 19:12:57.173892,0 days 00:00:10.153152,,16,0.00017213609332348935,1,COMPLETE
197,0.18378422705965466,2026-01-17 19:12:57.467764,2026-01-17 19:13:07.293146,0 days 00:00:09.825382,,64,0.0001121969066026866,1,COMPLETE
198,0.21416146454865495,2026-01-17 19:13:07.909597,2026-01-17 19:13:17.668201,0 days 00:00:09.758604,,96,0.0001570935730332714,1,COMPLETE
199,0.16311636256813977,2026-01-17 19:13:18.347995,2026-01-17 19:13:28.403892,0 days 00:00:10.055897,,16,0.00013468660223175645,1,COMPLETE
